Experiment: np-default-np
Total number of parameters: 232194

np:default-np step 200 lr 5.000e-04 [train_loss] loss 0.6602 (2.321 secs)
np:default-np step 400 lr 5.000e-04 [train_loss] loss 0.5436 (1.660 secs)
np:default-np step 600 lr 5.000e-04 [train_loss] loss 0.5160 (1.832 secs)
np:default-np step 800 lr 4.999e-04 [train_loss] loss 0.5465 (1.713 secs)
np:default-np step 1000 lr 4.999e-04 [train_loss] loss 0.5106 (1.652 secs)
np:default-np step 1200 lr 4.998e-04 [train_loss] loss 0.4681 (1.785 secs)
np:default-np step 1400 lr 4.998e-04 [train_loss] loss 0.4284 (1.722 secs)
np:default-np step 1600 lr 4.997e-04 [train_loss] loss 0.4020 (1.957 secs)
np:default-np step 1800 lr 4.996e-04 [train_loss] loss 0.4333 (2.519 secs)
np:default-np step 2000 lr 4.995e-04 [train_loss] loss 0.4271 (2.586 secs)
np:default-np step 2200 lr 4.994e-04 [train_loss] loss 0.4045 (2.459 secs)
np:default-np step 2400 lr 4.993e-04 [train_loss] loss 0.3923 (1.867 secs)
np:default-np step 2600 lr 4.992e-04 [train_loss] loss 0.4048 (1.994 secs)
np:default-np step 2800 lr 4.990e-04 [train_loss] loss 0.3824 (2.015 secs)
np:default-np step 3000 lr 4.989e-04 [train_loss] loss 0.3100 (2.404 secs)
np:default-np step 3200 lr 4.987e-04 [train_loss] loss 0.3435 (2.381 secs)
np:default-np step 3400 lr 4.986e-04 [train_loss] loss 0.3251 (2.021 secs)
np:default-np step 3600 lr 4.984e-04 [train_loss] loss 0.3202 (1.605 secs)
np:default-np step 3800 lr 4.982e-04 [train_loss] loss 0.2998 (1.646 secs)
np:default-np step 4000 lr 4.980e-04 [train_loss] loss 0.3037 (1.672 secs)
np:default-np step 4200 lr 4.978e-04 [train_loss] loss 0.2850 (1.700 secs)
np:default-np step 4400 lr 4.976e-04 [train_loss] loss 0.2732 (1.646 secs)
np:default-np step 4600 lr 4.974e-04 [train_loss] loss 0.2868 (1.978 secs)
np:default-np step 4800 lr 4.972e-04 [train_loss] loss 0.2759 (1.926 secs)
np:default-np step 5000 lr 4.969e-04 [train_loss] loss 0.2376 (1.998 secs)
np:default-np rbf ctx_ll -0.1299 tar_ll -0.3899 (6.061 secs)

np:default-np step 5200 lr 4.967e-04 [train_loss] loss 0.2318 (2.138 secs)
np:default-np step 5400 lr 4.964e-04 [train_loss] loss 0.2327 (1.932 secs)
np:default-np step 5600 lr 4.961e-04 [train_loss] loss 0.2182 (2.256 secs)
np:default-np step 5800 lr 4.959e-04 [train_loss] loss 0.2234 (2.808 secs)
np:default-np step 6000 lr 4.956e-04 [train_loss] loss 0.2093 (2.562 secs)
np:default-np step 6200 lr 4.953e-04 [train_loss] loss 0.2108 (2.639 secs)
np:default-np step 6400 lr 4.950e-04 [train_loss] loss 0.1816 (2.478 secs)
np:default-np step 6600 lr 4.946e-04 [train_loss] loss 0.1397 (3.338 secs)
np:default-np step 6800 lr 4.943e-04 [train_loss] loss 0.1485 (2.833 secs)
np:default-np step 7000 lr 4.940e-04 [train_loss] loss 0.1410 (1.938 secs)
np:default-np step 7200 lr 4.936e-04 [train_loss] loss 0.1383 (1.740 secs)
np:default-np step 7400 lr 4.933e-04 [train_loss] loss 0.1614 (1.675 secs)
np:default-np step 7600 lr 4.929e-04 [train_loss] loss 0.1492 (1.668 secs)
np:default-np step 7800 lr 4.925e-04 [train_loss] loss 0.1169 (1.729 secs)
np:default-np step 8000 lr 4.921e-04 [train_loss] loss 0.1450 (1.751 secs)
np:default-np step 8200 lr 4.918e-04 [train_loss] loss 0.1297 (1.762 secs)
np:default-np step 8400 lr 4.913e-04 [train_loss] loss 0.1071 (1.693 secs)
np:default-np step 8600 lr 4.909e-04 [train_loss] loss 0.1092 (1.797 secs)
np:default-np step 8800 lr 4.905e-04 [train_loss] loss 0.1055 (1.791 secs)
np:default-np step 9000 lr 4.901e-04 [train_loss] loss 0.0978 (1.625 secs)
np:default-np step 9200 lr 4.896e-04 [train_loss] loss 0.0985 (1.666 secs)
np:default-np step 9400 lr 4.892e-04 [train_loss] loss 0.0891 (1.696 secs)
np:default-np step 9600 lr 4.887e-04 [train_loss] loss 0.0706 (1.741 secs)
np:default-np step 9800 lr 4.882e-04 [train_loss] loss 0.0592 (1.840 secs)
np:default-np step 10000 lr 4.878e-04 [train_loss] loss 0.0370 (1.668 secs)
np:default-np rbf ctx_ll 0.0465 tar_ll -0.2149 (5.075 secs)

np:default-np step 10200 lr 4.873e-04 [train_loss] loss 0.0585 (1.819 secs)
np:default-np step 10400 lr 4.868e-04 [train_loss] loss 0.0707 (1.762 secs)
np:default-np step 10600 lr 4.863e-04 [train_loss] loss 0.0309 (1.903 secs)
np:default-np step 10800 lr 4.857e-04 [train_loss] loss 0.0234 (1.946 secs)
np:default-np step 11000 lr 4.852e-04 [train_loss] loss 0.0357 (1.755 secs)
np:default-np step 11200 lr 4.847e-04 [train_loss] loss 0.0621 (1.691 secs)
np:default-np step 11400 lr 4.841e-04 [train_loss] loss 0.0517 (1.672 secs)
np:default-np step 11600 lr 4.836e-04 [train_loss] loss 0.0508 (1.561 secs)
np:default-np step 11800 lr 4.830e-04 [train_loss] loss 0.0502 (1.589 secs)
np:default-np step 12000 lr 4.824e-04 [train_loss] loss 0.0513 (1.754 secs)
np:default-np step 12200 lr 4.819e-04 [train_loss] loss 0.0065 (1.776 secs)
np:default-np step 12400 lr 4.813e-04 [train_loss] loss 0.0318 (1.810 secs)
np:default-np step 12600 lr 4.807e-04 [train_loss] loss 0.0282 (1.785 secs)
np:default-np step 12800 lr 4.801e-04 [train_loss] loss 0.0123 (1.744 secs)
np:default-np step 13000 lr 4.794e-04 [train_loss] loss -0.0056 (1.567 secs)
np:default-np step 13200 lr 4.788e-04 [train_loss] loss -0.0033 (1.643 secs)
np:default-np step 13400 lr 4.782e-04 [train_loss] loss -0.0277 (1.604 secs)
np:default-np step 13600 lr 4.775e-04 [train_loss] loss -0.0142 (1.739 secs)
np:default-np step 13800 lr 4.769e-04 [train_loss] loss 0.0105 (1.679 secs)
np:default-np step 14000 lr 4.762e-04 [train_loss] loss -0.0053 (1.693 secs)
np:default-np step 14200 lr 4.755e-04 [train_loss] loss -0.0108 (1.861 secs)
np:default-np step 14400 lr 4.749e-04 [train_loss] loss -0.0683 (1.832 secs)
np:default-np step 14600 lr 4.742e-04 [train_loss] loss -0.0366 (1.814 secs)
np:default-np step 14800 lr 4.735e-04 [train_loss] loss -0.0133 (1.986 secs)
np:default-np step 15000 lr 4.728e-04 [train_loss] loss -0.0431 (1.827 secs)
np:default-np rbf ctx_ll 0.2228 tar_ll -0.1231 (5.173 secs)

np:default-np step 15200 lr 4.720e-04 [train_loss] loss -0.0346 (1.718 secs)
np:default-np step 15400 lr 4.713e-04 [train_loss] loss -0.0273 (1.624 secs)
np:default-np step 15600 lr 4.706e-04 [train_loss] loss -0.0513 (1.797 secs)
np:default-np step 15800 lr 4.698e-04 [train_loss] loss -0.0380 (1.739 secs)
np:default-np step 16000 lr 4.691e-04 [train_loss] loss -0.0502 (1.562 secs)
np:default-np step 16200 lr 4.683e-04 [train_loss] loss -0.0546 (1.674 secs)
np:default-np step 16400 lr 4.675e-04 [train_loss] loss -0.0879 (1.688 secs)
np:default-np step 16600 lr 4.668e-04 [train_loss] loss -0.0397 (1.683 secs)
np:default-np step 16800 lr 4.660e-04 [train_loss] loss -0.0692 (1.700 secs)
np:default-np step 17000 lr 4.652e-04 [train_loss] loss -0.0720 (1.709 secs)
np:default-np step 17200 lr 4.644e-04 [train_loss] loss -0.0708 (1.658 secs)
np:default-np step 17400 lr 4.636e-04 [train_loss] loss -0.0541 (1.771 secs)
np:default-np step 17600 lr 4.627e-04 [train_loss] loss -0.0399 (1.784 secs)
np:default-np step 17800 lr 4.619e-04 [train_loss] loss -0.0758 (2.011 secs)
np:default-np step 18000 lr 4.611e-04 [train_loss] loss -0.0805 (1.937 secs)
np:default-np step 18200 lr 4.602e-04 [train_loss] loss -0.0814 (1.916 secs)
np:default-np step 18400 lr 4.594e-04 [train_loss] loss -0.0612 (1.742 secs)
np:default-np step 18600 lr 4.585e-04 [train_loss] loss -0.0708 (1.775 secs)
np:default-np step 18800 lr 4.576e-04 [train_loss] loss -0.1083 (1.612 secs)
np:default-np step 19000 lr 4.568e-04 [train_loss] loss -0.1199 (1.600 secs)
np:default-np step 19200 lr 4.559e-04 [train_loss] loss -0.1370 (1.700 secs)
np:default-np step 19400 lr 4.550e-04 [train_loss] loss -0.1141 (1.822 secs)
np:default-np step 19600 lr 4.541e-04 [train_loss] loss -0.1059 (1.638 secs)
np:default-np step 19800 lr 4.532e-04 [train_loss] loss -0.1258 (2.073 secs)
np:default-np step 20000 lr 4.523e-04 [train_loss] loss -0.0918 (2.231 secs)
np:default-np rbf ctx_ll 0.2995 tar_ll -0.0485 (4.988 secs)

np:default-np step 20200 lr 4.513e-04 [train_loss] loss -0.1172 (2.049 secs)
np:default-np step 20400 lr 4.504e-04 [train_loss] loss -0.0995 (1.884 secs)
np:default-np step 20600 lr 4.494e-04 [train_loss] loss -0.1261 (1.807 secs)
np:default-np step 20800 lr 4.485e-04 [train_loss] loss -0.1137 (1.757 secs)
np:default-np step 21000 lr 4.475e-04 [train_loss] loss -0.1334 (1.692 secs)
np:default-np step 21200 lr 4.466e-04 [train_loss] loss -0.1044 (1.684 secs)
np:default-np step 21400 lr 4.456e-04 [train_loss] loss -0.1101 (1.720 secs)
np:default-np step 21600 lr 4.446e-04 [train_loss] loss -0.1300 (1.559 secs)
np:default-np step 21800 lr 4.436e-04 [train_loss] loss -0.1249 (1.629 secs)
np:default-np step 22000 lr 4.426e-04 [train_loss] loss -0.1569 (1.675 secs)
np:default-np step 22200 lr 4.416e-04 [train_loss] loss -0.1139 (1.657 secs)
np:default-np step 22400 lr 4.406e-04 [train_loss] loss -0.1367 (1.590 secs)
np:default-np step 22600 lr 4.396e-04 [train_loss] loss -0.1598 (1.628 secs)
np:default-np step 22800 lr 4.386e-04 [train_loss] loss -0.1659 (1.717 secs)
np:default-np step 23000 lr 4.375e-04 [train_loss] loss -0.1442 (1.740 secs)
np:default-np step 23200 lr 4.365e-04 [train_loss] loss -0.1402 (2.228 secs)
np:default-np step 23400 lr 4.354e-04 [train_loss] loss -0.1191 (2.376 secs)
np:default-np step 23600 lr 4.344e-04 [train_loss] loss -0.1436 (2.504 secs)
np:default-np step 23800 lr 4.333e-04 [train_loss] loss -0.1449 (2.307 secs)
np:default-np step 24000 lr 4.322e-04 [train_loss] loss -0.1826 (1.832 secs)
np:default-np step 24200 lr 4.312e-04 [train_loss] loss -0.1737 (1.625 secs)
np:default-np step 24400 lr 4.301e-04 [train_loss] loss -0.1698 (1.628 secs)
np:default-np step 24600 lr 4.290e-04 [train_loss] loss -0.1743 (1.962 secs)
np:default-np step 24800 lr 4.279e-04 [train_loss] loss -0.1575 (1.918 secs)
np:default-np step 25000 lr 4.268e-04 [train_loss] loss -0.1562 (1.735 secs)
np:default-np rbf ctx_ll 0.3587 tar_ll -0.0038 (5.109 secs)

np:default-np step 25200 lr 4.257e-04 [train_loss] loss -0.1774 (1.746 secs)
np:default-np step 25400 lr 4.245e-04 [train_loss] loss -0.1766 (1.598 secs)
np:default-np step 25600 lr 4.234e-04 [train_loss] loss -0.1834 (1.582 secs)
np:default-np step 25800 lr 4.223e-04 [train_loss] loss -0.1947 (1.620 secs)
np:default-np step 26000 lr 4.211e-04 [train_loss] loss -0.1829 (1.622 secs)
np:default-np step 26200 lr 4.200e-04 [train_loss] loss -0.1871 (1.952 secs)
np:default-np step 26400 lr 4.188e-04 [train_loss] loss -0.1856 (1.819 secs)
np:default-np step 26600 lr 4.177e-04 [train_loss] loss -0.1696 (1.704 secs)
np:default-np step 26800 lr 4.165e-04 [train_loss] loss -0.1742 (2.215 secs)
np:default-np step 27000 lr 4.153e-04 [train_loss] loss -0.1432 (2.384 secs)
np:default-np step 27200 lr 4.141e-04 [train_loss] loss -0.1801 (2.493 secs)
np:default-np step 27400 lr 4.130e-04 [train_loss] loss -0.1614 (2.692 secs)
np:default-np step 27600 lr 4.118e-04 [train_loss] loss -0.2012 (2.433 secs)
np:default-np step 27800 lr 4.106e-04 [train_loss] loss -0.1892 (2.127 secs)
np:default-np step 28000 lr 4.094e-04 [train_loss] loss -0.2186 (2.233 secs)
np:default-np step 28200 lr 4.081e-04 [train_loss] loss -0.1983 (2.186 secs)
np:default-np step 28400 lr 4.069e-04 [train_loss] loss -0.1832 (1.967 secs)
np:default-np step 28600 lr 4.057e-04 [train_loss] loss -0.2251 (1.617 secs)
np:default-np step 28800 lr 4.045e-04 [train_loss] loss -0.2731 (1.701 secs)
np:default-np step 29000 lr 4.032e-04 [train_loss] loss -0.1847 (1.666 secs)
np:default-np step 29200 lr 4.020e-04 [train_loss] loss -0.2222 (1.685 secs)
np:default-np step 29400 lr 4.007e-04 [train_loss] loss -0.2164 (1.601 secs)
np:default-np step 29600 lr 3.995e-04 [train_loss] loss -0.2388 (1.666 secs)
np:default-np step 29800 lr 3.982e-04 [train_loss] loss -0.2567 (1.639 secs)
np:default-np step 30000 lr 3.969e-04 [train_loss] loss -0.2148 (1.802 secs)
np:default-np rbf ctx_ll 0.4005 tar_ll 0.0465 (5.326 secs)

np:default-np step 30200 lr 3.957e-04 [train_loss] loss -0.2106 (1.645 secs)
np:default-np step 30400 lr 3.944e-04 [train_loss] loss -0.2190 (1.664 secs)
np:default-np step 30600 lr 3.931e-04 [train_loss] loss -0.2232 (1.632 secs)
np:default-np step 30800 lr 3.918e-04 [train_loss] loss -0.2221 (2.092 secs)
np:default-np step 31000 lr 3.905e-04 [train_loss] loss -0.2456 (1.732 secs)
np:default-np step 31200 lr 3.892e-04 [train_loss] loss -0.2239 (2.483 secs)
np:default-np step 31400 lr 3.879e-04 [train_loss] loss -0.2800 (1.871 secs)
np:default-np step 31600 lr 3.866e-04 [train_loss] loss -0.2332 (2.093 secs)
np:default-np step 31800 lr 3.853e-04 [train_loss] loss -0.2664 (1.800 secs)
np:default-np step 32000 lr 3.840e-04 [train_loss] loss -0.1933 (1.693 secs)
np:default-np step 32200 lr 3.826e-04 [train_loss] loss -0.2283 (1.913 secs)
np:default-np step 32400 lr 3.813e-04 [train_loss] loss -0.2558 (2.161 secs)
np:default-np step 32600 lr 3.800e-04 [train_loss] loss -0.2609 (2.159 secs)
np:default-np step 32800 lr 3.786e-04 [train_loss] loss -0.2744 (2.616 secs)
np:default-np step 33000 lr 3.773e-04 [train_loss] loss -0.2375 (2.051 secs)
np:default-np step 33200 lr 3.759e-04 [train_loss] loss -0.2481 (1.593 secs)
np:default-np step 33400 lr 3.745e-04 [train_loss] loss -0.2371 (1.637 secs)
np:default-np step 33600 lr 3.732e-04 [train_loss] loss -0.2488 (1.674 secs)
np:default-np step 33800 lr 3.718e-04 [train_loss] loss -0.2754 (1.643 secs)
np:default-np step 34000 lr 3.704e-04 [train_loss] loss -0.2682 (1.783 secs)
np:default-np step 34200 lr 3.691e-04 [train_loss] loss -0.2892 (1.734 secs)
np:default-np step 34400 lr 3.677e-04 [train_loss] loss -0.2387 (2.150 secs)
np:default-np step 34600 lr 3.663e-04 [train_loss] loss -0.2428 (2.619 secs)
np:default-np step 34800 lr 3.649e-04 [train_loss] loss -0.2614 (2.254 secs)
np:default-np step 35000 lr 3.635e-04 [train_loss] loss -0.2665 (2.337 secs)
np:default-np rbf ctx_ll 0.4744 tar_ll 0.0970 (5.425 secs)

np:default-np step 35200 lr 3.621e-04 [train_loss] loss -0.2796 (2.001 secs)
np:default-np step 35400 lr 3.607e-04 [train_loss] loss -0.2841 (2.351 secs)
np:default-np step 35600 lr 3.593e-04 [train_loss] loss -0.2747 (1.971 secs)
np:default-np step 35800 lr 3.579e-04 [train_loss] loss -0.2704 (2.071 secs)
np:default-np step 36000 lr 3.564e-04 [train_loss] loss -0.2984 (1.828 secs)
np:default-np step 36200 lr 3.550e-04 [train_loss] loss -0.2876 (2.171 secs)
np:default-np step 36400 lr 3.536e-04 [train_loss] loss -0.2763 (1.931 secs)
np:default-np step 36600 lr 3.522e-04 [train_loss] loss -0.3205 (1.875 secs)
np:default-np step 36800 lr 3.507e-04 [train_loss] loss -0.2718 (2.795 secs)
np:default-np step 37000 lr 3.493e-04 [train_loss] loss -0.3027 (2.880 secs)
np:default-np step 37200 lr 3.478e-04 [train_loss] loss -0.2840 (2.370 secs)
np:default-np step 37400 lr 3.464e-04 [train_loss] loss -0.2960 (2.217 secs)
np:default-np step 37600 lr 3.449e-04 [train_loss] loss -0.2672 (2.643 secs)
np:default-np step 37800 lr 3.435e-04 [train_loss] loss -0.2922 (2.825 secs)
np:default-np step 38000 lr 3.420e-04 [train_loss] loss -0.3060 (2.474 secs)
np:default-np step 38200 lr 3.406e-04 [train_loss] loss -0.2755 (2.637 secs)
np:default-np step 38400 lr 3.391e-04 [train_loss] loss -0.2980 (2.357 secs)
np:default-np step 38600 lr 3.376e-04 [train_loss] loss -0.2998 (2.496 secs)
np:default-np step 38800 lr 3.362e-04 [train_loss] loss -0.3081 (2.501 secs)
np:default-np step 39000 lr 3.347e-04 [train_loss] loss -0.3302 (2.380 secs)
np:default-np step 39200 lr 3.332e-04 [train_loss] loss -0.3181 (3.045 secs)
np:default-np step 39400 lr 3.317e-04 [train_loss] loss -0.2887 (2.592 secs)
np:default-np step 39600 lr 3.302e-04 [train_loss] loss -0.3468 (2.771 secs)
np:default-np step 39800 lr 3.287e-04 [train_loss] loss -0.3207 (2.250 secs)
np:default-np step 40000 lr 3.273e-04 [train_loss] loss -0.3260 (1.750 secs)
np:default-np rbf ctx_ll 0.5160 tar_ll 0.1038 (5.107 secs)

np:default-np step 40200 lr 3.258e-04 [train_loss] loss -0.2977 (1.661 secs)
np:default-np step 40400 lr 3.243e-04 [train_loss] loss -0.3199 (1.700 secs)
np:default-np step 40600 lr 3.228e-04 [train_loss] loss -0.3139 (1.764 secs)
np:default-np step 40800 lr 3.213e-04 [train_loss] loss -0.2940 (1.643 secs)
np:default-np step 41000 lr 3.197e-04 [train_loss] loss -0.3085 (1.748 secs)
np:default-np step 41200 lr 3.182e-04 [train_loss] loss -0.3034 (1.618 secs)
np:default-np step 41400 lr 3.167e-04 [train_loss] loss -0.3042 (2.348 secs)
np:default-np step 41600 lr 3.152e-04 [train_loss] loss -0.2869 (2.845 secs)
np:default-np step 41800 lr 3.137e-04 [train_loss] loss -0.3214 (2.372 secs)
np:default-np step 42000 lr 3.122e-04 [train_loss] loss -0.3183 (2.724 secs)
np:default-np step 42200 lr 3.106e-04 [train_loss] loss -0.2899 (2.331 secs)
np:default-np step 42400 lr 3.091e-04 [train_loss] loss -0.3263 (2.205 secs)
np:default-np step 42600 lr 3.076e-04 [train_loss] loss -0.3068 (1.655 secs)
np:default-np step 42800 lr 3.061e-04 [train_loss] loss -0.3140 (1.626 secs)
np:default-np step 43000 lr 3.045e-04 [train_loss] loss -0.3283 (1.701 secs)
np:default-np step 43200 lr 3.030e-04 [train_loss] loss -0.3479 (1.724 secs)
np:default-np step 43400 lr 3.015e-04 [train_loss] loss -0.3680 (1.640 secs)
np:default-np step 43600 lr 2.999e-04 [train_loss] loss -0.3272 (1.703 secs)
np:default-np step 43800 lr 2.984e-04 [train_loss] loss -0.3661 (1.705 secs)
np:default-np step 44000 lr 2.968e-04 [train_loss] loss -0.3340 (2.085 secs)
np:default-np step 44200 lr 2.953e-04 [train_loss] loss -0.3577 (1.916 secs)
np:default-np step 44400 lr 2.938e-04 [train_loss] loss -0.3469 (1.604 secs)
np:default-np step 44600 lr 2.922e-04 [train_loss] loss -0.3241 (1.776 secs)
np:default-np step 44800 lr 2.907e-04 [train_loss] loss -0.3818 (1.746 secs)
np:default-np step 45000 lr 2.891e-04 [train_loss] loss -0.2766 (1.819 secs)
np:default-np rbf ctx_ll 0.5183 tar_ll 0.1375 (5.127 secs)

np:default-np step 45200 lr 2.876e-04 [train_loss] loss -0.3506 (1.778 secs)
np:default-np step 45400 lr 2.860e-04 [train_loss] loss -0.3239 (1.730 secs)
np:default-np step 45600 lr 2.844e-04 [train_loss] loss -0.3501 (1.705 secs)
np:default-np step 45800 lr 2.829e-04 [train_loss] loss -0.3006 (1.602 secs)
np:default-np step 46000 lr 2.813e-04 [train_loss] loss -0.3958 (1.659 secs)
np:default-np step 46200 lr 2.798e-04 [train_loss] loss -0.3169 (1.752 secs)
np:default-np step 46400 lr 2.782e-04 [train_loss] loss -0.3397 (1.699 secs)
np:default-np step 46600 lr 2.767e-04 [train_loss] loss -0.3957 (1.614 secs)
np:default-np step 46800 lr 2.751e-04 [train_loss] loss -0.3142 (2.220 secs)
np:default-np step 47000 lr 2.735e-04 [train_loss] loss -0.3308 (2.412 secs)
np:default-np step 47200 lr 2.720e-04 [train_loss] loss -0.3304 (2.605 secs)
np:default-np step 47400 lr 2.704e-04 [train_loss] loss -0.3925 (2.546 secs)
np:default-np step 47600 lr 2.688e-04 [train_loss] loss -0.3581 (2.395 secs)
np:default-np step 47800 lr 2.673e-04 [train_loss] loss -0.3590 (2.471 secs)
np:default-np step 48000 lr 2.657e-04 [train_loss] loss -0.3354 (2.348 secs)
np:default-np step 48200 lr 2.641e-04 [train_loss] loss -0.3657 (2.241 secs)
np:default-np step 48400 lr 2.626e-04 [train_loss] loss -0.3834 (2.298 secs)
np:default-np step 48600 lr 2.610e-04 [train_loss] loss -0.3837 (2.050 secs)
np:default-np step 48800 lr 2.594e-04 [train_loss] loss -0.3498 (2.242 secs)
np:default-np step 49000 lr 2.579e-04 [train_loss] loss -0.3419 (2.104 secs)
np:default-np step 49200 lr 2.563e-04 [train_loss] loss -0.3981 (1.700 secs)
np:default-np step 49400 lr 2.547e-04 [train_loss] loss -0.3784 (1.665 secs)
np:default-np step 49600 lr 2.531e-04 [train_loss] loss -0.3427 (1.938 secs)
np:default-np step 49800 lr 2.516e-04 [train_loss] loss -0.3786 (2.040 secs)
np:default-np step 50000 lr 2.500e-04 [train_loss] loss -0.3560 (2.043 secs)
np:default-np rbf ctx_ll 0.5760 tar_ll 0.1825 (5.450 secs)

np:default-np step 50200 lr 2.484e-04 [train_loss] loss -0.4213 (1.982 secs)
np:default-np step 50400 lr 2.469e-04 [train_loss] loss -0.4139 (1.720 secs)
np:default-np step 50600 lr 2.453e-04 [train_loss] loss -0.3820 (1.731 secs)
np:default-np step 50800 lr 2.437e-04 [train_loss] loss -0.3493 (1.739 secs)
np:default-np step 51000 lr 2.421e-04 [train_loss] loss -0.4087 (1.641 secs)
np:default-np step 51200 lr 2.406e-04 [train_loss] loss -0.3665 (1.614 secs)
np:default-np step 51400 lr 2.390e-04 [train_loss] loss -0.3853 (1.966 secs)
np:default-np step 51600 lr 2.374e-04 [train_loss] loss -0.3608 (1.627 secs)
np:default-np step 51800 lr 2.359e-04 [train_loss] loss -0.3855 (1.685 secs)
np:default-np step 52000 lr 2.343e-04 [train_loss] loss -0.3946 (1.559 secs)
np:default-np step 52200 lr 2.327e-04 [train_loss] loss -0.4239 (1.700 secs)
np:default-np step 52400 lr 2.312e-04 [train_loss] loss -0.3859 (2.208 secs)
np:default-np step 52600 lr 2.296e-04 [train_loss] loss -0.4179 (2.596 secs)
np:default-np step 52800 lr 2.280e-04 [train_loss] loss -0.3851 (1.786 secs)
np:default-np step 53000 lr 2.265e-04 [train_loss] loss -0.3734 (1.801 secs)
np:default-np step 53200 lr 2.249e-04 [train_loss] loss -0.4111 (1.682 secs)
np:default-np step 53400 lr 2.233e-04 [train_loss] loss -0.3918 (1.883 secs)
np:default-np step 53600 lr 2.218e-04 [train_loss] loss -0.3826 (2.046 secs)
np:default-np step 53800 lr 2.202e-04 [train_loss] loss -0.4286 (1.659 secs)
np:default-np step 54000 lr 2.187e-04 [train_loss] loss -0.3856 (1.879 secs)
np:default-np step 54200 lr 2.171e-04 [train_loss] loss -0.4082 (1.681 secs)
np:default-np step 54400 lr 2.156e-04 [train_loss] loss -0.3799 (1.714 secs)
np:default-np step 54600 lr 2.140e-04 [train_loss] loss -0.3861 (1.664 secs)
np:default-np step 54800 lr 2.124e-04 [train_loss] loss -0.4107 (1.845 secs)
np:default-np step 55000 lr 2.109e-04 [train_loss] loss -0.4139 (1.708 secs)
np:default-np rbf ctx_ll 0.6093 tar_ll 0.2007 (5.203 secs)

np:default-np step 55200 lr 2.093e-04 [train_loss] loss -0.4174 (2.666 secs)
np:default-np step 55400 lr 2.078e-04 [train_loss] loss -0.4410 (2.567 secs)
np:default-np step 55600 lr 2.062e-04 [train_loss] loss -0.4109 (2.440 secs)
np:default-np step 55800 lr 2.047e-04 [train_loss] loss -0.3874 (2.191 secs)
np:default-np step 56000 lr 2.032e-04 [train_loss] loss -0.4147 (2.479 secs)
np:default-np step 56200 lr 2.016e-04 [train_loss] loss -0.3933 (2.558 secs)
np:default-np step 56400 lr 2.001e-04 [train_loss] loss -0.4053 (2.443 secs)
np:default-np step 56600 lr 1.985e-04 [train_loss] loss -0.4252 (2.408 secs)
np:default-np step 56800 lr 1.970e-04 [train_loss] loss -0.3795 (2.439 secs)
np:default-np step 57000 lr 1.955e-04 [train_loss] loss -0.3739 (2.186 secs)
np:default-np step 57200 lr 1.939e-04 [train_loss] loss -0.4171 (2.330 secs)
np:default-np step 57400 lr 1.924e-04 [train_loss] loss -0.4147 (1.597 secs)
np:default-np step 57600 lr 1.909e-04 [train_loss] loss -0.4092 (1.934 secs)
np:default-np step 57800 lr 1.894e-04 [train_loss] loss -0.3974 (1.683 secs)
np:default-np step 58000 lr 1.878e-04 [train_loss] loss -0.4450 (1.694 secs)
np:default-np step 58200 lr 1.863e-04 [train_loss] loss -0.4344 (1.670 secs)
np:default-np step 58400 lr 1.848e-04 [train_loss] loss -0.4094 (1.693 secs)
np:default-np step 58600 lr 1.833e-04 [train_loss] loss -0.4213 (1.697 secs)
np:default-np step 58800 lr 1.818e-04 [train_loss] loss -0.4189 (1.673 secs)
np:default-np step 59000 lr 1.803e-04 [train_loss] loss -0.4583 (1.878 secs)
np:default-np step 59200 lr 1.787e-04 [train_loss] loss -0.4180 (1.909 secs)
np:default-np step 59400 lr 1.772e-04 [train_loss] loss -0.4510 (2.093 secs)
np:default-np step 59600 lr 1.757e-04 [train_loss] loss -0.4183 (2.484 secs)
np:default-np step 59800 lr 1.742e-04 [train_loss] loss -0.4456 (1.763 secs)
np:default-np step 60000 lr 1.727e-04 [train_loss] loss -0.4316 (1.896 secs)
np:default-np rbf ctx_ll 0.6515 tar_ll 0.2064 (5.679 secs)

np:default-np step 60200 lr 1.713e-04 [train_loss] loss -0.4075 (1.920 secs)
np:default-np step 60400 lr 1.698e-04 [train_loss] loss -0.4122 (1.945 secs)
np:default-np step 60600 lr 1.683e-04 [train_loss] loss -0.3964 (2.072 secs)
np:default-np step 60800 lr 1.668e-04 [train_loss] loss -0.4279 (2.021 secs)
np:default-np step 61000 lr 1.653e-04 [train_loss] loss -0.4249 (2.011 secs)
np:default-np step 61200 lr 1.638e-04 [train_loss] loss -0.4536 (1.787 secs)
np:default-np step 61400 lr 1.624e-04 [train_loss] loss -0.4047 (1.809 secs)
np:default-np step 61600 lr 1.609e-04 [train_loss] loss -0.4214 (2.358 secs)
np:default-np step 61800 lr 1.594e-04 [train_loss] loss -0.4270 (1.621 secs)
np:default-np step 62000 lr 1.580e-04 [train_loss] loss -0.4068 (1.664 secs)
np:default-np step 62200 lr 1.565e-04 [train_loss] loss -0.4067 (1.644 secs)
np:default-np step 62400 lr 1.551e-04 [train_loss] loss -0.4147 (1.700 secs)
np:default-np step 62600 lr 1.536e-04 [train_loss] loss -0.4281 (2.328 secs)
np:default-np step 62800 lr 1.522e-04 [train_loss] loss -0.4336 (2.170 secs)
np:default-np step 63000 lr 1.507e-04 [train_loss] loss -0.4257 (2.776 secs)
np:default-np step 63200 lr 1.493e-04 [train_loss] loss -0.4207 (3.274 secs)
np:default-np step 63400 lr 1.478e-04 [train_loss] loss -0.3891 (3.026 secs)
np:default-np step 63600 lr 1.464e-04 [train_loss] loss -0.4549 (2.555 secs)
np:default-np step 63800 lr 1.450e-04 [train_loss] loss -0.4343 (2.394 secs)
np:default-np step 64000 lr 1.436e-04 [train_loss] loss -0.4540 (2.747 secs)
np:default-np step 64200 lr 1.421e-04 [train_loss] loss -0.4089 (2.367 secs)
np:default-np step 64400 lr 1.407e-04 [train_loss] loss -0.4240 (2.067 secs)
np:default-np step 64600 lr 1.393e-04 [train_loss] loss -0.4665 (1.765 secs)
np:default-np step 64800 lr 1.379e-04 [train_loss] loss -0.4502 (1.870 secs)
np:default-np step 65000 lr 1.365e-04 [train_loss] loss -0.4287 (1.929 secs)
np:default-np rbf ctx_ll 0.6615 tar_ll 0.2255 (5.424 secs)

np:default-np step 65200 lr 1.351e-04 [train_loss] loss -0.4470 (1.669 secs)
np:default-np step 65400 lr 1.337e-04 [train_loss] loss -0.4079 (1.674 secs)
np:default-np step 65600 lr 1.323e-04 [train_loss] loss -0.4411 (1.876 secs)
np:default-np step 65800 lr 1.309e-04 [train_loss] loss -0.4936 (1.706 secs)
np:default-np step 66000 lr 1.296e-04 [train_loss] loss -0.4405 (1.754 secs)
np:default-np step 66200 lr 1.282e-04 [train_loss] loss -0.4312 (1.744 secs)
np:default-np step 66400 lr 1.268e-04 [train_loss] loss -0.4496 (1.663 secs)
np:default-np step 66600 lr 1.255e-04 [train_loss] loss -0.4284 (1.738 secs)
np:default-np step 66800 lr 1.241e-04 [train_loss] loss -0.4741 (1.641 secs)
np:default-np step 67000 lr 1.227e-04 [train_loss] loss -0.4069 (1.850 secs)
np:default-np step 67200 lr 1.214e-04 [train_loss] loss -0.4332 (2.377 secs)
np:default-np step 67400 lr 1.200e-04 [train_loss] loss -0.4492 (2.878 secs)
np:default-np step 67600 lr 1.187e-04 [train_loss] loss -0.4625 (2.554 secs)
np:default-np step 67800 lr 1.174e-04 [train_loss] loss -0.4805 (2.096 secs)
np:default-np step 68000 lr 1.160e-04 [train_loss] loss -0.4659 (2.128 secs)
np:default-np step 68200 lr 1.147e-04 [train_loss] loss -0.4192 (1.883 secs)
np:default-np step 68400 lr 1.134e-04 [train_loss] loss -0.4467 (2.014 secs)
np:default-np step 68600 lr 1.121e-04 [train_loss] loss -0.4833 (1.879 secs)
np:default-np step 68800 lr 1.108e-04 [train_loss] loss -0.4214 (1.971 secs)
np:default-np step 69000 lr 1.095e-04 [train_loss] loss -0.4701 (2.106 secs)
np:default-np step 69200 lr 1.082e-04 [train_loss] loss -0.4213 (1.613 secs)
np:default-np step 69400 lr 1.069e-04 [train_loss] loss -0.4840 (1.921 secs)
np:default-np step 69600 lr 1.056e-04 [train_loss] loss -0.4844 (1.992 secs)
np:default-np step 69800 lr 1.043e-04 [train_loss] loss -0.4330 (1.789 secs)
np:default-np step 70000 lr 1.031e-04 [train_loss] loss -0.4161 (1.708 secs)
np:default-np rbf ctx_ll 0.6453 tar_ll 0.2471 (5.455 secs)

np:default-np step 70200 lr 1.018e-04 [train_loss] loss -0.4167 (1.961 secs)
np:default-np step 70400 lr 1.005e-04 [train_loss] loss -0.4204 (1.996 secs)
np:default-np step 70600 lr 9.927e-05 [train_loss] loss -0.4630 (1.695 secs)
np:default-np step 70800 lr 9.802e-05 [train_loss] loss -0.4774 (1.627 secs)
np:default-np step 71000 lr 9.677e-05 [train_loss] loss -0.4829 (1.645 secs)
np:default-np step 71200 lr 9.554e-05 [train_loss] loss -0.4537 (1.518 secs)
np:default-np step 71400 lr 9.430e-05 [train_loss] loss -0.4698 (2.757 secs)
np:default-np step 71600 lr 9.308e-05 [train_loss] loss -0.4618 (2.040 secs)
np:default-np step 71800 lr 9.186e-05 [train_loss] loss -0.4487 (1.732 secs)
np:default-np step 72000 lr 9.064e-05 [train_loss] loss -0.4771 (1.792 secs)
np:default-np step 72200 lr 8.944e-05 [train_loss] loss -0.4651 (1.584 secs)
np:default-np step 72400 lr 8.824e-05 [train_loss] loss -0.4498 (1.474 secs)
np:default-np step 72600 lr 8.704e-05 [train_loss] loss -0.4732 (1.844 secs)
np:default-np step 72800 lr 8.585e-05 [train_loss] loss -0.4675 (1.733 secs)
np:default-np step 73000 lr 8.467e-05 [train_loss] loss -0.4342 (2.098 secs)
np:default-np step 73200 lr 8.350e-05 [train_loss] loss -0.4718 (1.681 secs)
np:default-np step 73400 lr 8.233e-05 [train_loss] loss -0.4623 (1.563 secs)
np:default-np step 73600 lr 8.117e-05 [train_loss] loss -0.4905 (1.588 secs)
np:default-np step 73800 lr 8.001e-05 [train_loss] loss -0.4614 (1.723 secs)
np:default-np step 74000 lr 7.886e-05 [train_loss] loss -0.4757 (1.634 secs)
np:default-np step 74200 lr 7.772e-05 [train_loss] loss -0.4508 (1.697 secs)
np:default-np step 74400 lr 7.659e-05 [train_loss] loss -0.4835 (2.788 secs)
np:default-np step 74600 lr 7.546e-05 [train_loss] loss -0.4219 (2.312 secs)
np:default-np step 74800 lr 7.434e-05 [train_loss] loss -0.4898 (2.774 secs)
np:default-np step 75000 lr 7.322e-05 [train_loss] loss -0.4371 (2.221 secs)
np:default-np rbf ctx_ll 0.6729 tar_ll 0.2529 (5.435 secs)

np:default-np step 75200 lr 7.212e-05 [train_loss] loss -0.4812 (2.420 secs)
np:default-np step 75400 lr 7.102e-05 [train_loss] loss -0.4527 (2.214 secs)
np:default-np step 75600 lr 6.992e-05 [train_loss] loss -0.4780 (2.676 secs)
np:default-np step 75800 lr 6.884e-05 [train_loss] loss -0.4572 (2.127 secs)
np:default-np step 76000 lr 6.776e-05 [train_loss] loss -0.4340 (2.107 secs)
np:default-np step 76200 lr 6.669e-05 [train_loss] loss -0.4745 (2.056 secs)
np:default-np step 76400 lr 6.562e-05 [train_loss] loss -0.4789 (1.883 secs)
np:default-np step 76600 lr 6.456e-05 [train_loss] loss -0.4576 (1.859 secs)
np:default-np step 76800 lr 6.351e-05 [train_loss] loss -0.4833 (1.781 secs)
np:default-np step 77000 lr 6.247e-05 [train_loss] loss -0.5015 (2.133 secs)
np:default-np step 77200 lr 6.144e-05 [train_loss] loss -0.4761 (2.201 secs)
np:default-np step 77400 lr 6.041e-05 [train_loss] loss -0.4672 (1.922 secs)
np:default-np step 77600 lr 5.939e-05 [train_loss] loss -0.4613 (1.707 secs)
np:default-np step 77800 lr 5.838e-05 [train_loss] loss -0.5045 (1.710 secs)
np:default-np step 78000 lr 5.737e-05 [train_loss] loss -0.4865 (1.705 secs)
np:default-np step 78200 lr 5.637e-05 [train_loss] loss -0.4770 (1.626 secs)
np:default-np step 78400 lr 5.538e-05 [train_loss] loss -0.5121 (1.666 secs)
np:default-np step 78600 lr 5.440e-05 [train_loss] loss -0.4853 (1.719 secs)
np:default-np step 78800 lr 5.343e-05 [train_loss] loss -0.4559 (1.729 secs)
np:default-np step 79000 lr 5.246e-05 [train_loss] loss -0.4699 (1.664 secs)
np:default-np step 79200 lr 5.150e-05 [train_loss] loss -0.5110 (1.976 secs)
np:default-np step 79400 lr 5.055e-05 [train_loss] loss -0.4393 (2.704 secs)
np:default-np step 79600 lr 4.961e-05 [train_loss] loss -0.5020 (2.729 secs)
np:default-np step 79800 lr 4.867e-05 [train_loss] loss -0.4452 (2.430 secs)
np:default-np step 80000 lr 4.775e-05 [train_loss] loss -0.5060 (1.812 secs)
np:default-np rbf ctx_ll 0.7033 tar_ll 0.2538 (5.106 secs)

np:default-np step 80200 lr 4.683e-05 [train_loss] loss -0.4465 (1.735 secs)
np:default-np step 80400 lr 4.592e-05 [train_loss] loss -0.4873 (1.765 secs)
np:default-np step 80600 lr 4.501e-05 [train_loss] loss -0.4921 (1.703 secs)
np:default-np step 80800 lr 4.412e-05 [train_loss] loss -0.5228 (1.777 secs)
np:default-np step 81000 lr 4.323e-05 [train_loss] loss -0.4482 (1.586 secs)
np:default-np step 81200 lr 4.235e-05 [train_loss] loss -0.4738 (1.700 secs)
np:default-np step 81400 lr 4.148e-05 [train_loss] loss -0.4539 (1.784 secs)
np:default-np step 81600 lr 4.062e-05 [train_loss] loss -0.4855 (2.044 secs)
np:default-np step 81800 lr 3.976e-05 [train_loss] loss -0.4953 (2.381 secs)
np:default-np step 82000 lr 3.892e-05 [train_loss] loss -0.5145 (1.945 secs)
np:default-np step 82200 lr 3.808e-05 [train_loss] loss -0.4622 (2.725 secs)
np:default-np step 82400 lr 3.725e-05 [train_loss] loss -0.5208 (2.821 secs)
np:default-np step 82600 lr 3.643e-05 [train_loss] loss -0.4593 (2.122 secs)
np:default-np step 82800 lr 3.562e-05 [train_loss] loss -0.4437 (2.185 secs)
np:default-np step 83000 lr 3.481e-05 [train_loss] loss -0.4771 (1.842 secs)
np:default-np step 83200 lr 3.402e-05 [train_loss] loss -0.5109 (1.860 secs)
np:default-np step 83400 lr 3.323e-05 [train_loss] loss -0.4674 (2.533 secs)
np:default-np step 83600 lr 3.245e-05 [train_loss] loss -0.5059 (1.939 secs)
np:default-np step 83800 lr 3.168e-05 [train_loss] loss -0.4688 (1.985 secs)
np:default-np step 84000 lr 3.092e-05 [train_loss] loss -0.4692 (2.549 secs)
np:default-np step 84200 lr 3.017e-05 [train_loss] loss -0.4691 (2.249 secs)
np:default-np step 84400 lr 2.943e-05 [train_loss] loss -0.4787 (1.847 secs)
np:default-np step 84600 lr 2.869e-05 [train_loss] loss -0.4777 (1.906 secs)
np:default-np step 84800 lr 2.797e-05 [train_loss] loss -0.4806 (1.793 secs)
np:default-np step 85000 lr 2.725e-05 [train_loss] loss -0.4944 (1.768 secs)
np:default-np rbf ctx_ll 0.7090 tar_ll 0.2573 (4.740 secs)

np:default-np step 85200 lr 2.654e-05 [train_loss] loss -0.4830 (1.700 secs)
np:default-np step 85400 lr 2.584e-05 [train_loss] loss -0.4921 (1.646 secs)
np:default-np step 85600 lr 2.515e-05 [train_loss] loss -0.5075 (1.488 secs)
np:default-np step 85800 lr 2.447e-05 [train_loss] loss -0.4667 (1.760 secs)
np:default-np step 86000 lr 2.379e-05 [train_loss] loss -0.4921 (1.892 secs)
np:default-np step 86200 lr 2.313e-05 [train_loss] loss -0.5126 (1.636 secs)
np:default-np step 86400 lr 2.247e-05 [train_loss] loss -0.4814 (1.813 secs)
np:default-np step 86600 lr 2.183e-05 [train_loss] loss -0.4672 (2.442 secs)
np:default-np step 86800 lr 2.119e-05 [train_loss] loss -0.4881 (2.339 secs)
np:default-np step 87000 lr 2.056e-05 [train_loss] loss -0.4635 (1.863 secs)
np:default-np step 87200 lr 1.994e-05 [train_loss] loss -0.5237 (1.670 secs)
np:default-np step 87400 lr 1.933e-05 [train_loss] loss -0.4931 (1.557 secs)
np:default-np step 87600 lr 1.873e-05 [train_loss] loss -0.4798 (1.775 secs)
np:default-np step 87800 lr 1.814e-05 [train_loss] loss -0.4901 (1.892 secs)
np:default-np step 88000 lr 1.756e-05 [train_loss] loss -0.4810 (1.781 secs)
np:default-np step 88200 lr 1.698e-05 [train_loss] loss -0.5001 (1.609 secs)
np:default-np step 88400 lr 1.642e-05 [train_loss] loss -0.4954 (2.257 secs)
np:default-np step 88600 lr 1.586e-05 [train_loss] loss -0.5131 (1.720 secs)
np:default-np step 88800 lr 1.532e-05 [train_loss] loss -0.4598 (1.693 secs)
np:default-np step 89000 lr 1.478e-05 [train_loss] loss -0.4706 (1.999 secs)
np:default-np step 89200 lr 1.425e-05 [train_loss] loss -0.5035 (2.636 secs)
np:default-np step 89400 lr 1.373e-05 [train_loss] loss -0.5146 (1.652 secs)
np:default-np step 89600 lr 1.323e-05 [train_loss] loss -0.5116 (2.322 secs)
np:default-np step 89800 lr 1.273e-05 [train_loss] loss -0.5215 (2.306 secs)
np:default-np step 90000 lr 1.224e-05 [train_loss] loss -0.4704 (2.222 secs)
np:default-np rbf ctx_ll 0.7011 tar_ll 0.2706 (5.286 secs)

np:default-np step 90200 lr 1.176e-05 [train_loss] loss -0.4884 (2.234 secs)
np:default-np step 90400 lr 1.128e-05 [train_loss] loss -0.5280 (2.279 secs)
np:default-np step 90600 lr 1.082e-05 [train_loss] loss -0.4854 (2.471 secs)
np:default-np step 90800 lr 1.037e-05 [train_loss] loss -0.4864 (1.658 secs)
np:default-np step 91000 lr 9.927e-06 [train_loss] loss -0.4996 (1.734 secs)
np:default-np step 91200 lr 9.493e-06 [train_loss] loss -0.4688 (1.664 secs)
np:default-np step 91400 lr 9.069e-06 [train_loss] loss -0.4261 (2.252 secs)
np:default-np step 91600 lr 8.655e-06 [train_loss] loss -0.4797 (1.689 secs)
np:default-np step 91800 lr 8.250e-06 [train_loss] loss -0.4866 (1.653 secs)
np:default-np step 92000 lr 7.854e-06 [train_loss] loss -0.5288 (2.088 secs)
np:default-np step 92200 lr 7.468e-06 [train_loss] loss -0.4871 (2.375 secs)
np:default-np step 92400 lr 7.092e-06 [train_loss] loss -0.4912 (1.582 secs)
np:default-np step 92600 lr 6.725e-06 [train_loss] loss -0.5034 (1.643 secs)
np:default-np step 92800 lr 6.368e-06 [train_loss] loss -0.4883 (1.582 secs)
np:default-np step 93000 lr 6.021e-06 [train_loss] loss -0.4653 (1.713 secs)
np:default-np step 93200 lr 5.683e-06 [train_loss] loss -0.5046 (1.646 secs)
np:default-np step 93400 lr 5.355e-06 [train_loss] loss -0.5066 (1.906 secs)
np:default-np step 93600 lr 5.036e-06 [train_loss] loss -0.4981 (2.228 secs)
np:default-np step 93800 lr 4.727e-06 [train_loss] loss -0.4861 (2.104 secs)
np:default-np step 94000 lr 4.428e-06 [train_loss] loss -0.5199 (2.206 secs)
np:default-np step 94200 lr 4.139e-06 [train_loss] loss -0.4460 (1.755 secs)
np:default-np step 94400 lr 3.859e-06 [train_loss] loss -0.4912 (1.681 secs)
np:default-np step 94600 lr 3.589e-06 [train_loss] loss -0.5016 (1.723 secs)
np:default-np step 94800 lr 3.329e-06 [train_loss] loss -0.4879 (1.664 secs)
np:default-np step 95000 lr 3.078e-06 [train_loss] loss -0.5230 (1.581 secs)
np:default-np rbf ctx_ll 0.7110 tar_ll 0.2701 (5.214 secs)

np:default-np step 95200 lr 2.837e-06 [train_loss] loss -0.4821 (1.740 secs)
np:default-np step 95400 lr 2.606e-06 [train_loss] loss -0.5149 (1.584 secs)
np:default-np step 95600 lr 2.385e-06 [train_loss] loss -0.4666 (1.637 secs)
np:default-np step 95800 lr 2.173e-06 [train_loss] loss -0.5072 (1.665 secs)
np:default-np step 96000 lr 1.971e-06 [train_loss] loss -0.4975 (1.573 secs)
np:default-np step 96200 lr 1.779e-06 [train_loss] loss -0.4783 (1.857 secs)
np:default-np step 96400 lr 1.597e-06 [train_loss] loss -0.4606 (1.695 secs)
np:default-np step 96600 lr 1.425e-06 [train_loss] loss -0.5207 (1.622 secs)
np:default-np step 96800 lr 1.262e-06 [train_loss] loss -0.4987 (2.117 secs)
np:default-np step 97000 lr 1.110e-06 [train_loss] loss -0.5100 (2.245 secs)
np:default-np step 97200 lr 9.666e-07 [train_loss] loss -0.5145 (2.388 secs)
np:default-np step 97400 lr 8.335e-07 [train_loss] loss -0.4655 (2.029 secs)
np:default-np step 97600 lr 7.103e-07 [train_loss] loss -0.4766 (2.526 secs)
np:default-np step 97800 lr 5.969e-07 [train_loss] loss -0.5044 (2.561 secs)
np:default-np step 98000 lr 4.933e-07 [train_loss] loss -0.5172 (1.974 secs)
np:default-np step 98200 lr 3.996e-07 [train_loss] loss -0.5166 (1.954 secs)
np:default-np step 98400 lr 3.158e-07 [train_loss] loss -0.4940 (1.970 secs)
np:default-np step 98600 lr 2.418e-07 [train_loss] loss -0.4885 (2.060 secs)
np:default-np step 98800 lr 1.776e-07 [train_loss] loss -0.4644 (2.547 secs)
np:default-np step 99000 lr 1.234e-07 [train_loss] loss -0.5132 (2.013 secs)
np:default-np step 99200 lr 7.895e-08 [train_loss] loss -0.5029 (2.063 secs)
np:default-np step 99400 lr 4.441e-08 [train_loss] loss -0.5230 (2.144 secs)
np:default-np step 99600 lr 1.974e-08 [train_loss] loss -0.4662 (1.742 secs)
np:default-np step 99800 lr 4.935e-09 [train_loss] loss -0.5103 (1.729 secs)
np:default-np step 100000 lr 0.000e+00 [train_loss] loss -0.5209 (1.615 secs)
np:default-np rbf ctx_ll 0.7109 tar_ll 0.2701 (5.590 secs)

