Experiment: cnp-default-cnp
Total number of parameters: 215682

cnp:default-cnp step 200 lr 5.000e-04 [train_loss] loss 0.6634 (2.592 secs)
cnp:default-cnp step 400 lr 5.000e-04 [train_loss] loss 0.5830 (1.732 secs)
cnp:default-cnp step 600 lr 5.000e-04 [train_loss] loss 0.5305 (1.591 secs)
cnp:default-cnp step 800 lr 4.999e-04 [train_loss] loss 0.5415 (1.280 secs)
cnp:default-cnp step 1000 lr 4.999e-04 [train_loss] loss 0.5603 (1.254 secs)
cnp:default-cnp step 1200 lr 4.998e-04 [train_loss] loss 0.5746 (1.162 secs)
cnp:default-cnp step 1400 lr 4.998e-04 [train_loss] loss 0.5178 (1.099 secs)
cnp:default-cnp step 1600 lr 4.997e-04 [train_loss] loss 0.5466 (1.106 secs)
cnp:default-cnp step 1800 lr 4.996e-04 [train_loss] loss 0.5442 (1.043 secs)
cnp:default-cnp step 2000 lr 4.995e-04 [train_loss] loss 0.5583 (1.150 secs)
cnp:default-cnp step 2200 lr 4.994e-04 [train_loss] loss 0.5068 (1.236 secs)
cnp:default-cnp step 2400 lr 4.993e-04 [train_loss] loss 0.5166 (1.189 secs)
cnp:default-cnp step 2600 lr 4.992e-04 [train_loss] loss 0.5490 (1.200 secs)
cnp:default-cnp step 2800 lr 4.990e-04 [train_loss] loss 0.4718 (1.192 secs)
cnp:default-cnp step 3000 lr 4.989e-04 [train_loss] loss 0.4452 (1.508 secs)
cnp:default-cnp step 3200 lr 4.987e-04 [train_loss] loss 0.4863 (1.791 secs)
cnp:default-cnp step 3400 lr 4.986e-04 [train_loss] loss 0.4193 (1.701 secs)
cnp:default-cnp step 3600 lr 4.984e-04 [train_loss] loss 0.4027 (1.680 secs)
cnp:default-cnp step 3800 lr 4.982e-04 [train_loss] loss 0.4414 (1.340 secs)
cnp:default-cnp step 4000 lr 4.980e-04 [train_loss] loss 0.4163 (1.616 secs)
cnp:default-cnp step 4200 lr 4.978e-04 [train_loss] loss 0.4059 (1.723 secs)
cnp:default-cnp step 4400 lr 4.976e-04 [train_loss] loss 0.3671 (1.600 secs)
cnp:default-cnp step 4600 lr 4.974e-04 [train_loss] loss 0.3508 (1.617 secs)
cnp:default-cnp step 4800 lr 4.972e-04 [train_loss] loss 0.3534 (1.311 secs)
cnp:default-cnp step 5000 lr 4.969e-04 [train_loss] loss 0.3367 (1.209 secs)
cnp:default-cnp rbf ctx_ll -0.1788 tar_ll -0.4135 (2.803 secs)

cnp:default-cnp step 5200 lr 4.967e-04 [train_loss] loss 0.3502 (1.233 secs)
cnp:default-cnp step 5400 lr 4.964e-04 [train_loss] loss 0.3453 (1.166 secs)
cnp:default-cnp step 5600 lr 4.961e-04 [train_loss] loss 0.3086 (1.171 secs)
cnp:default-cnp step 5800 lr 4.959e-04 [train_loss] loss 0.3241 (1.128 secs)
cnp:default-cnp step 6000 lr 4.956e-04 [train_loss] loss 0.3298 (1.233 secs)
cnp:default-cnp step 6200 lr 4.953e-04 [train_loss] loss 0.3105 (1.873 secs)
cnp:default-cnp step 6400 lr 4.950e-04 [train_loss] loss 0.2566 (1.810 secs)
cnp:default-cnp step 6600 lr 4.946e-04 [train_loss] loss 0.2385 (1.941 secs)
cnp:default-cnp step 6800 lr 4.943e-04 [train_loss] loss 0.2457 (1.352 secs)
cnp:default-cnp step 7000 lr 4.940e-04 [train_loss] loss 0.2416 (1.377 secs)
cnp:default-cnp step 7200 lr 4.936e-04 [train_loss] loss 0.2316 (1.249 secs)
cnp:default-cnp step 7400 lr 4.933e-04 [train_loss] loss 0.2142 (1.175 secs)
cnp:default-cnp step 7600 lr 4.929e-04 [train_loss] loss 0.1974 (1.123 secs)
cnp:default-cnp step 7800 lr 4.925e-04 [train_loss] loss 0.2053 (1.138 secs)
cnp:default-cnp step 8000 lr 4.921e-04 [train_loss] loss 0.2062 (1.141 secs)
cnp:default-cnp step 8200 lr 4.918e-04 [train_loss] loss 0.1737 (1.160 secs)
cnp:default-cnp step 8400 lr 4.913e-04 [train_loss] loss 0.2340 (1.106 secs)
cnp:default-cnp step 8600 lr 4.909e-04 [train_loss] loss 0.1775 (1.078 secs)
cnp:default-cnp step 8800 lr 4.905e-04 [train_loss] loss 0.2079 (1.096 secs)
cnp:default-cnp step 9000 lr 4.901e-04 [train_loss] loss 0.1658 (1.123 secs)
cnp:default-cnp step 9200 lr 4.896e-04 [train_loss] loss 0.1991 (1.657 secs)
cnp:default-cnp step 9400 lr 4.892e-04 [train_loss] loss 0.1479 (1.966 secs)
cnp:default-cnp step 9600 lr 4.887e-04 [train_loss] loss 0.1743 (1.967 secs)
cnp:default-cnp step 9800 lr 4.882e-04 [train_loss] loss 0.1325 (1.900 secs)
cnp:default-cnp step 10000 lr 4.878e-04 [train_loss] loss 0.1206 (1.769 secs)
cnp:default-cnp rbf ctx_ll 0.0310 tar_ll -0.2571 (3.128 secs)

cnp:default-cnp step 10200 lr 4.873e-04 [train_loss] loss 0.1043 (1.596 secs)
cnp:default-cnp step 10400 lr 4.868e-04 [train_loss] loss 0.1147 (1.601 secs)
cnp:default-cnp step 10600 lr 4.863e-04 [train_loss] loss 0.1053 (1.682 secs)
cnp:default-cnp step 10800 lr 4.857e-04 [train_loss] loss 0.1288 (1.592 secs)
cnp:default-cnp step 11000 lr 4.852e-04 [train_loss] loss 0.1095 (1.541 secs)
cnp:default-cnp step 11200 lr 4.847e-04 [train_loss] loss 0.1275 (1.516 secs)
cnp:default-cnp step 11400 lr 4.841e-04 [train_loss] loss 0.0761 (1.305 secs)
cnp:default-cnp step 11600 lr 4.836e-04 [train_loss] loss 0.0171 (1.475 secs)
cnp:default-cnp step 11800 lr 4.830e-04 [train_loss] loss 0.1002 (1.798 secs)
cnp:default-cnp step 12000 lr 4.824e-04 [train_loss] loss 0.0928 (1.805 secs)
cnp:default-cnp step 12200 lr 4.819e-04 [train_loss] loss 0.0612 (1.637 secs)
cnp:default-cnp step 12400 lr 4.813e-04 [train_loss] loss 0.0959 (1.497 secs)
cnp:default-cnp step 12600 lr 4.807e-04 [train_loss] loss 0.0596 (1.144 secs)
cnp:default-cnp step 12800 lr 4.801e-04 [train_loss] loss 0.0597 (1.562 secs)
cnp:default-cnp step 13000 lr 4.794e-04 [train_loss] loss -0.0075 (1.724 secs)
cnp:default-cnp step 13200 lr 4.788e-04 [train_loss] loss 0.0799 (1.651 secs)
cnp:default-cnp step 13400 lr 4.782e-04 [train_loss] loss 0.0499 (1.390 secs)
cnp:default-cnp step 13600 lr 4.775e-04 [train_loss] loss 0.0158 (1.135 secs)
cnp:default-cnp step 13800 lr 4.769e-04 [train_loss] loss 0.0221 (1.084 secs)
cnp:default-cnp step 14000 lr 4.762e-04 [train_loss] loss -0.0054 (1.087 secs)
cnp:default-cnp step 14200 lr 4.755e-04 [train_loss] loss 0.0258 (1.186 secs)
cnp:default-cnp step 14400 lr 4.749e-04 [train_loss] loss 0.0098 (1.065 secs)
cnp:default-cnp step 14600 lr 4.742e-04 [train_loss] loss 0.0473 (1.240 secs)
cnp:default-cnp step 14800 lr 4.735e-04 [train_loss] loss 0.0184 (1.172 secs)
cnp:default-cnp step 15000 lr 4.728e-04 [train_loss] loss 0.0182 (1.190 secs)
cnp:default-cnp rbf ctx_ll 0.1793 tar_ll -0.1722 (3.146 secs)

cnp:default-cnp step 15200 lr 4.720e-04 [train_loss] loss -0.0048 (1.331 secs)
cnp:default-cnp step 15400 lr 4.713e-04 [train_loss] loss -0.0346 (1.104 secs)
cnp:default-cnp step 15600 lr 4.706e-04 [train_loss] loss -0.0123 (0.982 secs)
cnp:default-cnp step 15800 lr 4.698e-04 [train_loss] loss -0.0218 (1.078 secs)
cnp:default-cnp step 16000 lr 4.691e-04 [train_loss] loss -0.0126 (1.120 secs)
cnp:default-cnp step 16200 lr 4.683e-04 [train_loss] loss -0.0242 (1.050 secs)
cnp:default-cnp step 16400 lr 4.675e-04 [train_loss] loss -0.0091 (1.103 secs)
cnp:default-cnp step 16600 lr 4.668e-04 [train_loss] loss -0.0570 (1.143 secs)
cnp:default-cnp step 16800 lr 4.660e-04 [train_loss] loss -0.0214 (1.134 secs)
cnp:default-cnp step 17000 lr 4.652e-04 [train_loss] loss -0.0139 (1.158 secs)
cnp:default-cnp step 17200 lr 4.644e-04 [train_loss] loss -0.0392 (1.047 secs)
cnp:default-cnp step 17400 lr 4.636e-04 [train_loss] loss -0.0090 (1.448 secs)
cnp:default-cnp step 17600 lr 4.627e-04 [train_loss] loss 0.0054 (1.157 secs)
cnp:default-cnp step 17800 lr 4.619e-04 [train_loss] loss -0.0566 (1.132 secs)
cnp:default-cnp step 18000 lr 4.611e-04 [train_loss] loss -0.0204 (1.070 secs)
cnp:default-cnp step 18200 lr 4.602e-04 [train_loss] loss -0.0162 (1.023 secs)
cnp:default-cnp step 18400 lr 4.594e-04 [train_loss] loss -0.0258 (1.123 secs)
cnp:default-cnp step 18600 lr 4.585e-04 [train_loss] loss -0.0551 (1.033 secs)
cnp:default-cnp step 18800 lr 4.576e-04 [train_loss] loss -0.0601 (1.254 secs)
cnp:default-cnp step 19000 lr 4.568e-04 [train_loss] loss -0.0355 (1.739 secs)
cnp:default-cnp step 19200 lr 4.559e-04 [train_loss] loss -0.0230 (1.775 secs)
cnp:default-cnp step 19400 lr 4.550e-04 [train_loss] loss -0.0417 (1.781 secs)
cnp:default-cnp step 19600 lr 4.541e-04 [train_loss] loss -0.0387 (1.327 secs)
cnp:default-cnp step 19800 lr 4.532e-04 [train_loss] loss -0.0688 (1.117 secs)
cnp:default-cnp step 20000 lr 4.523e-04 [train_loss] loss -0.0631 (1.067 secs)
cnp:default-cnp rbf ctx_ll 0.2362 tar_ll -0.0803 (3.263 secs)

cnp:default-cnp step 20200 lr 4.513e-04 [train_loss] loss -0.0457 (1.213 secs)
cnp:default-cnp step 20400 lr 4.504e-04 [train_loss] loss -0.0297 (1.652 secs)
cnp:default-cnp step 20600 lr 4.494e-04 [train_loss] loss -0.0611 (1.497 secs)
cnp:default-cnp step 20800 lr 4.485e-04 [train_loss] loss -0.0450 (1.514 secs)
cnp:default-cnp step 21000 lr 4.475e-04 [train_loss] loss -0.0702 (1.523 secs)
cnp:default-cnp step 21200 lr 4.466e-04 [train_loss] loss -0.0242 (1.766 secs)
cnp:default-cnp step 21400 lr 4.456e-04 [train_loss] loss -0.0875 (1.829 secs)
cnp:default-cnp step 21600 lr 4.446e-04 [train_loss] loss -0.0755 (1.499 secs)
cnp:default-cnp step 21800 lr 4.436e-04 [train_loss] loss -0.0758 (1.375 secs)
cnp:default-cnp step 22000 lr 4.426e-04 [train_loss] loss -0.1403 (1.159 secs)
cnp:default-cnp step 22200 lr 4.416e-04 [train_loss] loss -0.0775 (1.140 secs)
cnp:default-cnp step 22400 lr 4.406e-04 [train_loss] loss -0.1292 (0.967 secs)
cnp:default-cnp step 22600 lr 4.396e-04 [train_loss] loss -0.1045 (1.114 secs)
cnp:default-cnp step 22800 lr 4.386e-04 [train_loss] loss -0.1002 (1.101 secs)
cnp:default-cnp step 23000 lr 4.375e-04 [train_loss] loss -0.0827 (1.099 secs)
cnp:default-cnp step 23200 lr 4.365e-04 [train_loss] loss -0.1270 (1.158 secs)
cnp:default-cnp step 23400 lr 4.354e-04 [train_loss] loss -0.0988 (1.895 secs)
cnp:default-cnp step 23600 lr 4.344e-04 [train_loss] loss -0.1261 (1.417 secs)
cnp:default-cnp step 23800 lr 4.333e-04 [train_loss] loss -0.1089 (1.304 secs)
cnp:default-cnp step 24000 lr 4.322e-04 [train_loss] loss -0.0850 (1.126 secs)
cnp:default-cnp step 24200 lr 4.312e-04 [train_loss] loss -0.1567 (1.154 secs)
cnp:default-cnp step 24400 lr 4.301e-04 [train_loss] loss -0.0944 (1.114 secs)
cnp:default-cnp step 24600 lr 4.290e-04 [train_loss] loss -0.1312 (0.988 secs)
cnp:default-cnp step 24800 lr 4.279e-04 [train_loss] loss -0.1488 (1.029 secs)
cnp:default-cnp step 25000 lr 4.268e-04 [train_loss] loss -0.1748 (1.016 secs)
cnp:default-cnp rbf ctx_ll 0.3446 tar_ll -0.0140 (3.307 secs)

cnp:default-cnp step 25200 lr 4.257e-04 [train_loss] loss -0.0875 (1.208 secs)
cnp:default-cnp step 25400 lr 4.245e-04 [train_loss] loss -0.1381 (1.043 secs)
cnp:default-cnp step 25600 lr 4.234e-04 [train_loss] loss -0.1106 (1.092 secs)
cnp:default-cnp step 25800 lr 4.223e-04 [train_loss] loss -0.1597 (1.009 secs)
cnp:default-cnp step 26000 lr 4.211e-04 [train_loss] loss -0.1227 (1.336 secs)
cnp:default-cnp step 26200 lr 4.200e-04 [train_loss] loss -0.1304 (1.757 secs)
cnp:default-cnp step 26400 lr 4.188e-04 [train_loss] loss -0.1376 (1.798 secs)
cnp:default-cnp step 26600 lr 4.177e-04 [train_loss] loss -0.1313 (1.728 secs)
cnp:default-cnp step 26800 lr 4.165e-04 [train_loss] loss -0.1690 (1.700 secs)
cnp:default-cnp step 27000 lr 4.153e-04 [train_loss] loss -0.1351 (1.644 secs)
cnp:default-cnp step 27200 lr 4.141e-04 [train_loss] loss -0.1457 (1.518 secs)
cnp:default-cnp step 27400 lr 4.130e-04 [train_loss] loss -0.1054 (1.491 secs)
cnp:default-cnp step 27600 lr 4.118e-04 [train_loss] loss -0.1687 (1.373 secs)
cnp:default-cnp step 27800 lr 4.106e-04 [train_loss] loss -0.1211 (1.257 secs)
cnp:default-cnp step 28000 lr 4.094e-04 [train_loss] loss -0.1417 (1.072 secs)
cnp:default-cnp step 28200 lr 4.081e-04 [train_loss] loss -0.1417 (1.114 secs)
cnp:default-cnp step 28400 lr 4.069e-04 [train_loss] loss -0.1555 (1.107 secs)
cnp:default-cnp step 28600 lr 4.057e-04 [train_loss] loss -0.1256 (1.044 secs)
cnp:default-cnp step 28800 lr 4.045e-04 [train_loss] loss -0.1249 (1.045 secs)
cnp:default-cnp step 29000 lr 4.032e-04 [train_loss] loss -0.1713 (1.038 secs)
cnp:default-cnp step 29200 lr 4.020e-04 [train_loss] loss -0.2157 (1.133 secs)
cnp:default-cnp step 29400 lr 4.007e-04 [train_loss] loss -0.2100 (1.250 secs)
cnp:default-cnp step 29600 lr 3.995e-04 [train_loss] loss -0.1513 (1.008 secs)
cnp:default-cnp step 29800 lr 3.982e-04 [train_loss] loss -0.1967 (1.162 secs)
cnp:default-cnp step 30000 lr 3.969e-04 [train_loss] loss -0.1571 (0.973 secs)
cnp:default-cnp rbf ctx_ll 0.3769 tar_ll 0.0082 (3.431 secs)

cnp:default-cnp step 30200 lr 3.957e-04 [train_loss] loss -0.1640 (1.039 secs)
cnp:default-cnp step 30400 lr 3.944e-04 [train_loss] loss -0.0993 (0.982 secs)
cnp:default-cnp step 30600 lr 3.931e-04 [train_loss] loss -0.1319 (1.091 secs)
cnp:default-cnp step 30800 lr 3.918e-04 [train_loss] loss -0.2261 (1.786 secs)
cnp:default-cnp step 31000 lr 3.905e-04 [train_loss] loss -0.1577 (1.836 secs)
cnp:default-cnp step 31200 lr 3.892e-04 [train_loss] loss -0.2370 (1.340 secs)
cnp:default-cnp step 31400 lr 3.879e-04 [train_loss] loss -0.1995 (1.321 secs)
cnp:default-cnp step 31600 lr 3.866e-04 [train_loss] loss -0.1899 (1.140 secs)
cnp:default-cnp step 31800 lr 3.853e-04 [train_loss] loss -0.1779 (1.068 secs)
cnp:default-cnp step 32000 lr 3.840e-04 [train_loss] loss -0.1738 (1.036 secs)
cnp:default-cnp step 32200 lr 3.826e-04 [train_loss] loss -0.1908 (1.052 secs)
cnp:default-cnp step 32400 lr 3.813e-04 [train_loss] loss -0.2314 (1.052 secs)
cnp:default-cnp step 32600 lr 3.800e-04 [train_loss] loss -0.1879 (0.980 secs)
cnp:default-cnp step 32800 lr 3.786e-04 [train_loss] loss -0.1596 (1.650 secs)
cnp:default-cnp step 33000 lr 3.773e-04 [train_loss] loss -0.1339 (1.553 secs)
cnp:default-cnp step 33200 lr 3.759e-04 [train_loss] loss -0.2131 (1.500 secs)
cnp:default-cnp step 33400 lr 3.745e-04 [train_loss] loss -0.2240 (1.589 secs)
cnp:default-cnp step 33600 lr 3.732e-04 [train_loss] loss -0.1793 (1.545 secs)
cnp:default-cnp step 33800 lr 3.718e-04 [train_loss] loss -0.2235 (1.553 secs)
cnp:default-cnp step 34000 lr 3.704e-04 [train_loss] loss -0.1931 (1.274 secs)
cnp:default-cnp step 34200 lr 3.691e-04 [train_loss] loss -0.2283 (1.120 secs)
cnp:default-cnp step 34400 lr 3.677e-04 [train_loss] loss -0.2031 (1.632 secs)
cnp:default-cnp step 34600 lr 3.663e-04 [train_loss] loss -0.2587 (1.926 secs)
cnp:default-cnp step 34800 lr 3.649e-04 [train_loss] loss -0.1882 (1.848 secs)
cnp:default-cnp step 35000 lr 3.635e-04 [train_loss] loss -0.2224 (1.582 secs)
cnp:default-cnp rbf ctx_ll 0.4452 tar_ll 0.0612 (2.916 secs)

cnp:default-cnp step 35200 lr 3.621e-04 [train_loss] loss -0.2540 (1.628 secs)
cnp:default-cnp step 35400 lr 3.607e-04 [train_loss] loss -0.2517 (1.660 secs)
cnp:default-cnp step 35600 lr 3.593e-04 [train_loss] loss -0.2117 (1.508 secs)
cnp:default-cnp step 35800 lr 3.579e-04 [train_loss] loss -0.2382 (1.239 secs)
cnp:default-cnp step 36000 lr 3.564e-04 [train_loss] loss -0.2621 (1.168 secs)
cnp:default-cnp step 36200 lr 3.550e-04 [train_loss] loss -0.1736 (1.187 secs)
cnp:default-cnp step 36400 lr 3.536e-04 [train_loss] loss -0.1967 (1.218 secs)
cnp:default-cnp step 36600 lr 3.522e-04 [train_loss] loss -0.2370 (1.156 secs)
cnp:default-cnp step 36800 lr 3.507e-04 [train_loss] loss -0.2058 (1.303 secs)
cnp:default-cnp step 37000 lr 3.493e-04 [train_loss] loss -0.2110 (1.080 secs)
cnp:default-cnp step 37200 lr 3.478e-04 [train_loss] loss -0.2689 (1.195 secs)
cnp:default-cnp step 37400 lr 3.464e-04 [train_loss] loss -0.2372 (1.351 secs)
cnp:default-cnp step 37600 lr 3.449e-04 [train_loss] loss -0.2986 (1.292 secs)
cnp:default-cnp step 37800 lr 3.435e-04 [train_loss] loss -0.2117 (1.403 secs)
cnp:default-cnp step 38000 lr 3.420e-04 [train_loss] loss -0.2482 (1.265 secs)
cnp:default-cnp step 38200 lr 3.406e-04 [train_loss] loss -0.2265 (1.102 secs)
cnp:default-cnp step 38400 lr 3.391e-04 [train_loss] loss -0.2202 (1.062 secs)
cnp:default-cnp step 38600 lr 3.376e-04 [train_loss] loss -0.2519 (1.257 secs)
cnp:default-cnp step 38800 lr 3.362e-04 [train_loss] loss -0.2336 (1.362 secs)
cnp:default-cnp step 39000 lr 3.347e-04 [train_loss] loss -0.2272 (1.194 secs)
cnp:default-cnp step 39200 lr 3.332e-04 [train_loss] loss -0.2233 (1.283 secs)
cnp:default-cnp step 39400 lr 3.317e-04 [train_loss] loss -0.2456 (1.182 secs)
cnp:default-cnp step 39600 lr 3.302e-04 [train_loss] loss -0.2346 (1.138 secs)
cnp:default-cnp step 39800 lr 3.287e-04 [train_loss] loss -0.2936 (1.123 secs)
cnp:default-cnp step 40000 lr 3.273e-04 [train_loss] loss -0.2586 (1.098 secs)
cnp:default-cnp rbf ctx_ll 0.4355 tar_ll 0.0638 (3.023 secs)

cnp:default-cnp step 40200 lr 3.258e-04 [train_loss] loss -0.2635 (1.098 secs)
cnp:default-cnp step 40400 lr 3.243e-04 [train_loss] loss -0.2606 (1.101 secs)
cnp:default-cnp step 40600 lr 3.228e-04 [train_loss] loss -0.2697 (1.155 secs)
cnp:default-cnp step 40800 lr 3.213e-04 [train_loss] loss -0.2889 (1.130 secs)
cnp:default-cnp step 41000 lr 3.197e-04 [train_loss] loss -0.2355 (1.286 secs)
cnp:default-cnp step 41200 lr 3.182e-04 [train_loss] loss -0.2252 (1.393 secs)
cnp:default-cnp step 41400 lr 3.167e-04 [train_loss] loss -0.2822 (1.189 secs)
cnp:default-cnp step 41600 lr 3.152e-04 [train_loss] loss -0.2700 (1.130 secs)
cnp:default-cnp step 41800 lr 3.137e-04 [train_loss] loss -0.2556 (1.191 secs)
cnp:default-cnp step 42000 lr 3.122e-04 [train_loss] loss -0.2227 (1.135 secs)
cnp:default-cnp step 42200 lr 3.106e-04 [train_loss] loss -0.2293 (1.066 secs)
cnp:default-cnp step 42400 lr 3.091e-04 [train_loss] loss -0.2760 (1.085 secs)
cnp:default-cnp step 42600 lr 3.076e-04 [train_loss] loss -0.2936 (1.112 secs)
cnp:default-cnp step 42800 lr 3.061e-04 [train_loss] loss -0.2770 (1.021 secs)
cnp:default-cnp step 43000 lr 3.045e-04 [train_loss] loss -0.2745 (1.410 secs)
cnp:default-cnp step 43200 lr 3.030e-04 [train_loss] loss -0.2636 (1.936 secs)
cnp:default-cnp step 43400 lr 3.015e-04 [train_loss] loss -0.2719 (1.942 secs)
cnp:default-cnp step 43600 lr 2.999e-04 [train_loss] loss -0.2695 (1.859 secs)
cnp:default-cnp step 43800 lr 2.984e-04 [train_loss] loss -0.2997 (1.919 secs)
cnp:default-cnp step 44000 lr 2.968e-04 [train_loss] loss -0.2813 (1.659 secs)
cnp:default-cnp step 44200 lr 2.953e-04 [train_loss] loss -0.2950 (1.923 secs)
cnp:default-cnp step 44400 lr 2.938e-04 [train_loss] loss -0.2808 (1.686 secs)
cnp:default-cnp step 44600 lr 2.922e-04 [train_loss] loss -0.2641 (1.912 secs)
cnp:default-cnp step 44800 lr 2.907e-04 [train_loss] loss -0.2794 (1.908 secs)
cnp:default-cnp step 45000 lr 2.891e-04 [train_loss] loss -0.2688 (1.794 secs)
cnp:default-cnp rbf ctx_ll 0.5065 tar_ll 0.1108 (2.959 secs)

cnp:default-cnp step 45200 lr 2.876e-04 [train_loss] loss -0.3374 (1.568 secs)
cnp:default-cnp step 45400 lr 2.860e-04 [train_loss] loss -0.3033 (1.597 secs)
cnp:default-cnp step 45600 lr 2.844e-04 [train_loss] loss -0.3143 (1.632 secs)
cnp:default-cnp step 45800 lr 2.829e-04 [train_loss] loss -0.3061 (1.577 secs)
cnp:default-cnp step 46000 lr 2.813e-04 [train_loss] loss -0.3037 (1.289 secs)
cnp:default-cnp step 46200 lr 2.798e-04 [train_loss] loss -0.3494 (1.244 secs)
cnp:default-cnp step 46400 lr 2.782e-04 [train_loss] loss -0.3218 (1.002 secs)
cnp:default-cnp step 46600 lr 2.767e-04 [train_loss] loss -0.2819 (1.114 secs)
cnp:default-cnp step 46800 lr 2.751e-04 [train_loss] loss -0.2998 (1.613 secs)
cnp:default-cnp step 47000 lr 2.735e-04 [train_loss] loss -0.3378 (1.456 secs)
cnp:default-cnp step 47200 lr 2.720e-04 [train_loss] loss -0.3006 (1.416 secs)
cnp:default-cnp step 47400 lr 2.704e-04 [train_loss] loss -0.2859 (1.196 secs)
cnp:default-cnp step 47600 lr 2.688e-04 [train_loss] loss -0.2889 (1.023 secs)
cnp:default-cnp step 47800 lr 2.673e-04 [train_loss] loss -0.2598 (1.175 secs)
cnp:default-cnp step 48000 lr 2.657e-04 [train_loss] loss -0.2479 (1.276 secs)
cnp:default-cnp step 48200 lr 2.641e-04 [train_loss] loss -0.3035 (1.198 secs)
cnp:default-cnp step 48400 lr 2.626e-04 [train_loss] loss -0.3342 (1.118 secs)
cnp:default-cnp step 48600 lr 2.610e-04 [train_loss] loss -0.3148 (1.262 secs)
cnp:default-cnp step 48800 lr 2.594e-04 [train_loss] loss -0.3386 (1.334 secs)
cnp:default-cnp step 49000 lr 2.579e-04 [train_loss] loss -0.3243 (1.163 secs)
cnp:default-cnp step 49200 lr 2.563e-04 [train_loss] loss -0.3263 (1.218 secs)
cnp:default-cnp step 49400 lr 2.547e-04 [train_loss] loss -0.3421 (1.129 secs)
cnp:default-cnp step 49600 lr 2.531e-04 [train_loss] loss -0.2875 (1.031 secs)
cnp:default-cnp step 49800 lr 2.516e-04 [train_loss] loss -0.3092 (1.064 secs)
cnp:default-cnp step 50000 lr 2.500e-04 [train_loss] loss -0.3378 (1.056 secs)
cnp:default-cnp rbf ctx_ll 0.5436 tar_ll 0.1428 (3.170 secs)

cnp:default-cnp step 50200 lr 2.484e-04 [train_loss] loss -0.3259 (1.230 secs)
cnp:default-cnp step 50400 lr 2.469e-04 [train_loss] loss -0.2955 (1.146 secs)
cnp:default-cnp step 50600 lr 2.453e-04 [train_loss] loss -0.3264 (1.197 secs)
cnp:default-cnp step 50800 lr 2.437e-04 [train_loss] loss -0.3219 (1.396 secs)
cnp:default-cnp step 51000 lr 2.421e-04 [train_loss] loss -0.3231 (1.626 secs)
cnp:default-cnp step 51200 lr 2.406e-04 [train_loss] loss -0.3238 (1.095 secs)
cnp:default-cnp step 51400 lr 2.390e-04 [train_loss] loss -0.3135 (1.073 secs)
cnp:default-cnp step 51600 lr 2.374e-04 [train_loss] loss -0.3271 (1.027 secs)
cnp:default-cnp step 51800 lr 2.359e-04 [train_loss] loss -0.3151 (1.085 secs)
cnp:default-cnp step 52000 lr 2.343e-04 [train_loss] loss -0.3311 (1.209 secs)
cnp:default-cnp step 52200 lr 2.327e-04 [train_loss] loss -0.3511 (1.140 secs)
cnp:default-cnp step 52400 lr 2.312e-04 [train_loss] loss -0.3481 (1.509 secs)
cnp:default-cnp step 52600 lr 2.296e-04 [train_loss] loss -0.3207 (1.920 secs)
cnp:default-cnp step 52800 lr 2.280e-04 [train_loss] loss -0.3062 (1.757 secs)
cnp:default-cnp step 53000 lr 2.265e-04 [train_loss] loss -0.3191 (1.344 secs)
cnp:default-cnp step 53200 lr 2.249e-04 [train_loss] loss -0.3316 (0.979 secs)
cnp:default-cnp step 53400 lr 2.233e-04 [train_loss] loss -0.3466 (1.044 secs)
cnp:default-cnp step 53600 lr 2.218e-04 [train_loss] loss -0.3365 (1.050 secs)
cnp:default-cnp step 53800 lr 2.202e-04 [train_loss] loss -0.3270 (1.007 secs)
cnp:default-cnp step 54000 lr 2.187e-04 [train_loss] loss -0.3499 (1.187 secs)
cnp:default-cnp step 54200 lr 2.171e-04 [train_loss] loss -0.3541 (1.185 secs)
cnp:default-cnp step 54400 lr 2.156e-04 [train_loss] loss -0.3534 (1.007 secs)
cnp:default-cnp step 54600 lr 2.140e-04 [train_loss] loss -0.3395 (1.049 secs)
cnp:default-cnp step 54800 lr 2.124e-04 [train_loss] loss -0.3217 (1.086 secs)
cnp:default-cnp step 55000 lr 2.109e-04 [train_loss] loss -0.3707 (1.272 secs)
cnp:default-cnp rbf ctx_ll 0.5882 tar_ll 0.1610 (3.265 secs)

cnp:default-cnp step 55200 lr 2.093e-04 [train_loss] loss -0.3617 (1.729 secs)
cnp:default-cnp step 55400 lr 2.078e-04 [train_loss] loss -0.3150 (1.763 secs)
cnp:default-cnp step 55600 lr 2.062e-04 [train_loss] loss -0.2941 (1.757 secs)
cnp:default-cnp step 55800 lr 2.047e-04 [train_loss] loss -0.3449 (1.873 secs)
cnp:default-cnp step 56000 lr 2.032e-04 [train_loss] loss -0.3666 (1.743 secs)
cnp:default-cnp step 56200 lr 2.016e-04 [train_loss] loss -0.3649 (1.539 secs)
cnp:default-cnp step 56400 lr 2.001e-04 [train_loss] loss -0.3311 (1.707 secs)
cnp:default-cnp step 56600 lr 1.985e-04 [train_loss] loss -0.3199 (1.570 secs)
cnp:default-cnp step 56800 lr 1.970e-04 [train_loss] loss -0.3667 (1.485 secs)
cnp:default-cnp step 57000 lr 1.955e-04 [train_loss] loss -0.3414 (1.397 secs)
cnp:default-cnp step 57200 lr 1.939e-04 [train_loss] loss -0.3649 (1.041 secs)
cnp:default-cnp step 57400 lr 1.924e-04 [train_loss] loss -0.3481 (1.105 secs)
cnp:default-cnp step 57600 lr 1.909e-04 [train_loss] loss -0.3811 (1.140 secs)
cnp:default-cnp step 57800 lr 1.894e-04 [train_loss] loss -0.4005 (1.673 secs)
cnp:default-cnp step 58000 lr 1.878e-04 [train_loss] loss -0.3541 (1.485 secs)
cnp:default-cnp step 58200 lr 1.863e-04 [train_loss] loss -0.3864 (1.611 secs)
cnp:default-cnp step 58400 lr 1.848e-04 [train_loss] loss -0.3461 (1.535 secs)
cnp:default-cnp step 58600 lr 1.833e-04 [train_loss] loss -0.3997 (1.599 secs)
cnp:default-cnp step 58800 lr 1.818e-04 [train_loss] loss -0.3525 (1.346 secs)
cnp:default-cnp step 59000 lr 1.803e-04 [train_loss] loss -0.3541 (1.005 secs)
cnp:default-cnp step 59200 lr 1.787e-04 [train_loss] loss -0.3918 (1.255 secs)
cnp:default-cnp step 59400 lr 1.772e-04 [train_loss] loss -0.3857 (1.212 secs)
cnp:default-cnp step 59600 lr 1.757e-04 [train_loss] loss -0.3582 (0.979 secs)
cnp:default-cnp step 59800 lr 1.742e-04 [train_loss] loss -0.3709 (1.079 secs)
cnp:default-cnp step 60000 lr 1.727e-04 [train_loss] loss -0.3589 (1.149 secs)
cnp:default-cnp rbf ctx_ll 0.6052 tar_ll 0.1649 (3.251 secs)

cnp:default-cnp step 60200 lr 1.713e-04 [train_loss] loss -0.3773 (1.326 secs)
cnp:default-cnp step 60400 lr 1.698e-04 [train_loss] loss -0.3822 (1.125 secs)
cnp:default-cnp step 60600 lr 1.683e-04 [train_loss] loss -0.3588 (1.038 secs)
cnp:default-cnp step 60800 lr 1.668e-04 [train_loss] loss -0.3823 (1.051 secs)
cnp:default-cnp step 61000 lr 1.653e-04 [train_loss] loss -0.4021 (1.161 secs)
cnp:default-cnp step 61200 lr 1.638e-04 [train_loss] loss -0.3557 (1.057 secs)
cnp:default-cnp step 61400 lr 1.624e-04 [train_loss] loss -0.3744 (1.084 secs)
cnp:default-cnp step 61600 lr 1.609e-04 [train_loss] loss -0.3930 (1.131 secs)
cnp:default-cnp step 61800 lr 1.594e-04 [train_loss] loss -0.3498 (1.153 secs)
cnp:default-cnp step 62000 lr 1.580e-04 [train_loss] loss -0.3798 (1.188 secs)
cnp:default-cnp step 62200 lr 1.565e-04 [train_loss] loss -0.3690 (1.036 secs)
cnp:default-cnp step 62400 lr 1.551e-04 [train_loss] loss -0.3914 (1.150 secs)
cnp:default-cnp step 62600 lr 1.536e-04 [train_loss] loss -0.3369 (1.034 secs)
cnp:default-cnp step 62800 lr 1.522e-04 [train_loss] loss -0.4421 (1.612 secs)
cnp:default-cnp step 63000 lr 1.507e-04 [train_loss] loss -0.4276 (1.873 secs)
cnp:default-cnp step 63200 lr 1.493e-04 [train_loss] loss -0.3776 (2.022 secs)
cnp:default-cnp step 63400 lr 1.478e-04 [train_loss] loss -0.3771 (1.790 secs)
cnp:default-cnp step 63600 lr 1.464e-04 [train_loss] loss -0.4250 (1.696 secs)
cnp:default-cnp step 63800 lr 1.450e-04 [train_loss] loss -0.3608 (1.635 secs)
cnp:default-cnp step 64000 lr 1.436e-04 [train_loss] loss -0.4272 (1.625 secs)
cnp:default-cnp step 64200 lr 1.421e-04 [train_loss] loss -0.3546 (1.618 secs)
cnp:default-cnp step 64400 lr 1.407e-04 [train_loss] loss -0.3797 (1.657 secs)
cnp:default-cnp step 64600 lr 1.393e-04 [train_loss] loss -0.3916 (1.266 secs)
cnp:default-cnp step 64800 lr 1.379e-04 [train_loss] loss -0.3931 (1.162 secs)
cnp:default-cnp step 65000 lr 1.365e-04 [train_loss] loss -0.3966 (1.204 secs)
cnp:default-cnp rbf ctx_ll 0.6407 tar_ll 0.1862 (3.386 secs)

cnp:default-cnp step 65200 lr 1.351e-04 [train_loss] loss -0.3511 (1.502 secs)
cnp:default-cnp step 65400 lr 1.337e-04 [train_loss] loss -0.4055 (1.349 secs)
cnp:default-cnp step 65600 lr 1.323e-04 [train_loss] loss -0.4168 (1.231 secs)
cnp:default-cnp step 65800 lr 1.309e-04 [train_loss] loss -0.3724 (1.367 secs)
cnp:default-cnp step 66000 lr 1.296e-04 [train_loss] loss -0.3797 (1.329 secs)
cnp:default-cnp step 66200 lr 1.282e-04 [train_loss] loss -0.3847 (1.112 secs)
cnp:default-cnp step 66400 lr 1.268e-04 [train_loss] loss -0.4262 (1.067 secs)
cnp:default-cnp step 66600 lr 1.255e-04 [train_loss] loss -0.3667 (1.027 secs)
cnp:default-cnp step 66800 lr 1.241e-04 [train_loss] loss -0.3980 (1.079 secs)
cnp:default-cnp step 67000 lr 1.227e-04 [train_loss] loss -0.4433 (1.005 secs)
cnp:default-cnp step 67200 lr 1.214e-04 [train_loss] loss -0.4249 (1.165 secs)
cnp:default-cnp step 67400 lr 1.200e-04 [train_loss] loss -0.3860 (1.246 secs)
cnp:default-cnp step 67600 lr 1.187e-04 [train_loss] loss -0.4109 (1.254 secs)
cnp:default-cnp step 67800 lr 1.174e-04 [train_loss] loss -0.3651 (1.675 secs)
cnp:default-cnp step 68000 lr 1.160e-04 [train_loss] loss -0.3424 (1.512 secs)
cnp:default-cnp step 68200 lr 1.147e-04 [train_loss] loss -0.3655 (1.423 secs)
cnp:default-cnp step 68400 lr 1.134e-04 [train_loss] loss -0.3914 (1.984 secs)
cnp:default-cnp step 68600 lr 1.121e-04 [train_loss] loss -0.3873 (1.195 secs)
cnp:default-cnp step 68800 lr 1.108e-04 [train_loss] loss -0.4024 (1.045 secs)
cnp:default-cnp step 69000 lr 1.095e-04 [train_loss] loss -0.3998 (1.069 secs)
cnp:default-cnp step 69200 lr 1.082e-04 [train_loss] loss -0.4337 (1.014 secs)
cnp:default-cnp step 69400 lr 1.069e-04 [train_loss] loss -0.3740 (1.395 secs)
cnp:default-cnp step 69600 lr 1.056e-04 [train_loss] loss -0.3968 (1.353 secs)
cnp:default-cnp step 69800 lr 1.043e-04 [train_loss] loss -0.4163 (1.477 secs)
cnp:default-cnp step 70000 lr 1.031e-04 [train_loss] loss -0.4271 (1.380 secs)
cnp:default-cnp rbf ctx_ll 0.6595 tar_ll 0.2024 (3.492 secs)

cnp:default-cnp step 70200 lr 1.018e-04 [train_loss] loss -0.4125 (1.550 secs)
cnp:default-cnp step 70400 lr 1.005e-04 [train_loss] loss -0.3693 (1.475 secs)
cnp:default-cnp step 70600 lr 9.927e-05 [train_loss] loss -0.4259 (1.625 secs)
cnp:default-cnp step 70800 lr 9.802e-05 [train_loss] loss -0.4274 (1.525 secs)
cnp:default-cnp step 71000 lr 9.677e-05 [train_loss] loss -0.3948 (2.002 secs)
cnp:default-cnp step 71200 lr 9.554e-05 [train_loss] loss -0.4145 (1.807 secs)
cnp:default-cnp step 71400 lr 9.430e-05 [train_loss] loss -0.4124 (1.512 secs)
cnp:default-cnp step 71600 lr 9.308e-05 [train_loss] loss -0.3454 (1.499 secs)
cnp:default-cnp step 71800 lr 9.186e-05 [train_loss] loss -0.4193 (1.602 secs)
cnp:default-cnp step 72000 lr 9.064e-05 [train_loss] loss -0.4253 (1.939 secs)
cnp:default-cnp step 72200 lr 8.944e-05 [train_loss] loss -0.4577 (1.897 secs)
cnp:default-cnp step 72400 lr 8.824e-05 [train_loss] loss -0.4057 (1.672 secs)
cnp:default-cnp step 72600 lr 8.704e-05 [train_loss] loss -0.4114 (1.636 secs)
cnp:default-cnp step 72800 lr 8.585e-05 [train_loss] loss -0.3854 (1.534 secs)
cnp:default-cnp step 73000 lr 8.467e-05 [train_loss] loss -0.4298 (1.707 secs)
cnp:default-cnp step 73200 lr 8.350e-05 [train_loss] loss -0.4171 (1.715 secs)
cnp:default-cnp step 73400 lr 8.233e-05 [train_loss] loss -0.4231 (1.641 secs)
cnp:default-cnp step 73600 lr 8.117e-05 [train_loss] loss -0.4197 (1.565 secs)
cnp:default-cnp step 73800 lr 8.001e-05 [train_loss] loss -0.4002 (1.617 secs)
cnp:default-cnp step 74000 lr 7.886e-05 [train_loss] loss -0.4020 (1.403 secs)
cnp:default-cnp step 74200 lr 7.772e-05 [train_loss] loss -0.4319 (1.559 secs)
cnp:default-cnp step 74400 lr 7.659e-05 [train_loss] loss -0.4361 (1.744 secs)
cnp:default-cnp step 74600 lr 7.546e-05 [train_loss] loss -0.4410 (1.596 secs)
cnp:default-cnp step 74800 lr 7.434e-05 [train_loss] loss -0.3980 (1.456 secs)
cnp:default-cnp step 75000 lr 7.322e-05 [train_loss] loss -0.4157 (1.443 secs)
cnp:default-cnp rbf ctx_ll 0.6723 tar_ll 0.2062 (3.635 secs)

cnp:default-cnp step 75200 lr 7.212e-05 [train_loss] loss -0.4023 (1.755 secs)
cnp:default-cnp step 75400 lr 7.102e-05 [train_loss] loss -0.4307 (1.981 secs)
cnp:default-cnp step 75600 lr 6.992e-05 [train_loss] loss -0.4543 (1.603 secs)
cnp:default-cnp step 75800 lr 6.884e-05 [train_loss] loss -0.4510 (1.461 secs)
cnp:default-cnp step 76000 lr 6.776e-05 [train_loss] loss -0.4196 (1.343 secs)
cnp:default-cnp step 76200 lr 6.669e-05 [train_loss] loss -0.3977 (1.399 secs)
cnp:default-cnp step 76400 lr 6.562e-05 [train_loss] loss -0.4233 (1.510 secs)
cnp:default-cnp step 76600 lr 6.456e-05 [train_loss] loss -0.4331 (1.584 secs)
cnp:default-cnp step 76800 lr 6.351e-05 [train_loss] loss -0.4056 (1.515 secs)
cnp:default-cnp step 77000 lr 6.247e-05 [train_loss] loss -0.4515 (1.664 secs)
cnp:default-cnp step 77200 lr 6.144e-05 [train_loss] loss -0.4197 (1.746 secs)
cnp:default-cnp step 77400 lr 6.041e-05 [train_loss] loss -0.4100 (1.725 secs)
cnp:default-cnp step 77600 lr 5.939e-05 [train_loss] loss -0.3958 (1.357 secs)
cnp:default-cnp step 77800 lr 5.838e-05 [train_loss] loss -0.4417 (1.349 secs)
cnp:default-cnp step 78000 lr 5.737e-05 [train_loss] loss -0.4218 (1.515 secs)
cnp:default-cnp step 78200 lr 5.637e-05 [train_loss] loss -0.4556 (1.316 secs)
cnp:default-cnp step 78400 lr 5.538e-05 [train_loss] loss -0.4102 (1.474 secs)
cnp:default-cnp step 78600 lr 5.440e-05 [train_loss] loss -0.3913 (1.675 secs)
cnp:default-cnp step 78800 lr 5.343e-05 [train_loss] loss -0.4305 (1.632 secs)
cnp:default-cnp step 79000 lr 5.246e-05 [train_loss] loss -0.4250 (1.775 secs)
cnp:default-cnp step 79200 lr 5.150e-05 [train_loss] loss -0.4338 (1.501 secs)
cnp:default-cnp step 79400 lr 5.055e-05 [train_loss] loss -0.4584 (1.585 secs)
cnp:default-cnp step 79600 lr 4.961e-05 [train_loss] loss -0.4387 (1.786 secs)
cnp:default-cnp step 79800 lr 4.867e-05 [train_loss] loss -0.4552 (1.796 secs)
cnp:default-cnp step 80000 lr 4.775e-05 [train_loss] loss -0.4097 (1.685 secs)
cnp:default-cnp rbf ctx_ll 0.6676 tar_ll 0.2375 (3.450 secs)

cnp:default-cnp step 80200 lr 4.683e-05 [train_loss] loss -0.4046 (1.594 secs)
cnp:default-cnp step 80400 lr 4.592e-05 [train_loss] loss -0.4717 (1.424 secs)
cnp:default-cnp step 80600 lr 4.501e-05 [train_loss] loss -0.4574 (1.760 secs)
cnp:default-cnp step 80800 lr 4.412e-05 [train_loss] loss -0.4548 (1.737 secs)
cnp:default-cnp step 81000 lr 4.323e-05 [train_loss] loss -0.4456 (1.667 secs)
cnp:default-cnp step 81200 lr 4.235e-05 [train_loss] loss -0.4271 (1.862 secs)
cnp:default-cnp step 81400 lr 4.148e-05 [train_loss] loss -0.4448 (1.780 secs)
cnp:default-cnp step 81600 lr 4.062e-05 [train_loss] loss -0.4007 (1.628 secs)
cnp:default-cnp step 81800 lr 3.976e-05 [train_loss] loss -0.4177 (1.751 secs)
cnp:default-cnp step 82000 lr 3.892e-05 [train_loss] loss -0.4532 (1.737 secs)
cnp:default-cnp step 82200 lr 3.808e-05 [train_loss] loss -0.4520 (1.413 secs)
cnp:default-cnp step 82400 lr 3.725e-05 [train_loss] loss -0.4072 (1.358 secs)
cnp:default-cnp step 82600 lr 3.643e-05 [train_loss] loss -0.4854 (1.510 secs)
cnp:default-cnp step 82800 lr 3.562e-05 [train_loss] loss -0.4303 (1.541 secs)
cnp:default-cnp step 83000 lr 3.481e-05 [train_loss] loss -0.4047 (1.605 secs)
cnp:default-cnp step 83200 lr 3.402e-05 [train_loss] loss -0.4112 (1.614 secs)
cnp:default-cnp step 83400 lr 3.323e-05 [train_loss] loss -0.4629 (1.412 secs)
cnp:default-cnp step 83600 lr 3.245e-05 [train_loss] loss -0.4538 (1.281 secs)
cnp:default-cnp step 83800 lr 3.168e-05 [train_loss] loss -0.4372 (1.507 secs)
cnp:default-cnp step 84000 lr 3.092e-05 [train_loss] loss -0.4437 (1.730 secs)
cnp:default-cnp step 84200 lr 3.017e-05 [train_loss] loss -0.3948 (1.687 secs)
cnp:default-cnp step 84400 lr 2.943e-05 [train_loss] loss -0.4052 (1.460 secs)
cnp:default-cnp step 84600 lr 2.869e-05 [train_loss] loss -0.4212 (1.553 secs)
cnp:default-cnp step 84800 lr 2.797e-05 [train_loss] loss -0.4310 (1.470 secs)
cnp:default-cnp step 85000 lr 2.725e-05 [train_loss] loss -0.4300 (1.883 secs)
cnp:default-cnp rbf ctx_ll 0.6833 tar_ll 0.2427 (3.136 secs)

cnp:default-cnp step 85200 lr 2.654e-05 [train_loss] loss -0.4564 (1.812 secs)
cnp:default-cnp step 85400 lr 2.584e-05 [train_loss] loss -0.4934 (1.708 secs)
cnp:default-cnp step 85600 lr 2.515e-05 [train_loss] loss -0.4716 (1.673 secs)
cnp:default-cnp step 85800 lr 2.447e-05 [train_loss] loss -0.4522 (1.852 secs)
cnp:default-cnp step 86000 lr 2.379e-05 [train_loss] loss -0.4281 (1.851 secs)
cnp:default-cnp step 86200 lr 2.313e-05 [train_loss] loss -0.4857 (1.650 secs)
cnp:default-cnp step 86400 lr 2.247e-05 [train_loss] loss -0.4378 (1.790 secs)
cnp:default-cnp step 86600 lr 2.183e-05 [train_loss] loss -0.4893 (1.711 secs)
cnp:default-cnp step 86800 lr 2.119e-05 [train_loss] loss -0.4500 (1.571 secs)
cnp:default-cnp step 87000 lr 2.056e-05 [train_loss] loss -0.4354 (1.665 secs)
cnp:default-cnp step 87200 lr 1.994e-05 [train_loss] loss -0.4498 (1.636 secs)
cnp:default-cnp step 87400 lr 1.933e-05 [train_loss] loss -0.4447 (1.657 secs)
cnp:default-cnp step 87600 lr 1.873e-05 [train_loss] loss -0.4750 (1.758 secs)
cnp:default-cnp step 87800 lr 1.814e-05 [train_loss] loss -0.3993 (1.831 secs)
cnp:default-cnp step 88000 lr 1.756e-05 [train_loss] loss -0.5136 (1.663 secs)
cnp:default-cnp step 88200 lr 1.698e-05 [train_loss] loss -0.4753 (2.020 secs)
cnp:default-cnp step 88400 lr 1.642e-05 [train_loss] loss -0.4300 (1.851 secs)
cnp:default-cnp step 88600 lr 1.586e-05 [train_loss] loss -0.4335 (1.784 secs)
cnp:default-cnp step 88800 lr 1.532e-05 [train_loss] loss -0.4470 (1.512 secs)
cnp:default-cnp step 89000 lr 1.478e-05 [train_loss] loss -0.4962 (1.610 secs)
cnp:default-cnp step 89200 lr 1.425e-05 [train_loss] loss -0.4630 (1.527 secs)
cnp:default-cnp step 89400 lr 1.373e-05 [train_loss] loss -0.4756 (1.607 secs)
cnp:default-cnp step 89600 lr 1.323e-05 [train_loss] loss -0.4789 (1.365 secs)
cnp:default-cnp step 89800 lr 1.273e-05 [train_loss] loss -0.4054 (1.329 secs)
cnp:default-cnp step 90000 lr 1.224e-05 [train_loss] loss -0.4179 (1.525 secs)
cnp:default-cnp rbf ctx_ll 0.6867 tar_ll 0.2495 (3.614 secs)

cnp:default-cnp step 90200 lr 1.176e-05 [train_loss] loss -0.4500 (1.576 secs)
cnp:default-cnp step 90400 lr 1.128e-05 [train_loss] loss -0.4315 (1.486 secs)
cnp:default-cnp step 90600 lr 1.082e-05 [train_loss] loss -0.3976 (1.466 secs)
cnp:default-cnp step 90800 lr 1.037e-05 [train_loss] loss -0.4102 (1.775 secs)
cnp:default-cnp step 91000 lr 9.927e-06 [train_loss] loss -0.4414 (1.632 secs)
cnp:default-cnp step 91200 lr 9.493e-06 [train_loss] loss -0.4728 (1.722 secs)
cnp:default-cnp step 91400 lr 9.069e-06 [train_loss] loss -0.4304 (1.889 secs)
cnp:default-cnp step 91600 lr 8.655e-06 [train_loss] loss -0.4783 (1.808 secs)
cnp:default-cnp step 91800 lr 8.250e-06 [train_loss] loss -0.4688 (1.701 secs)
cnp:default-cnp step 92000 lr 7.854e-06 [train_loss] loss -0.4391 (1.615 secs)
cnp:default-cnp step 92200 lr 7.468e-06 [train_loss] loss -0.4480 (1.476 secs)
cnp:default-cnp step 92400 lr 7.092e-06 [train_loss] loss -0.4620 (1.397 secs)
cnp:default-cnp step 92600 lr 6.725e-06 [train_loss] loss -0.4003 (1.430 secs)
cnp:default-cnp step 92800 lr 6.368e-06 [train_loss] loss -0.4297 (1.150 secs)
cnp:default-cnp step 93000 lr 6.021e-06 [train_loss] loss -0.4464 (1.112 secs)
cnp:default-cnp step 93200 lr 5.683e-06 [train_loss] loss -0.4239 (1.341 secs)
cnp:default-cnp step 93400 lr 5.355e-06 [train_loss] loss -0.4558 (1.297 secs)
cnp:default-cnp step 93600 lr 5.036e-06 [train_loss] loss -0.4671 (1.323 secs)
cnp:default-cnp step 93800 lr 4.727e-06 [train_loss] loss -0.4154 (1.237 secs)
cnp:default-cnp step 94000 lr 4.428e-06 [train_loss] loss -0.4576 (1.105 secs)
cnp:default-cnp step 94200 lr 4.139e-06 [train_loss] loss -0.4435 (1.117 secs)
cnp:default-cnp step 94400 lr 3.859e-06 [train_loss] loss -0.4283 (1.105 secs)
cnp:default-cnp step 94600 lr 3.589e-06 [train_loss] loss -0.4631 (1.126 secs)
cnp:default-cnp step 94800 lr 3.329e-06 [train_loss] loss -0.4177 (1.071 secs)
cnp:default-cnp step 95000 lr 3.078e-06 [train_loss] loss -0.4247 (1.140 secs)
cnp:default-cnp rbf ctx_ll 0.6935 tar_ll 0.2491 (3.455 secs)

cnp:default-cnp step 95200 lr 2.837e-06 [train_loss] loss -0.4921 (1.295 secs)
cnp:default-cnp step 95400 lr 2.606e-06 [train_loss] loss -0.4092 (1.088 secs)
cnp:default-cnp step 95600 lr 2.385e-06 [train_loss] loss -0.4959 (1.163 secs)
cnp:default-cnp step 95800 lr 2.173e-06 [train_loss] loss -0.4509 (1.112 secs)
cnp:default-cnp step 96000 lr 1.971e-06 [train_loss] loss -0.4283 (1.012 secs)
cnp:default-cnp step 96200 lr 1.779e-06 [train_loss] loss -0.4611 (1.040 secs)
cnp:default-cnp step 96400 lr 1.597e-06 [train_loss] loss -0.4756 (1.088 secs)
cnp:default-cnp step 96600 lr 1.425e-06 [train_loss] loss -0.4520 (1.216 secs)
cnp:default-cnp step 96800 lr 1.262e-06 [train_loss] loss -0.4887 (1.505 secs)
cnp:default-cnp step 97000 lr 1.110e-06 [train_loss] loss -0.4584 (1.432 secs)
cnp:default-cnp step 97200 lr 9.666e-07 [train_loss] loss -0.4634 (1.735 secs)
cnp:default-cnp step 97400 lr 8.335e-07 [train_loss] loss -0.4736 (1.828 secs)
cnp:default-cnp step 97600 lr 7.103e-07 [train_loss] loss -0.4768 (1.673 secs)
cnp:default-cnp step 97800 lr 5.969e-07 [train_loss] loss -0.4886 (1.586 secs)
cnp:default-cnp step 98000 lr 4.933e-07 [train_loss] loss -0.4196 (1.444 secs)
cnp:default-cnp step 98200 lr 3.996e-07 [train_loss] loss -0.5117 (1.481 secs)
cnp:default-cnp step 98400 lr 3.158e-07 [train_loss] loss -0.4861 (1.537 secs)
cnp:default-cnp step 98600 lr 2.418e-07 [train_loss] loss -0.4583 (1.565 secs)
cnp:default-cnp step 98800 lr 1.776e-07 [train_loss] loss -0.4024 (1.369 secs)
cnp:default-cnp step 99000 lr 1.234e-07 [train_loss] loss -0.4317 (1.229 secs)
cnp:default-cnp step 99200 lr 7.895e-08 [train_loss] loss -0.4558 (1.313 secs)
cnp:default-cnp step 99400 lr 4.441e-08 [train_loss] loss -0.4629 (1.220 secs)
cnp:default-cnp step 99600 lr 1.974e-08 [train_loss] loss -0.4750 (1.095 secs)
cnp:default-cnp step 99800 lr 4.935e-09 [train_loss] loss -0.4008 (1.169 secs)
cnp:default-cnp step 100000 lr 0.000e+00 [train_loss] loss -0.4651 (1.195 secs)
cnp:default-cnp rbf ctx_ll 0.6956 tar_ll 0.2485 (2.844 secs)

