Experiment: cl-anp-cl-anp-batch64-step10k
Total number of parameters: 348418

cl-anp:cl-anp-batch64-step10k step 200 lr 5.000e-04 [train_loss] loss 0.7641 cl_loss 3.8331 (5.286 secs)
cl-anp:cl-anp-batch64-step10k step 400 lr 5.000e-04 [train_loss] loss 0.3853 cl_loss 3.6925 (4.016 secs)
cl-anp:cl-anp-batch64-step10k step 600 lr 5.000e-04 [train_loss] loss -0.1041 cl_loss 3.7050 (4.937 secs)
cl-anp:cl-anp-batch64-step10k step 800 lr 4.999e-04 [train_loss] loss -0.3099 cl_loss 3.6038 (4.819 secs)
cl-anp:cl-anp-batch64-step10k step 1000 lr 4.999e-04 [train_loss] loss -0.4194 cl_loss 3.6057 (4.924 secs)
cl-anp:cl-anp-batch64-step10k step 1200 lr 4.998e-04 [train_loss] loss -0.4183 cl_loss 3.5991 (3.440 secs)
cl-anp:cl-anp-batch64-step10k step 1400 lr 4.998e-04 [train_loss] loss -0.5064 cl_loss 3.6032 (3.904 secs)
cl-anp:cl-anp-batch64-step10k step 1600 lr 4.997e-04 [train_loss] loss -0.5422 cl_loss 3.5703 (4.112 secs)
cl-anp:cl-anp-batch64-step10k step 1800 lr 4.996e-04 [train_loss] loss -0.5116 cl_loss 3.5710 (4.202 secs)
cl-anp:cl-anp-batch64-step10k step 2000 lr 4.995e-04 [train_loss] loss -0.5387 cl_loss 3.5417 (4.086 secs)
cl-anp:cl-anp-batch64-step10k step 2200 lr 4.994e-04 [train_loss] loss -0.5954 cl_loss 3.5300 (4.544 secs)
cl-anp:cl-anp-batch64-step10k step 2400 lr 4.993e-04 [train_loss] loss -0.6065 cl_loss 3.5308 (6.061 secs)
cl-anp:cl-anp-batch64-step10k step 2600 lr 4.992e-04 [train_loss] loss -0.5020 cl_loss 3.5402 (4.799 secs)
cl-anp:cl-anp-batch64-step10k step 2800 lr 4.990e-04 [train_loss] loss -0.5863 cl_loss 3.5130 (3.753 secs)
cl-anp:cl-anp-batch64-step10k step 3000 lr 4.989e-04 [train_loss] loss -0.5809 cl_loss 3.5291 (3.774 secs)
cl-anp:cl-anp-batch64-step10k step 3200 lr 4.987e-04 [train_loss] loss -0.5944 cl_loss 3.4983 (6.241 secs)
cl-anp:cl-anp-batch64-step10k step 3400 lr 4.986e-04 [train_loss] loss -0.6005 cl_loss 3.5041 (5.460 secs)
cl-anp:cl-anp-batch64-step10k step 3600 lr 4.984e-04 [train_loss] loss -0.5994 cl_loss 3.5058 (4.941 secs)
cl-anp:cl-anp-batch64-step10k step 3800 lr 4.982e-04 [train_loss] loss -0.5701 cl_loss 3.5244 (4.120 secs)
cl-anp:cl-anp-batch64-step10k step 4000 lr 4.980e-04 [train_loss] loss -0.6306 cl_loss 3.4989 (3.769 secs)
cl-anp:cl-anp-batch64-step10k step 4200 lr 4.978e-04 [train_loss] loss -0.6573 cl_loss 3.4801 (3.693 secs)
cl-anp:cl-anp-batch64-step10k step 4400 lr 4.976e-04 [train_loss] loss -0.6044 cl_loss 3.5023 (3.415 secs)
cl-anp:cl-anp-batch64-step10k step 4600 lr 4.974e-04 [train_loss] loss -0.6153 cl_loss 3.5018 (4.061 secs)
cl-anp:cl-anp-batch64-step10k step 4800 lr 4.972e-04 [train_loss] loss -0.6317 cl_loss 3.4731 (5.165 secs)
cl-anp:cl-anp-batch64-step10k step 5000 lr 4.969e-04 [train_loss] loss -0.6108 cl_loss 3.5254 (5.836 secs)
cl-anp:cl-anp-batch64-step10k rbf ctx_ll 1.3132 tar_ll 0.6854 (8.406 secs)

cl-anp:cl-anp-batch64-step10k step 5200 lr 4.967e-04 [train_loss] loss -0.6152 cl_loss 3.4752 (5.332 secs)
cl-anp:cl-anp-batch64-step10k step 5400 lr 4.964e-04 [train_loss] loss -0.6548 cl_loss 3.4711 (5.383 secs)
cl-anp:cl-anp-batch64-step10k step 5600 lr 4.961e-04 [train_loss] loss -0.6303 cl_loss 3.4820 (5.237 secs)
cl-anp:cl-anp-batch64-step10k step 5800 lr 4.959e-04 [train_loss] loss -0.6674 cl_loss 3.4520 (5.187 secs)
cl-anp:cl-anp-batch64-step10k step 6000 lr 4.956e-04 [train_loss] loss -0.6566 cl_loss 3.4628 (5.433 secs)
cl-anp:cl-anp-batch64-step10k step 6200 lr 4.953e-04 [train_loss] loss -0.6589 cl_loss 3.4681 (5.337 secs)
cl-anp:cl-anp-batch64-step10k step 6400 lr 4.950e-04 [train_loss] loss -0.6865 cl_loss 3.4639 (5.097 secs)
cl-anp:cl-anp-batch64-step10k step 6600 lr 4.946e-04 [train_loss] loss -0.6384 cl_loss 3.4646 (4.055 secs)
cl-anp:cl-anp-batch64-step10k step 6800 lr 4.943e-04 [train_loss] loss -0.6424 cl_loss 3.4741 (3.789 secs)
cl-anp:cl-anp-batch64-step10k step 7000 lr 4.940e-04 [train_loss] loss -0.6199 cl_loss 3.4629 (4.952 secs)
cl-anp:cl-anp-batch64-step10k step 7200 lr 4.936e-04 [train_loss] loss -0.6322 cl_loss 3.4629 (5.048 secs)
cl-anp:cl-anp-batch64-step10k step 7400 lr 4.933e-04 [train_loss] loss -0.6883 cl_loss 3.4583 (4.758 secs)
cl-anp:cl-anp-batch64-step10k step 7600 lr 4.929e-04 [train_loss] loss -0.6761 cl_loss 3.4421 (3.257 secs)
cl-anp:cl-anp-batch64-step10k step 7800 lr 4.925e-04 [train_loss] loss -0.6445 cl_loss 3.4569 (3.050 secs)
cl-anp:cl-anp-batch64-step10k step 8000 lr 4.921e-04 [train_loss] loss -0.6765 cl_loss 3.4419 (3.683 secs)
cl-anp:cl-anp-batch64-step10k step 8200 lr 4.918e-04 [train_loss] loss -0.5947 cl_loss 3.4755 (3.641 secs)
cl-anp:cl-anp-batch64-step10k step 8400 lr 4.913e-04 [train_loss] loss -0.5802 cl_loss 3.4859 (3.652 secs)
cl-anp:cl-anp-batch64-step10k step 8600 lr 4.909e-04 [train_loss] loss -0.6076 cl_loss 3.4550 (3.700 secs)
cl-anp:cl-anp-batch64-step10k step 8800 lr 4.905e-04 [train_loss] loss -0.6637 cl_loss 3.4504 (4.400 secs)
cl-anp:cl-anp-batch64-step10k step 9000 lr 4.901e-04 [train_loss] loss -0.7007 cl_loss 3.4381 (4.807 secs)
cl-anp:cl-anp-batch64-step10k step 9200 lr 4.896e-04 [train_loss] loss -0.6323 cl_loss 3.4622 (4.988 secs)
cl-anp:cl-anp-batch64-step10k step 9400 lr 4.892e-04 [train_loss] loss -0.6761 cl_loss 3.4307 (3.811 secs)
cl-anp:cl-anp-batch64-step10k step 9600 lr 4.887e-04 [train_loss] loss -0.6797 cl_loss 3.4297 (3.143 secs)
cl-anp:cl-anp-batch64-step10k step 9800 lr 4.882e-04 [train_loss] loss -0.6966 cl_loss 3.4570 (3.220 secs)
cl-anp:cl-anp-batch64-step10k step 10000 lr 4.878e-04 [train_loss] loss -0.6465 cl_loss 3.4548 (4.396 secs)
cl-anp:cl-anp-batch64-step10k rbf ctx_ll 1.2259 tar_ll 0.6459 (7.321 secs)

cl-anp:cl-anp-batch64-step10k step 10200 lr 4.873e-04 [train_loss] loss -0.7205 cl_loss 3.4274 (4.242 secs)
cl-anp:cl-anp-batch64-step10k step 10400 lr 4.868e-04 [train_loss] loss -0.7269 cl_loss 3.4553 (4.794 secs)
cl-anp:cl-anp-batch64-step10k step 10600 lr 4.863e-04 [train_loss] loss -0.6667 cl_loss 3.4437 (4.918 secs)
cl-anp:cl-anp-batch64-step10k step 10800 lr 4.857e-04 [train_loss] loss -0.6590 cl_loss 3.4382 (5.106 secs)
cl-anp:cl-anp-batch64-step10k step 11000 lr 4.852e-04 [train_loss] loss -0.6134 cl_loss 3.4461 (4.129 secs)
cl-anp:cl-anp-batch64-step10k step 11200 lr 4.847e-04 [train_loss] loss -0.6887 cl_loss 3.4434 (3.907 secs)
cl-anp:cl-anp-batch64-step10k step 11400 lr 4.841e-04 [train_loss] loss -0.6580 cl_loss 3.4487 (3.804 secs)
cl-anp:cl-anp-batch64-step10k step 11600 lr 4.836e-04 [train_loss] loss -0.7239 cl_loss 3.4099 (4.813 secs)
cl-anp:cl-anp-batch64-step10k step 11800 lr 4.830e-04 [train_loss] loss -0.6395 cl_loss 3.4162 (5.064 secs)
cl-anp:cl-anp-batch64-step10k step 12000 lr 4.824e-04 [train_loss] loss -0.6474 cl_loss 3.4362 (4.403 secs)
cl-anp:cl-anp-batch64-step10k step 12200 lr 4.819e-04 [train_loss] loss -0.6425 cl_loss 3.4449 (3.377 secs)
cl-anp:cl-anp-batch64-step10k step 12400 lr 4.813e-04 [train_loss] loss -0.7263 cl_loss 3.4460 (4.568 secs)
cl-anp:cl-anp-batch64-step10k step 12600 lr 4.807e-04 [train_loss] loss -0.6416 cl_loss 3.4350 (3.994 secs)
cl-anp:cl-anp-batch64-step10k step 12800 lr 4.801e-04 [train_loss] loss -0.6778 cl_loss 3.4435 (5.169 secs)
cl-anp:cl-anp-batch64-step10k step 13000 lr 4.794e-04 [train_loss] loss -0.6963 cl_loss 3.4260 (3.781 secs)
cl-anp:cl-anp-batch64-step10k step 13200 lr 4.788e-04 [train_loss] loss -0.6968 cl_loss 3.4308 (3.172 secs)
cl-anp:cl-anp-batch64-step10k step 13400 lr 4.782e-04 [train_loss] loss -0.6728 cl_loss 3.4313 (3.158 secs)
cl-anp:cl-anp-batch64-step10k step 13600 lr 4.775e-04 [train_loss] loss -0.6315 cl_loss 3.4464 (3.131 secs)
cl-anp:cl-anp-batch64-step10k step 13800 lr 4.769e-04 [train_loss] loss -0.6927 cl_loss 3.4116 (3.295 secs)
cl-anp:cl-anp-batch64-step10k step 14000 lr 4.762e-04 [train_loss] loss -0.7040 cl_loss 3.4514 (3.674 secs)
cl-anp:cl-anp-batch64-step10k step 14200 lr 4.755e-04 [train_loss] loss -0.6834 cl_loss 3.4233 (3.774 secs)
cl-anp:cl-anp-batch64-step10k step 14400 lr 4.749e-04 [train_loss] loss -0.6942 cl_loss 3.4258 (4.893 secs)
cl-anp:cl-anp-batch64-step10k step 14600 lr 4.742e-04 [train_loss] loss -0.7299 cl_loss 3.4248 (5.049 secs)
cl-anp:cl-anp-batch64-step10k step 14800 lr 4.735e-04 [train_loss] loss -0.6731 cl_loss 3.4317 (4.313 secs)
cl-anp:cl-anp-batch64-step10k step 15000 lr 4.728e-04 [train_loss] loss -0.6738 cl_loss 3.4460 (3.605 secs)
cl-anp:cl-anp-batch64-step10k rbf ctx_ll 1.3279 tar_ll 0.6992 (7.367 secs)

cl-anp:cl-anp-batch64-step10k step 15200 lr 4.720e-04 [train_loss] loss -0.7041 cl_loss 3.4334 (3.452 secs)
cl-anp:cl-anp-batch64-step10k step 15400 lr 4.713e-04 [train_loss] loss -0.7276 cl_loss 3.4324 (3.205 secs)
cl-anp:cl-anp-batch64-step10k step 15600 lr 4.706e-04 [train_loss] loss -0.6784 cl_loss 3.4191 (3.251 secs)
cl-anp:cl-anp-batch64-step10k step 15800 lr 4.698e-04 [train_loss] loss -0.6625 cl_loss 3.4320 (3.527 secs)
cl-anp:cl-anp-batch64-step10k step 16000 lr 4.691e-04 [train_loss] loss -0.6840 cl_loss 3.4385 (4.305 secs)
cl-anp:cl-anp-batch64-step10k step 16200 lr 4.683e-04 [train_loss] loss -0.6472 cl_loss 3.4365 (4.958 secs)
cl-anp:cl-anp-batch64-step10k step 16400 lr 4.675e-04 [train_loss] loss -0.6494 cl_loss 3.4304 (3.963 secs)
cl-anp:cl-anp-batch64-step10k step 16600 lr 4.668e-04 [train_loss] loss -0.6963 cl_loss 3.4169 (4.286 secs)
cl-anp:cl-anp-batch64-step10k step 16800 lr 4.660e-04 [train_loss] loss -0.7256 cl_loss 3.4085 (3.624 secs)
cl-anp:cl-anp-batch64-step10k step 17000 lr 4.652e-04 [train_loss] loss -0.7408 cl_loss 3.4034 (3.428 secs)
cl-anp:cl-anp-batch64-step10k step 17200 lr 4.644e-04 [train_loss] loss -0.6984 cl_loss 3.4206 (3.727 secs)
cl-anp:cl-anp-batch64-step10k step 17400 lr 4.636e-04 [train_loss] loss -0.7020 cl_loss 3.4246 (3.901 secs)
cl-anp:cl-anp-batch64-step10k step 17600 lr 4.627e-04 [train_loss] loss -0.7010 cl_loss 3.3939 (4.748 secs)
cl-anp:cl-anp-batch64-step10k step 17800 lr 4.619e-04 [train_loss] loss -0.7376 cl_loss 3.4065 (4.878 secs)
cl-anp:cl-anp-batch64-step10k step 18000 lr 4.611e-04 [train_loss] loss -0.6843 cl_loss 3.4344 (4.622 secs)
cl-anp:cl-anp-batch64-step10k step 18200 lr 4.602e-04 [train_loss] loss -0.6941 cl_loss 3.4262 (3.794 secs)
cl-anp:cl-anp-batch64-step10k step 18400 lr 4.594e-04 [train_loss] loss -0.6920 cl_loss 3.4087 (3.314 secs)
cl-anp:cl-anp-batch64-step10k step 18600 lr 4.585e-04 [train_loss] loss -0.6929 cl_loss 3.4382 (3.511 secs)
cl-anp:cl-anp-batch64-step10k step 18800 lr 4.576e-04 [train_loss] loss -0.6699 cl_loss 3.4064 (4.039 secs)
cl-anp:cl-anp-batch64-step10k step 19000 lr 4.568e-04 [train_loss] loss -0.7194 cl_loss 3.4226 (4.231 secs)
cl-anp:cl-anp-batch64-step10k step 19200 lr 4.559e-04 [train_loss] loss -0.7310 cl_loss 3.4102 (4.721 secs)
cl-anp:cl-anp-batch64-step10k step 19400 lr 4.550e-04 [train_loss] loss -0.6841 cl_loss 3.4123 (3.125 secs)
cl-anp:cl-anp-batch64-step10k step 19600 lr 4.541e-04 [train_loss] loss -0.7077 cl_loss 3.4149 (3.212 secs)
cl-anp:cl-anp-batch64-step10k step 19800 lr 4.532e-04 [train_loss] loss -0.6587 cl_loss 3.4251 (3.191 secs)
cl-anp:cl-anp-batch64-step10k step 20000 lr 4.523e-04 [train_loss] loss -0.7336 cl_loss 3.4254 (4.387 secs)
cl-anp:cl-anp-batch64-step10k rbf ctx_ll 1.3574 tar_ll 0.7517 (7.563 secs)

cl-anp:cl-anp-batch64-step10k step 20200 lr 4.513e-04 [train_loss] loss -0.7243 cl_loss 3.4214 (4.134 secs)
cl-anp:cl-anp-batch64-step10k step 20400 lr 4.504e-04 [train_loss] loss -0.7140 cl_loss 3.3913 (4.869 secs)
cl-anp:cl-anp-batch64-step10k step 20600 lr 4.494e-04 [train_loss] loss -0.7538 cl_loss 3.4149 (4.146 secs)
cl-anp:cl-anp-batch64-step10k step 20800 lr 4.485e-04 [train_loss] loss -0.7091 cl_loss 3.4149 (5.177 secs)
cl-anp:cl-anp-batch64-step10k step 21000 lr 4.475e-04 [train_loss] loss -0.7514 cl_loss 3.4128 (4.353 secs)
cl-anp:cl-anp-batch64-step10k step 21200 lr 4.466e-04 [train_loss] loss -0.6702 cl_loss 3.4177 (4.349 secs)
cl-anp:cl-anp-batch64-step10k step 21400 lr 4.456e-04 [train_loss] loss -0.7229 cl_loss 3.4050 (3.693 secs)
cl-anp:cl-anp-batch64-step10k step 21600 lr 4.446e-04 [train_loss] loss -0.6597 cl_loss 3.4075 (3.245 secs)
cl-anp:cl-anp-batch64-step10k step 21800 lr 4.436e-04 [train_loss] loss -0.7238 cl_loss 3.4000 (3.978 secs)
cl-anp:cl-anp-batch64-step10k step 22000 lr 4.426e-04 [train_loss] loss -0.7214 cl_loss 3.3964 (4.883 secs)
cl-anp:cl-anp-batch64-step10k step 22200 lr 4.416e-04 [train_loss] loss -0.7037 cl_loss 3.4218 (4.232 secs)
cl-anp:cl-anp-batch64-step10k step 22400 lr 4.406e-04 [train_loss] loss -0.6781 cl_loss 3.4236 (4.258 secs)
cl-anp:cl-anp-batch64-step10k step 22600 lr 4.396e-04 [train_loss] loss -0.7241 cl_loss 3.3950 (3.458 secs)
cl-anp:cl-anp-batch64-step10k step 22800 lr 4.386e-04 [train_loss] loss -0.7503 cl_loss 3.3937 (3.997 secs)
cl-anp:cl-anp-batch64-step10k step 23000 lr 4.375e-04 [train_loss] loss -0.7293 cl_loss 3.3837 (3.420 secs)
cl-anp:cl-anp-batch64-step10k step 23200 lr 4.365e-04 [train_loss] loss -0.6745 cl_loss 3.4255 (3.386 secs)
cl-anp:cl-anp-batch64-step10k step 23400 lr 4.354e-04 [train_loss] loss -0.7388 cl_loss 3.4017 (3.271 secs)
cl-anp:cl-anp-batch64-step10k step 23600 lr 4.344e-04 [train_loss] loss -0.6661 cl_loss 3.4072 (6.378 secs)
cl-anp:cl-anp-batch64-step10k step 23800 lr 4.333e-04 [train_loss] loss -0.7213 cl_loss 3.3885 (5.675 secs)
cl-anp:cl-anp-batch64-step10k step 24000 lr 4.322e-04 [train_loss] loss -0.6992 cl_loss 3.4154 (4.380 secs)
cl-anp:cl-anp-batch64-step10k step 24200 lr 4.312e-04 [train_loss] loss -0.7615 cl_loss 3.4006 (3.473 secs)
cl-anp:cl-anp-batch64-step10k step 24400 lr 4.301e-04 [train_loss] loss -0.6466 cl_loss 3.3987 (3.195 secs)
cl-anp:cl-anp-batch64-step10k step 24600 lr 4.290e-04 [train_loss] loss -0.7118 cl_loss 3.4079 (3.510 secs)
cl-anp:cl-anp-batch64-step10k step 24800 lr 4.279e-04 [train_loss] loss -0.6908 cl_loss 3.4167 (4.508 secs)
cl-anp:cl-anp-batch64-step10k step 25000 lr 4.268e-04 [train_loss] loss -0.7043 cl_loss 3.3957 (6.652 secs)
cl-anp:cl-anp-batch64-step10k rbf ctx_ll 1.3582 tar_ll 0.7595 (8.420 secs)

cl-anp:cl-anp-batch64-step10k step 25200 lr 4.257e-04 [train_loss] loss -0.7045 cl_loss 3.4050 (5.293 secs)
cl-anp:cl-anp-batch64-step10k step 25400 lr 4.245e-04 [train_loss] loss -0.7357 cl_loss 3.3919 (3.605 secs)
cl-anp:cl-anp-batch64-step10k step 25600 lr 4.234e-04 [train_loss] loss -0.6779 cl_loss 3.4017 (3.858 secs)
cl-anp:cl-anp-batch64-step10k step 25800 lr 4.223e-04 [train_loss] loss -0.6847 cl_loss 3.3811 (3.344 secs)
cl-anp:cl-anp-batch64-step10k step 26000 lr 4.211e-04 [train_loss] loss -0.7470 cl_loss 3.3977 (3.270 secs)
cl-anp:cl-anp-batch64-step10k step 26200 lr 4.200e-04 [train_loss] loss -0.7576 cl_loss 3.3891 (3.564 secs)
cl-anp:cl-anp-batch64-step10k step 26400 lr 4.188e-04 [train_loss] loss -0.7076 cl_loss 3.3899 (3.380 secs)
cl-anp:cl-anp-batch64-step10k step 26600 lr 4.177e-04 [train_loss] loss -0.7046 cl_loss 3.4000 (3.542 secs)
cl-anp:cl-anp-batch64-step10k step 26800 lr 4.165e-04 [train_loss] loss -0.7393 cl_loss 3.3956 (3.313 secs)
cl-anp:cl-anp-batch64-step10k step 27000 lr 4.153e-04 [train_loss] loss -0.7308 cl_loss 3.3876 (5.161 secs)
cl-anp:cl-anp-batch64-step10k step 27200 lr 4.141e-04 [train_loss] loss -0.6733 cl_loss 3.4043 (6.532 secs)
cl-anp:cl-anp-batch64-step10k step 27400 lr 4.130e-04 [train_loss] loss -0.7080 cl_loss 3.3849 (5.223 secs)
cl-anp:cl-anp-batch64-step10k step 27600 lr 4.118e-04 [train_loss] loss -0.7069 cl_loss 3.4178 (4.048 secs)
cl-anp:cl-anp-batch64-step10k step 27800 lr 4.106e-04 [train_loss] loss -0.7276 cl_loss 3.3941 (3.533 secs)
cl-anp:cl-anp-batch64-step10k step 28000 lr 4.094e-04 [train_loss] loss -0.6938 cl_loss 3.3968 (3.507 secs)
cl-anp:cl-anp-batch64-step10k step 28200 lr 4.081e-04 [train_loss] loss -0.7111 cl_loss 3.3817 (3.461 secs)
cl-anp:cl-anp-batch64-step10k step 28400 lr 4.069e-04 [train_loss] loss -0.7374 cl_loss 3.3912 (4.055 secs)
cl-anp:cl-anp-batch64-step10k step 28600 lr 4.057e-04 [train_loss] loss -0.7499 cl_loss 3.3772 (6.835 secs)
cl-anp:cl-anp-batch64-step10k step 28800 lr 4.045e-04 [train_loss] loss -0.7409 cl_loss 3.3852 (5.344 secs)
cl-anp:cl-anp-batch64-step10k step 29000 lr 4.032e-04 [train_loss] loss -0.7477 cl_loss 3.3842 (4.790 secs)
cl-anp:cl-anp-batch64-step10k step 29200 lr 4.020e-04 [train_loss] loss -0.7445 cl_loss 3.3697 (4.640 secs)
cl-anp:cl-anp-batch64-step10k step 29400 lr 4.007e-04 [train_loss] loss -0.6673 cl_loss 3.3851 (3.562 secs)
cl-anp:cl-anp-batch64-step10k step 29600 lr 3.995e-04 [train_loss] loss -0.7271 cl_loss 3.3936 (3.298 secs)
cl-anp:cl-anp-batch64-step10k step 29800 lr 3.982e-04 [train_loss] loss -0.7530 cl_loss 3.3681 (4.487 secs)
cl-anp:cl-anp-batch64-step10k step 30000 lr 3.969e-04 [train_loss] loss -0.7052 cl_loss 3.3912 (6.752 secs)
cl-anp:cl-anp-batch64-step10k rbf ctx_ll 1.3595 tar_ll 0.7736 (8.175 secs)

cl-anp:cl-anp-batch64-step10k step 30200 lr 3.957e-04 [train_loss] loss -0.7421 cl_loss 3.3849 (6.462 secs)
cl-anp:cl-anp-batch64-step10k step 30400 lr 3.944e-04 [train_loss] loss -0.7608 cl_loss 3.3800 (5.527 secs)
cl-anp:cl-anp-batch64-step10k step 30600 lr 3.931e-04 [train_loss] loss -0.7236 cl_loss 3.3807 (4.963 secs)
cl-anp:cl-anp-batch64-step10k step 30800 lr 3.918e-04 [train_loss] loss -0.7361 cl_loss 3.3929 (4.299 secs)
cl-anp:cl-anp-batch64-step10k step 31000 lr 3.905e-04 [train_loss] loss -0.7369 cl_loss 3.3707 (4.712 secs)
cl-anp:cl-anp-batch64-step10k step 31200 lr 3.892e-04 [train_loss] loss -0.7167 cl_loss 3.3701 (4.419 secs)
cl-anp:cl-anp-batch64-step10k step 31400 lr 3.879e-04 [train_loss] loss -0.7342 cl_loss 3.4007 (4.263 secs)
cl-anp:cl-anp-batch64-step10k step 31600 lr 3.866e-04 [train_loss] loss -0.7393 cl_loss 3.3604 (5.404 secs)
cl-anp:cl-anp-batch64-step10k step 31800 lr 3.853e-04 [train_loss] loss -0.7564 cl_loss 3.3864 (5.916 secs)
cl-anp:cl-anp-batch64-step10k step 32000 lr 3.840e-04 [train_loss] loss -0.7631 cl_loss 3.3744 (4.450 secs)
cl-anp:cl-anp-batch64-step10k step 32200 lr 3.826e-04 [train_loss] loss -0.7145 cl_loss 3.3873 (3.899 secs)
cl-anp:cl-anp-batch64-step10k step 32400 lr 3.813e-04 [train_loss] loss -0.7314 cl_loss 3.3560 (4.124 secs)
cl-anp:cl-anp-batch64-step10k step 32600 lr 3.800e-04 [train_loss] loss -0.7223 cl_loss 3.3858 (3.572 secs)
cl-anp:cl-anp-batch64-step10k step 32800 lr 3.786e-04 [train_loss] loss -0.6987 cl_loss 3.3680 (4.159 secs)
cl-anp:cl-anp-batch64-step10k step 33000 lr 3.773e-04 [train_loss] loss -0.7646 cl_loss 3.3623 (3.722 secs)
cl-anp:cl-anp-batch64-step10k step 33200 lr 3.759e-04 [train_loss] loss -0.7174 cl_loss 3.3784 (3.696 secs)
cl-anp:cl-anp-batch64-step10k step 33400 lr 3.745e-04 [train_loss] loss -0.7381 cl_loss 3.3683 (5.017 secs)
cl-anp:cl-anp-batch64-step10k step 33600 lr 3.732e-04 [train_loss] loss -0.7723 cl_loss 3.3631 (5.157 secs)
cl-anp:cl-anp-batch64-step10k step 33800 lr 3.718e-04 [train_loss] loss -0.7022 cl_loss 3.3765 (5.588 secs)
cl-anp:cl-anp-batch64-step10k step 34000 lr 3.704e-04 [train_loss] loss -0.7297 cl_loss 3.3771 (4.497 secs)
cl-anp:cl-anp-batch64-step10k step 34200 lr 3.691e-04 [train_loss] loss -0.7188 cl_loss 3.3671 (3.730 secs)
cl-anp:cl-anp-batch64-step10k step 34400 lr 3.677e-04 [train_loss] loss -0.6990 cl_loss 3.3562 (4.502 secs)
cl-anp:cl-anp-batch64-step10k step 34600 lr 3.663e-04 [train_loss] loss -0.7028 cl_loss 3.3750 (4.464 secs)
cl-anp:cl-anp-batch64-step10k step 34800 lr 3.649e-04 [train_loss] loss -0.7468 cl_loss 3.3579 (4.067 secs)
cl-anp:cl-anp-batch64-step10k step 35000 lr 3.635e-04 [train_loss] loss -0.7978 cl_loss 3.3615 (3.439 secs)
cl-anp:cl-anp-batch64-step10k rbf ctx_ll 1.3704 tar_ll 0.7957 (8.814 secs)

cl-anp:cl-anp-batch64-step10k step 35200 lr 3.621e-04 [train_loss] loss -0.7456 cl_loss 3.3571 (4.097 secs)
cl-anp:cl-anp-batch64-step10k step 35400 lr 3.607e-04 [train_loss] loss -0.7414 cl_loss 3.3647 (6.750 secs)
cl-anp:cl-anp-batch64-step10k step 35600 lr 3.593e-04 [train_loss] loss -0.7481 cl_loss 3.3480 (5.270 secs)
cl-anp:cl-anp-batch64-step10k step 35800 lr 3.579e-04 [train_loss] loss -0.7498 cl_loss 3.3682 (5.168 secs)
cl-anp:cl-anp-batch64-step10k step 36000 lr 3.564e-04 [train_loss] loss -0.7267 cl_loss 3.3657 (6.180 secs)
cl-anp:cl-anp-batch64-step10k step 36200 lr 3.550e-04 [train_loss] loss -0.7578 cl_loss 3.3575 (5.136 secs)
cl-anp:cl-anp-batch64-step10k step 36400 lr 3.536e-04 [train_loss] loss -0.7254 cl_loss 3.3611 (4.433 secs)
cl-anp:cl-anp-batch64-step10k step 36600 lr 3.522e-04 [train_loss] loss -0.7554 cl_loss 3.3400 (4.258 secs)
cl-anp:cl-anp-batch64-step10k step 36800 lr 3.507e-04 [train_loss] loss -0.7139 cl_loss 3.3521 (4.040 secs)
cl-anp:cl-anp-batch64-step10k step 37000 lr 3.493e-04 [train_loss] loss -0.7472 cl_loss 3.3601 (3.626 secs)
cl-anp:cl-anp-batch64-step10k step 37200 lr 3.478e-04 [train_loss] loss -0.7763 cl_loss 3.3357 (3.595 secs)
cl-anp:cl-anp-batch64-step10k step 37400 lr 3.464e-04 [train_loss] loss -0.7541 cl_loss 3.3687 (6.292 secs)
cl-anp:cl-anp-batch64-step10k step 37600 lr 3.449e-04 [train_loss] loss -0.7541 cl_loss 3.3501 (5.583 secs)
cl-anp:cl-anp-batch64-step10k step 37800 lr 3.435e-04 [train_loss] loss -0.7590 cl_loss 3.3470 (4.801 secs)
cl-anp:cl-anp-batch64-step10k step 38000 lr 3.420e-04 [train_loss] loss -0.7587 cl_loss 3.3467 (4.291 secs)
cl-anp:cl-anp-batch64-step10k step 38200 lr 3.406e-04 [train_loss] loss -0.7644 cl_loss 3.3694 (3.963 secs)
cl-anp:cl-anp-batch64-step10k step 38400 lr 3.391e-04 [train_loss] loss -0.7733 cl_loss 3.3534 (3.569 secs)
cl-anp:cl-anp-batch64-step10k step 38600 lr 3.376e-04 [train_loss] loss -0.7178 cl_loss 3.3283 (3.409 secs)
cl-anp:cl-anp-batch64-step10k step 38800 lr 3.362e-04 [train_loss] loss -0.7504 cl_loss 3.3448 (4.398 secs)
cl-anp:cl-anp-batch64-step10k step 39000 lr 3.347e-04 [train_loss] loss -0.7429 cl_loss 3.3424 (4.343 secs)
cl-anp:cl-anp-batch64-step10k step 39200 lr 3.332e-04 [train_loss] loss -0.7173 cl_loss 3.3362 (3.850 secs)
cl-anp:cl-anp-batch64-step10k step 39400 lr 3.317e-04 [train_loss] loss -0.7220 cl_loss 3.3512 (5.063 secs)
cl-anp:cl-anp-batch64-step10k step 39600 lr 3.302e-04 [train_loss] loss -0.7526 cl_loss 3.3416 (6.110 secs)
cl-anp:cl-anp-batch64-step10k step 39800 lr 3.287e-04 [train_loss] loss -0.7591 cl_loss 3.3413 (4.815 secs)
cl-anp:cl-anp-batch64-step10k step 40000 lr 3.273e-04 [train_loss] loss -0.7381 cl_loss 3.3618 (4.359 secs)
cl-anp:cl-anp-batch64-step10k rbf ctx_ll 1.3627 tar_ll 0.7953 (7.940 secs)

cl-anp:cl-anp-batch64-step10k step 40200 lr 3.258e-04 [train_loss] loss -0.7911 cl_loss 3.3332 (4.573 secs)
cl-anp:cl-anp-batch64-step10k step 40400 lr 3.243e-04 [train_loss] loss -0.7457 cl_loss 3.3556 (4.003 secs)
cl-anp:cl-anp-batch64-step10k step 40600 lr 3.228e-04 [train_loss] loss -0.7433 cl_loss 3.3513 (3.660 secs)
cl-anp:cl-anp-batch64-step10k step 40800 lr 3.213e-04 [train_loss] loss -0.7350 cl_loss 3.3391 (4.181 secs)
cl-anp:cl-anp-batch64-step10k step 41000 lr 3.197e-04 [train_loss] loss -0.7670 cl_loss 3.3245 (5.319 secs)
cl-anp:cl-anp-batch64-step10k step 41200 lr 3.182e-04 [train_loss] loss -0.6960 cl_loss 3.3502 (6.271 secs)
cl-anp:cl-anp-batch64-step10k step 41400 lr 3.167e-04 [train_loss] loss -0.7526 cl_loss 3.3405 (5.093 secs)
cl-anp:cl-anp-batch64-step10k step 41600 lr 3.152e-04 [train_loss] loss -0.7722 cl_loss 3.3267 (3.728 secs)
cl-anp:cl-anp-batch64-step10k step 41800 lr 3.137e-04 [train_loss] loss -0.8011 cl_loss 3.3214 (3.618 secs)
cl-anp:cl-anp-batch64-step10k step 42000 lr 3.122e-04 [train_loss] loss -0.7676 cl_loss 3.3255 (3.682 secs)
cl-anp:cl-anp-batch64-step10k step 42200 lr 3.106e-04 [train_loss] loss -0.7935 cl_loss 3.3257 (3.630 secs)
cl-anp:cl-anp-batch64-step10k step 42400 lr 3.091e-04 [train_loss] loss -0.7206 cl_loss 3.3452 (5.500 secs)
cl-anp:cl-anp-batch64-step10k step 42600 lr 3.076e-04 [train_loss] loss -0.7536 cl_loss 3.3295 (6.297 secs)
cl-anp:cl-anp-batch64-step10k step 42800 lr 3.061e-04 [train_loss] loss -0.7824 cl_loss 3.3260 (4.980 secs)
cl-anp:cl-anp-batch64-step10k step 43000 lr 3.045e-04 [train_loss] loss -0.7701 cl_loss 3.3218 (3.867 secs)
cl-anp:cl-anp-batch64-step10k step 43200 lr 3.030e-04 [train_loss] loss -0.7509 cl_loss 3.3186 (3.725 secs)
cl-anp:cl-anp-batch64-step10k step 43400 lr 3.015e-04 [train_loss] loss -0.7976 cl_loss 3.3253 (3.777 secs)
cl-anp:cl-anp-batch64-step10k step 43600 lr 2.999e-04 [train_loss] loss -0.7569 cl_loss 3.3200 (3.296 secs)
cl-anp:cl-anp-batch64-step10k step 43800 lr 2.984e-04 [train_loss] loss -0.7155 cl_loss 3.3424 (3.571 secs)
cl-anp:cl-anp-batch64-step10k step 44000 lr 2.968e-04 [train_loss] loss -0.7596 cl_loss 3.3331 (3.597 secs)
cl-anp:cl-anp-batch64-step10k step 44200 lr 2.953e-04 [train_loss] loss -0.7171 cl_loss 3.3311 (3.469 secs)
cl-anp:cl-anp-batch64-step10k step 44400 lr 2.938e-04 [train_loss] loss -0.7897 cl_loss 3.3238 (5.120 secs)
cl-anp:cl-anp-batch64-step10k step 44600 lr 2.922e-04 [train_loss] loss -0.7443 cl_loss 3.3396 (6.624 secs)
cl-anp:cl-anp-batch64-step10k step 44800 lr 2.907e-04 [train_loss] loss -0.7246 cl_loss 3.3528 (6.098 secs)
cl-anp:cl-anp-batch64-step10k step 45000 lr 2.891e-04 [train_loss] loss -0.7596 cl_loss 3.3369 (5.299 secs)
cl-anp:cl-anp-batch64-step10k rbf ctx_ll 1.3643 tar_ll 0.8010 (8.563 secs)

cl-anp:cl-anp-batch64-step10k step 45200 lr 2.876e-04 [train_loss] loss -0.7521 cl_loss 3.3366 (5.258 secs)
cl-anp:cl-anp-batch64-step10k step 45400 lr 2.860e-04 [train_loss] loss -0.7637 cl_loss 3.3322 (4.295 secs)
cl-anp:cl-anp-batch64-step10k step 45600 lr 2.844e-04 [train_loss] loss -0.7306 cl_loss 3.3408 (4.347 secs)
cl-anp:cl-anp-batch64-step10k step 45800 lr 2.829e-04 [train_loss] loss -0.7851 cl_loss 3.3079 (4.538 secs)
cl-anp:cl-anp-batch64-step10k step 46000 lr 2.813e-04 [train_loss] loss -0.7706 cl_loss 3.3185 (3.810 secs)
cl-anp:cl-anp-batch64-step10k step 46200 lr 2.798e-04 [train_loss] loss -0.7847 cl_loss 3.3221 (3.800 secs)
cl-anp:cl-anp-batch64-step10k step 46400 lr 2.782e-04 [train_loss] loss -0.7443 cl_loss 3.3338 (3.698 secs)
cl-anp:cl-anp-batch64-step10k step 46600 lr 2.767e-04 [train_loss] loss -0.7858 cl_loss 3.3127 (3.552 secs)
cl-anp:cl-anp-batch64-step10k step 46800 lr 2.751e-04 [train_loss] loss -0.7540 cl_loss 3.3319 (6.697 secs)
cl-anp:cl-anp-batch64-step10k step 47000 lr 2.735e-04 [train_loss] loss -0.7715 cl_loss 3.3294 (5.597 secs)
cl-anp:cl-anp-batch64-step10k step 47200 lr 2.720e-04 [train_loss] loss -0.7757 cl_loss 3.3200 (4.695 secs)
cl-anp:cl-anp-batch64-step10k step 47400 lr 2.704e-04 [train_loss] loss -0.7748 cl_loss 3.3151 (3.995 secs)
cl-anp:cl-anp-batch64-step10k step 47600 lr 2.688e-04 [train_loss] loss -0.7772 cl_loss 3.3192 (4.104 secs)
cl-anp:cl-anp-batch64-step10k step 47800 lr 2.673e-04 [train_loss] loss -0.7134 cl_loss 3.3398 (3.627 secs)
cl-anp:cl-anp-batch64-step10k step 48000 lr 2.657e-04 [train_loss] loss -0.7104 cl_loss 3.3437 (3.668 secs)
cl-anp:cl-anp-batch64-step10k step 48200 lr 2.641e-04 [train_loss] loss -0.7731 cl_loss 3.3248 (4.644 secs)
cl-anp:cl-anp-batch64-step10k step 48400 lr 2.626e-04 [train_loss] loss -0.7563 cl_loss 3.3234 (6.438 secs)
cl-anp:cl-anp-batch64-step10k step 48600 lr 2.610e-04 [train_loss] loss -0.7931 cl_loss 3.3019 (5.099 secs)
cl-anp:cl-anp-batch64-step10k step 48800 lr 2.594e-04 [train_loss] loss -0.7747 cl_loss 3.3278 (3.940 secs)
cl-anp:cl-anp-batch64-step10k step 49000 lr 2.579e-04 [train_loss] loss -0.7278 cl_loss 3.3337 (3.755 secs)
cl-anp:cl-anp-batch64-step10k step 49200 lr 2.563e-04 [train_loss] loss -0.7808 cl_loss 3.3308 (3.936 secs)
cl-anp:cl-anp-batch64-step10k step 49400 lr 2.547e-04 [train_loss] loss -0.7405 cl_loss 3.3493 (6.094 secs)
cl-anp:cl-anp-batch64-step10k step 49600 lr 2.531e-04 [train_loss] loss -0.7610 cl_loss 3.3191 (4.146 secs)
cl-anp:cl-anp-batch64-step10k step 49800 lr 2.516e-04 [train_loss] loss -0.7928 cl_loss 3.3187 (3.871 secs)
cl-anp:cl-anp-batch64-step10k step 50000 lr 2.500e-04 [train_loss] loss -0.7258 cl_loss 3.3309 (5.538 secs)
cl-anp:cl-anp-batch64-step10k rbf ctx_ll 1.3711 tar_ll 0.8129 (8.395 secs)

cl-anp:cl-anp-batch64-step10k step 50200 lr 2.484e-04 [train_loss] loss -0.7387 cl_loss 3.3180 (3.824 secs)
cl-anp:cl-anp-batch64-step10k step 50400 lr 2.469e-04 [train_loss] loss -0.7686 cl_loss 3.3277 (4.098 secs)
cl-anp:cl-anp-batch64-step10k step 50600 lr 2.453e-04 [train_loss] loss -0.7743 cl_loss 3.3250 (4.233 secs)
cl-anp:cl-anp-batch64-step10k step 50800 lr 2.437e-04 [train_loss] loss -0.7467 cl_loss 3.3101 (4.141 secs)
cl-anp:cl-anp-batch64-step10k step 51000 lr 2.421e-04 [train_loss] loss -0.7597 cl_loss 3.3121 (3.470 secs)
cl-anp:cl-anp-batch64-step10k step 51200 lr 2.406e-04 [train_loss] loss -0.7432 cl_loss 3.3222 (5.212 secs)
cl-anp:cl-anp-batch64-step10k step 51400 lr 2.390e-04 [train_loss] loss -0.7487 cl_loss 3.3064 (6.287 secs)
cl-anp:cl-anp-batch64-step10k step 51600 lr 2.374e-04 [train_loss] loss -0.7352 cl_loss 3.3350 (5.188 secs)
cl-anp:cl-anp-batch64-step10k step 51800 lr 2.359e-04 [train_loss] loss -0.7401 cl_loss 3.3222 (5.090 secs)
cl-anp:cl-anp-batch64-step10k step 52000 lr 2.343e-04 [train_loss] loss -0.7312 cl_loss 3.3316 (5.912 secs)
cl-anp:cl-anp-batch64-step10k step 52200 lr 2.327e-04 [train_loss] loss -0.7625 cl_loss 3.3169 (5.403 secs)
cl-anp:cl-anp-batch64-step10k step 52400 lr 2.312e-04 [train_loss] loss -0.7738 cl_loss 3.3223 (4.829 secs)
cl-anp:cl-anp-batch64-step10k step 52600 lr 2.296e-04 [train_loss] loss -0.7228 cl_loss 3.3146 (3.893 secs)
cl-anp:cl-anp-batch64-step10k step 52800 lr 2.280e-04 [train_loss] loss -0.7770 cl_loss 3.3053 (4.100 secs)
cl-anp:cl-anp-batch64-step10k step 53000 lr 2.265e-04 [train_loss] loss -0.7550 cl_loss 3.3190 (3.546 secs)
cl-anp:cl-anp-batch64-step10k step 53200 lr 2.249e-04 [train_loss] loss -0.7445 cl_loss 3.3273 (3.580 secs)
cl-anp:cl-anp-batch64-step10k step 53400 lr 2.233e-04 [train_loss] loss -0.7470 cl_loss 3.3107 (4.685 secs)
cl-anp:cl-anp-batch64-step10k step 53600 lr 2.218e-04 [train_loss] loss -0.7399 cl_loss 3.3262 (5.480 secs)
cl-anp:cl-anp-batch64-step10k step 53800 lr 2.202e-04 [train_loss] loss -0.8051 cl_loss 3.2962 (5.198 secs)
cl-anp:cl-anp-batch64-step10k step 54000 lr 2.187e-04 [train_loss] loss -0.7255 cl_loss 3.3166 (4.978 secs)
cl-anp:cl-anp-batch64-step10k step 54200 lr 2.171e-04 [train_loss] loss -0.8036 cl_loss 3.3121 (3.810 secs)
cl-anp:cl-anp-batch64-step10k step 54400 lr 2.156e-04 [train_loss] loss -0.7980 cl_loss 3.2996 (4.119 secs)
cl-anp:cl-anp-batch64-step10k step 54600 lr 2.140e-04 [train_loss] loss -0.7993 cl_loss 3.2907 (3.691 secs)
cl-anp:cl-anp-batch64-step10k step 54800 lr 2.124e-04 [train_loss] loss -0.7423 cl_loss 3.3074 (4.002 secs)
cl-anp:cl-anp-batch64-step10k step 55000 lr 2.109e-04 [train_loss] loss -0.7793 cl_loss 3.3082 (4.041 secs)
cl-anp:cl-anp-batch64-step10k rbf ctx_ll 1.3735 tar_ll 0.8169 (8.479 secs)

cl-anp:cl-anp-batch64-step10k step 55200 lr 2.093e-04 [train_loss] loss -0.7883 cl_loss 3.3165 (6.367 secs)
cl-anp:cl-anp-batch64-step10k step 55400 lr 2.078e-04 [train_loss] loss -0.7654 cl_loss 3.3296 (5.275 secs)
cl-anp:cl-anp-batch64-step10k step 55600 lr 2.062e-04 [train_loss] loss -0.7112 cl_loss 3.3237 (4.418 secs)
cl-anp:cl-anp-batch64-step10k step 55800 lr 2.047e-04 [train_loss] loss -0.7190 cl_loss 3.3270 (3.949 secs)
cl-anp:cl-anp-batch64-step10k step 56000 lr 2.032e-04 [train_loss] loss -0.7756 cl_loss 3.3249 (3.981 secs)
cl-anp:cl-anp-batch64-step10k step 56200 lr 2.016e-04 [train_loss] loss -0.7813 cl_loss 3.3076 (3.696 secs)
cl-anp:cl-anp-batch64-step10k step 56400 lr 2.001e-04 [train_loss] loss -0.7868 cl_loss 3.2982 (3.964 secs)
cl-anp:cl-anp-batch64-step10k step 56600 lr 1.985e-04 [train_loss] loss -0.7855 cl_loss 3.3023 (4.063 secs)
cl-anp:cl-anp-batch64-step10k step 56800 lr 1.970e-04 [train_loss] loss -0.7585 cl_loss 3.3195 (5.863 secs)
cl-anp:cl-anp-batch64-step10k step 57000 lr 1.955e-04 [train_loss] loss -0.7731 cl_loss 3.3222 (5.357 secs)
cl-anp:cl-anp-batch64-step10k step 57200 lr 1.939e-04 [train_loss] loss -0.8254 cl_loss 3.2938 (5.738 secs)
cl-anp:cl-anp-batch64-step10k step 57400 lr 1.924e-04 [train_loss] loss -0.7564 cl_loss 3.3002 (6.009 secs)
cl-anp:cl-anp-batch64-step10k step 57600 lr 1.909e-04 [train_loss] loss -0.7820 cl_loss 3.3073 (4.725 secs)
cl-anp:cl-anp-batch64-step10k step 57800 lr 1.894e-04 [train_loss] loss -0.7304 cl_loss 3.3131 (4.382 secs)
cl-anp:cl-anp-batch64-step10k step 58000 lr 1.878e-04 [train_loss] loss -0.7311 cl_loss 3.3378 (4.557 secs)
cl-anp:cl-anp-batch64-step10k step 58200 lr 1.863e-04 [train_loss] loss -0.7495 cl_loss 3.3185 (4.212 secs)
cl-anp:cl-anp-batch64-step10k step 58400 lr 1.848e-04 [train_loss] loss -0.7601 cl_loss 3.2934 (4.228 secs)
cl-anp:cl-anp-batch64-step10k step 58600 lr 1.833e-04 [train_loss] loss -0.7270 cl_loss 3.3141 (4.033 secs)
cl-anp:cl-anp-batch64-step10k step 58800 lr 1.818e-04 [train_loss] loss -0.7819 cl_loss 3.3175 (3.966 secs)
cl-anp:cl-anp-batch64-step10k step 59000 lr 1.803e-04 [train_loss] loss -0.7618 cl_loss 3.3210 (3.989 secs)
cl-anp:cl-anp-batch64-step10k step 59200 lr 1.787e-04 [train_loss] loss -0.7734 cl_loss 3.3207 (5.712 secs)
cl-anp:cl-anp-batch64-step10k step 59400 lr 1.772e-04 [train_loss] loss -0.7994 cl_loss 3.3163 (4.784 secs)
cl-anp:cl-anp-batch64-step10k step 59600 lr 1.757e-04 [train_loss] loss -0.7939 cl_loss 3.3107 (4.485 secs)
cl-anp:cl-anp-batch64-step10k step 59800 lr 1.742e-04 [train_loss] loss -0.7668 cl_loss 3.3252 (5.409 secs)
cl-anp:cl-anp-batch64-step10k step 60000 lr 1.727e-04 [train_loss] loss -0.7739 cl_loss 3.2944 (5.286 secs)
cl-anp:cl-anp-batch64-step10k rbf ctx_ll 1.3726 tar_ll 0.8223 (8.266 secs)

cl-anp:cl-anp-batch64-step10k step 60200 lr 1.713e-04 [train_loss] loss -0.7793 cl_loss 3.2957 (4.747 secs)
cl-anp:cl-anp-batch64-step10k step 60400 lr 1.698e-04 [train_loss] loss -0.7529 cl_loss 3.2888 (5.351 secs)
cl-anp:cl-anp-batch64-step10k step 60600 lr 1.683e-04 [train_loss] loss -0.7385 cl_loss 3.3213 (4.789 secs)
cl-anp:cl-anp-batch64-step10k step 60800 lr 1.668e-04 [train_loss] loss -0.7965 cl_loss 3.3118 (4.237 secs)
cl-anp:cl-anp-batch64-step10k step 61000 lr 1.653e-04 [train_loss] loss -0.7893 cl_loss 3.3174 (3.953 secs)
cl-anp:cl-anp-batch64-step10k step 61200 lr 1.638e-04 [train_loss] loss -0.7646 cl_loss 3.3096 (4.117 secs)
cl-anp:cl-anp-batch64-step10k step 61400 lr 1.624e-04 [train_loss] loss -0.7640 cl_loss 3.3213 (3.504 secs)
cl-anp:cl-anp-batch64-step10k step 61600 lr 1.609e-04 [train_loss] loss -0.7878 cl_loss 3.2900 (4.506 secs)
cl-anp:cl-anp-batch64-step10k step 61800 lr 1.594e-04 [train_loss] loss -0.7676 cl_loss 3.3061 (6.669 secs)
cl-anp:cl-anp-batch64-step10k step 62000 lr 1.580e-04 [train_loss] loss -0.7682 cl_loss 3.2979 (5.192 secs)
cl-anp:cl-anp-batch64-step10k step 62200 lr 1.565e-04 [train_loss] loss -0.7884 cl_loss 3.3084 (3.897 secs)
cl-anp:cl-anp-batch64-step10k step 62400 lr 1.551e-04 [train_loss] loss -0.7823 cl_loss 3.2952 (3.788 secs)
cl-anp:cl-anp-batch64-step10k step 62600 lr 1.536e-04 [train_loss] loss -0.7181 cl_loss 3.3342 (3.587 secs)
cl-anp:cl-anp-batch64-step10k step 62800 lr 1.522e-04 [train_loss] loss -0.7360 cl_loss 3.3004 (4.443 secs)
cl-anp:cl-anp-batch64-step10k step 63000 lr 1.507e-04 [train_loss] loss -0.7841 cl_loss 3.3170 (3.661 secs)
cl-anp:cl-anp-batch64-step10k step 63200 lr 1.493e-04 [train_loss] loss -0.8013 cl_loss 3.2974 (5.461 secs)
cl-anp:cl-anp-batch64-step10k step 63400 lr 1.478e-04 [train_loss] loss -0.7087 cl_loss 3.2984 (5.973 secs)
cl-anp:cl-anp-batch64-step10k step 63600 lr 1.464e-04 [train_loss] loss -0.7293 cl_loss 3.3256 (5.025 secs)
cl-anp:cl-anp-batch64-step10k step 63800 lr 1.450e-04 [train_loss] loss -0.7865 cl_loss 3.3094 (4.014 secs)
cl-anp:cl-anp-batch64-step10k step 64000 lr 1.436e-04 [train_loss] loss -0.7693 cl_loss 3.2962 (3.965 secs)
cl-anp:cl-anp-batch64-step10k step 64200 lr 1.421e-04 [train_loss] loss -0.7755 cl_loss 3.3173 (3.509 secs)
cl-anp:cl-anp-batch64-step10k step 64400 lr 1.407e-04 [train_loss] loss -0.7816 cl_loss 3.2927 (3.954 secs)
cl-anp:cl-anp-batch64-step10k step 64600 lr 1.393e-04 [train_loss] loss -0.8008 cl_loss 3.2996 (3.649 secs)
cl-anp:cl-anp-batch64-step10k step 64800 lr 1.379e-04 [train_loss] loss -0.7603 cl_loss 3.3088 (4.478 secs)
cl-anp:cl-anp-batch64-step10k step 65000 lr 1.365e-04 [train_loss] loss -0.7822 cl_loss 3.2966 (5.390 secs)
cl-anp:cl-anp-batch64-step10k rbf ctx_ll 1.3747 tar_ll 0.8262 (8.221 secs)

cl-anp:cl-anp-batch64-step10k step 65200 lr 1.351e-04 [train_loss] loss -0.7933 cl_loss 3.3187 (5.682 secs)
cl-anp:cl-anp-batch64-step10k step 65400 lr 1.337e-04 [train_loss] loss -0.7915 cl_loss 3.2887 (4.101 secs)
cl-anp:cl-anp-batch64-step10k step 65600 lr 1.323e-04 [train_loss] loss -0.8252 cl_loss 3.2922 (4.109 secs)
cl-anp:cl-anp-batch64-step10k step 65800 lr 1.309e-04 [train_loss] loss -0.7821 cl_loss 3.3118 (3.926 secs)
cl-anp:cl-anp-batch64-step10k step 66000 lr 1.296e-04 [train_loss] loss -0.7470 cl_loss 3.3111 (6.281 secs)
cl-anp:cl-anp-batch64-step10k step 66200 lr 1.282e-04 [train_loss] loss -0.8011 cl_loss 3.2896 (5.155 secs)
cl-anp:cl-anp-batch64-step10k step 66400 lr 1.268e-04 [train_loss] loss -0.7874 cl_loss 3.3105 (3.544 secs)
cl-anp:cl-anp-batch64-step10k step 66600 lr 1.255e-04 [train_loss] loss -0.7541 cl_loss 3.2879 (3.461 secs)
cl-anp:cl-anp-batch64-step10k step 66800 lr 1.241e-04 [train_loss] loss -0.7888 cl_loss 3.3102 (5.549 secs)
cl-anp:cl-anp-batch64-step10k step 67000 lr 1.227e-04 [train_loss] loss -0.7993 cl_loss 3.3132 (4.894 secs)
cl-anp:cl-anp-batch64-step10k step 67200 lr 1.214e-04 [train_loss] loss -0.7901 cl_loss 3.2937 (4.694 secs)
cl-anp:cl-anp-batch64-step10k step 67400 lr 1.200e-04 [train_loss] loss -0.7640 cl_loss 3.3030 (5.923 secs)
cl-anp:cl-anp-batch64-step10k step 67600 lr 1.187e-04 [train_loss] loss -0.8040 cl_loss 3.3094 (4.701 secs)
cl-anp:cl-anp-batch64-step10k step 67800 lr 1.174e-04 [train_loss] loss -0.7871 cl_loss 3.3025 (4.050 secs)
cl-anp:cl-anp-batch64-step10k step 68000 lr 1.160e-04 [train_loss] loss -0.7959 cl_loss 3.2892 (4.462 secs)
cl-anp:cl-anp-batch64-step10k step 68200 lr 1.147e-04 [train_loss] loss -0.7784 cl_loss 3.3099 (3.785 secs)
cl-anp:cl-anp-batch64-step10k step 68400 lr 1.134e-04 [train_loss] loss -0.8046 cl_loss 3.3022 (3.860 secs)
cl-anp:cl-anp-batch64-step10k step 68600 lr 1.121e-04 [train_loss] loss -0.7377 cl_loss 3.3170 (3.779 secs)
cl-anp:cl-anp-batch64-step10k step 68800 lr 1.108e-04 [train_loss] loss -0.8049 cl_loss 3.2954 (3.735 secs)
cl-anp:cl-anp-batch64-step10k step 69000 lr 1.095e-04 [train_loss] loss -0.7572 cl_loss 3.3088 (5.100 secs)
cl-anp:cl-anp-batch64-step10k step 69200 lr 1.082e-04 [train_loss] loss -0.7872 cl_loss 3.2986 (6.046 secs)
cl-anp:cl-anp-batch64-step10k step 69400 lr 1.069e-04 [train_loss] loss -0.7322 cl_loss 3.3059 (4.699 secs)
cl-anp:cl-anp-batch64-step10k step 69600 lr 1.056e-04 [train_loss] loss -0.7885 cl_loss 3.2978 (4.586 secs)
cl-anp:cl-anp-batch64-step10k step 69800 lr 1.043e-04 [train_loss] loss -0.7626 cl_loss 3.3224 (4.459 secs)
cl-anp:cl-anp-batch64-step10k step 70000 lr 1.031e-04 [train_loss] loss -0.7735 cl_loss 3.3084 (4.973 secs)
cl-anp:cl-anp-batch64-step10k rbf ctx_ll 1.3759 tar_ll 0.8291 (7.875 secs)

cl-anp:cl-anp-batch64-step10k step 70200 lr 1.018e-04 [train_loss] loss -0.7496 cl_loss 3.3066 (4.399 secs)
cl-anp:cl-anp-batch64-step10k step 70400 lr 1.005e-04 [train_loss] loss -0.7770 cl_loss 3.2914 (3.823 secs)
cl-anp:cl-anp-batch64-step10k step 70600 lr 9.927e-05 [train_loss] loss -0.7149 cl_loss 3.3181 (4.108 secs)
cl-anp:cl-anp-batch64-step10k step 70800 lr 9.802e-05 [train_loss] loss -0.7971 cl_loss 3.2980 (3.500 secs)
cl-anp:cl-anp-batch64-step10k step 71000 lr 9.677e-05 [train_loss] loss -0.8046 cl_loss 3.2846 (3.489 secs)
cl-anp:cl-anp-batch64-step10k step 71200 lr 9.554e-05 [train_loss] loss -0.7608 cl_loss 3.3154 (3.538 secs)
cl-anp:cl-anp-batch64-step10k step 71400 lr 9.430e-05 [train_loss] loss -0.7685 cl_loss 3.3048 (3.575 secs)
cl-anp:cl-anp-batch64-step10k step 71600 lr 9.308e-05 [train_loss] loss -0.7426 cl_loss 3.3198 (3.404 secs)
cl-anp:cl-anp-batch64-step10k step 71800 lr 9.186e-05 [train_loss] loss -0.8004 cl_loss 3.2915 (4.253 secs)
cl-anp:cl-anp-batch64-step10k step 72000 lr 9.064e-05 [train_loss] loss -0.7527 cl_loss 3.2934 (4.296 secs)
cl-anp:cl-anp-batch64-step10k step 72200 lr 8.944e-05 [train_loss] loss -0.7829 cl_loss 3.3026 (4.079 secs)
cl-anp:cl-anp-batch64-step10k step 72400 lr 8.824e-05 [train_loss] loss -0.8134 cl_loss 3.2915 (4.048 secs)
cl-anp:cl-anp-batch64-step10k step 72600 lr 8.704e-05 [train_loss] loss -0.8102 cl_loss 3.2973 (4.606 secs)
cl-anp:cl-anp-batch64-step10k step 72800 lr 8.585e-05 [train_loss] loss -0.8128 cl_loss 3.2820 (5.865 secs)
cl-anp:cl-anp-batch64-step10k step 73000 lr 8.467e-05 [train_loss] loss -0.7537 cl_loss 3.3050 (4.127 secs)
cl-anp:cl-anp-batch64-step10k step 73200 lr 8.350e-05 [train_loss] loss -0.7684 cl_loss 3.3098 (3.840 secs)
cl-anp:cl-anp-batch64-step10k step 73400 lr 8.233e-05 [train_loss] loss -0.7673 cl_loss 3.3079 (3.449 secs)
cl-anp:cl-anp-batch64-step10k step 73600 lr 8.117e-05 [train_loss] loss -0.7618 cl_loss 3.3099 (5.971 secs)
cl-anp:cl-anp-batch64-step10k step 73800 lr 8.001e-05 [train_loss] loss -0.7608 cl_loss 3.2948 (5.661 secs)
cl-anp:cl-anp-batch64-step10k step 74000 lr 7.886e-05 [train_loss] loss -0.8119 cl_loss 3.2847 (4.721 secs)
cl-anp:cl-anp-batch64-step10k step 74200 lr 7.772e-05 [train_loss] loss -0.7969 cl_loss 3.2945 (4.752 secs)
cl-anp:cl-anp-batch64-step10k step 74400 lr 7.659e-05 [train_loss] loss -0.7408 cl_loss 3.2992 (4.009 secs)
cl-anp:cl-anp-batch64-step10k step 74600 lr 7.546e-05 [train_loss] loss -0.8138 cl_loss 3.2884 (4.065 secs)
cl-anp:cl-anp-batch64-step10k step 74800 lr 7.434e-05 [train_loss] loss -0.7500 cl_loss 3.3241 (3.588 secs)
cl-anp:cl-anp-batch64-step10k step 75000 lr 7.322e-05 [train_loss] loss -0.7789 cl_loss 3.3131 (3.782 secs)
cl-anp:cl-anp-batch64-step10k rbf ctx_ll 1.3763 tar_ll 0.8282 (7.666 secs)

cl-anp:cl-anp-batch64-step10k step 75200 lr 7.212e-05 [train_loss] loss -0.7843 cl_loss 3.3061 (3.594 secs)
cl-anp:cl-anp-batch64-step10k step 75400 lr 7.102e-05 [train_loss] loss -0.7825 cl_loss 3.2974 (3.689 secs)
cl-anp:cl-anp-batch64-step10k step 75600 lr 6.992e-05 [train_loss] loss -0.7495 cl_loss 3.3210 (3.507 secs)
cl-anp:cl-anp-batch64-step10k step 75800 lr 6.884e-05 [train_loss] loss -0.7730 cl_loss 3.2990 (3.371 secs)
cl-anp:cl-anp-batch64-step10k step 76000 lr 6.776e-05 [train_loss] loss -0.7828 cl_loss 3.2835 (6.097 secs)
cl-anp:cl-anp-batch64-step10k step 76200 lr 6.669e-05 [train_loss] loss -0.8070 cl_loss 3.2907 (5.296 secs)
cl-anp:cl-anp-batch64-step10k step 76400 lr 6.562e-05 [train_loss] loss -0.7675 cl_loss 3.3016 (4.975 secs)
cl-anp:cl-anp-batch64-step10k step 76600 lr 6.456e-05 [train_loss] loss -0.7556 cl_loss 3.3109 (3.977 secs)
cl-anp:cl-anp-batch64-step10k step 76800 lr 6.351e-05 [train_loss] loss -0.7372 cl_loss 3.2948 (4.454 secs)
cl-anp:cl-anp-batch64-step10k step 77000 lr 6.247e-05 [train_loss] loss -0.7489 cl_loss 3.3018 (6.349 secs)
cl-anp:cl-anp-batch64-step10k step 77200 lr 6.144e-05 [train_loss] loss -0.7140 cl_loss 3.3206 (4.945 secs)
cl-anp:cl-anp-batch64-step10k step 77400 lr 6.041e-05 [train_loss] loss -0.7418 cl_loss 3.3196 (4.137 secs)
cl-anp:cl-anp-batch64-step10k step 77600 lr 5.939e-05 [train_loss] loss -0.7613 cl_loss 3.3084 (3.548 secs)
cl-anp:cl-anp-batch64-step10k step 77800 lr 5.838e-05 [train_loss] loss -0.7566 cl_loss 3.3092 (4.070 secs)
cl-anp:cl-anp-batch64-step10k step 78000 lr 5.737e-05 [train_loss] loss -0.7764 cl_loss 3.3091 (3.280 secs)
cl-anp:cl-anp-batch64-step10k step 78200 lr 5.637e-05 [train_loss] loss -0.7887 cl_loss 3.2904 (4.879 secs)
cl-anp:cl-anp-batch64-step10k step 78400 lr 5.538e-05 [train_loss] loss -0.7949 cl_loss 3.2978 (5.735 secs)
cl-anp:cl-anp-batch64-step10k step 78600 lr 5.440e-05 [train_loss] loss -0.7536 cl_loss 3.2957 (5.257 secs)
cl-anp:cl-anp-batch64-step10k step 78800 lr 5.343e-05 [train_loss] loss -0.7740 cl_loss 3.3011 (3.869 secs)
cl-anp:cl-anp-batch64-step10k step 79000 lr 5.246e-05 [train_loss] loss -0.7880 cl_loss 3.2961 (3.797 secs)
cl-anp:cl-anp-batch64-step10k step 79200 lr 5.150e-05 [train_loss] loss -0.7452 cl_loss 3.3220 (3.505 secs)
cl-anp:cl-anp-batch64-step10k step 79400 lr 5.055e-05 [train_loss] loss -0.7903 cl_loss 3.2906 (4.036 secs)
cl-anp:cl-anp-batch64-step10k step 79600 lr 4.961e-05 [train_loss] loss -0.7992 cl_loss 3.2814 (4.052 secs)
cl-anp:cl-anp-batch64-step10k step 79800 lr 4.867e-05 [train_loss] loss -0.8208 cl_loss 3.3002 (3.741 secs)
cl-anp:cl-anp-batch64-step10k step 80000 lr 4.775e-05 [train_loss] loss -0.7576 cl_loss 3.3140 (3.891 secs)
cl-anp:cl-anp-batch64-step10k rbf ctx_ll 1.3766 tar_ll 0.8325 (8.135 secs)

cl-anp:cl-anp-batch64-step10k step 80200 lr 4.683e-05 [train_loss] loss -0.7398 cl_loss 3.2985 (4.803 secs)
cl-anp:cl-anp-batch64-step10k step 80400 lr 4.592e-05 [train_loss] loss -0.7726 cl_loss 3.2982 (4.834 secs)
cl-anp:cl-anp-batch64-step10k step 80600 lr 4.501e-05 [train_loss] loss -0.8103 cl_loss 3.2922 (3.910 secs)
cl-anp:cl-anp-batch64-step10k step 80800 lr 4.412e-05 [train_loss] loss -0.7568 cl_loss 3.3085 (4.797 secs)
cl-anp:cl-anp-batch64-step10k step 81000 lr 4.323e-05 [train_loss] loss -0.8026 cl_loss 3.3010 (3.356 secs)
cl-anp:cl-anp-batch64-step10k step 81200 lr 4.235e-05 [train_loss] loss -0.8279 cl_loss 3.2867 (3.440 secs)
cl-anp:cl-anp-batch64-step10k step 81400 lr 4.148e-05 [train_loss] loss -0.7437 cl_loss 3.3046 (3.403 secs)
cl-anp:cl-anp-batch64-step10k step 81600 lr 4.062e-05 [train_loss] loss -0.7897 cl_loss 3.2881 (6.775 secs)
cl-anp:cl-anp-batch64-step10k step 81800 lr 3.976e-05 [train_loss] loss -0.7767 cl_loss 3.3014 (5.069 secs)
cl-anp:cl-anp-batch64-step10k step 82000 lr 3.892e-05 [train_loss] loss -0.7965 cl_loss 3.2930 (4.059 secs)
cl-anp:cl-anp-batch64-step10k step 82200 lr 3.808e-05 [train_loss] loss -0.7721 cl_loss 3.2922 (3.960 secs)
cl-anp:cl-anp-batch64-step10k step 82400 lr 3.725e-05 [train_loss] loss -0.7701 cl_loss 3.2970 (4.853 secs)
cl-anp:cl-anp-batch64-step10k step 82600 lr 3.643e-05 [train_loss] loss -0.8222 cl_loss 3.2750 (4.472 secs)
cl-anp:cl-anp-batch64-step10k step 82800 lr 3.562e-05 [train_loss] loss -0.7944 cl_loss 3.3064 (4.044 secs)
cl-anp:cl-anp-batch64-step10k step 83000 lr 3.481e-05 [train_loss] loss -0.8167 cl_loss 3.3014 (3.617 secs)
cl-anp:cl-anp-batch64-step10k step 83200 lr 3.402e-05 [train_loss] loss -0.8023 cl_loss 3.2881 (3.599 secs)
cl-anp:cl-anp-batch64-step10k step 83400 lr 3.323e-05 [train_loss] loss -0.7726 cl_loss 3.2997 (3.526 secs)
cl-anp:cl-anp-batch64-step10k step 83600 lr 3.245e-05 [train_loss] loss -0.7432 cl_loss 3.2900 (4.981 secs)
cl-anp:cl-anp-batch64-step10k step 83800 lr 3.168e-05 [train_loss] loss -0.7799 cl_loss 3.2979 (4.121 secs)
cl-anp:cl-anp-batch64-step10k step 84000 lr 3.092e-05 [train_loss] loss -0.8129 cl_loss 3.2896 (4.153 secs)
cl-anp:cl-anp-batch64-step10k step 84200 lr 3.017e-05 [train_loss] loss -0.7867 cl_loss 3.2947 (5.133 secs)
cl-anp:cl-anp-batch64-step10k step 84400 lr 2.943e-05 [train_loss] loss -0.7769 cl_loss 3.2904 (3.480 secs)
cl-anp:cl-anp-batch64-step10k step 84600 lr 2.869e-05 [train_loss] loss -0.7992 cl_loss 3.3048 (3.449 secs)
cl-anp:cl-anp-batch64-step10k step 84800 lr 2.797e-05 [train_loss] loss -0.7694 cl_loss 3.2910 (5.298 secs)
cl-anp:cl-anp-batch64-step10k step 85000 lr 2.725e-05 [train_loss] loss -0.8034 cl_loss 3.2822 (5.871 secs)
cl-anp:cl-anp-batch64-step10k rbf ctx_ll 1.3774 tar_ll 0.8356 (8.197 secs)

cl-anp:cl-anp-batch64-step10k step 85200 lr 2.654e-05 [train_loss] loss -0.8196 cl_loss 3.2767 (4.948 secs)
cl-anp:cl-anp-batch64-step10k step 85400 lr 2.584e-05 [train_loss] loss -0.7532 cl_loss 3.3154 (4.256 secs)
cl-anp:cl-anp-batch64-step10k step 85600 lr 2.515e-05 [train_loss] loss -0.7761 cl_loss 3.3121 (4.404 secs)
cl-anp:cl-anp-batch64-step10k step 85800 lr 2.447e-05 [train_loss] loss -0.7385 cl_loss 3.3120 (4.407 secs)
cl-anp:cl-anp-batch64-step10k step 86000 lr 2.379e-05 [train_loss] loss -0.7973 cl_loss 3.2950 (3.601 secs)
cl-anp:cl-anp-batch64-step10k step 86200 lr 2.313e-05 [train_loss] loss -0.7976 cl_loss 3.3007 (4.361 secs)
cl-anp:cl-anp-batch64-step10k step 86400 lr 2.247e-05 [train_loss] loss -0.7468 cl_loss 3.3065 (6.528 secs)
cl-anp:cl-anp-batch64-step10k step 86600 lr 2.183e-05 [train_loss] loss -0.7731 cl_loss 3.3074 (5.855 secs)
cl-anp:cl-anp-batch64-step10k step 86800 lr 2.119e-05 [train_loss] loss -0.7825 cl_loss 3.2929 (5.207 secs)
cl-anp:cl-anp-batch64-step10k step 87000 lr 2.056e-05 [train_loss] loss -0.7804 cl_loss 3.3082 (4.923 secs)
cl-anp:cl-anp-batch64-step10k step 87200 lr 1.994e-05 [train_loss] loss -0.8094 cl_loss 3.2840 (4.375 secs)
cl-anp:cl-anp-batch64-step10k step 87400 lr 1.933e-05 [train_loss] loss -0.7878 cl_loss 3.3065 (4.091 secs)
cl-anp:cl-anp-batch64-step10k step 87600 lr 1.873e-05 [train_loss] loss -0.7891 cl_loss 3.2973 (5.645 secs)
cl-anp:cl-anp-batch64-step10k step 87800 lr 1.814e-05 [train_loss] loss -0.8081 cl_loss 3.2939 (3.650 secs)
cl-anp:cl-anp-batch64-step10k step 88000 lr 1.756e-05 [train_loss] loss -0.7784 cl_loss 3.3109 (4.072 secs)
cl-anp:cl-anp-batch64-step10k step 88200 lr 1.698e-05 [train_loss] loss -0.8013 cl_loss 3.2958 (3.852 secs)
cl-anp:cl-anp-batch64-step10k step 88400 lr 1.642e-05 [train_loss] loss -0.7524 cl_loss 3.3062 (3.788 secs)
cl-anp:cl-anp-batch64-step10k step 88600 lr 1.586e-05 [train_loss] loss -0.7609 cl_loss 3.2947 (5.764 secs)
cl-anp:cl-anp-batch64-step10k step 88800 lr 1.532e-05 [train_loss] loss -0.7985 cl_loss 3.2985 (5.791 secs)
cl-anp:cl-anp-batch64-step10k step 89000 lr 1.478e-05 [train_loss] loss -0.7599 cl_loss 3.2947 (4.570 secs)
cl-anp:cl-anp-batch64-step10k step 89200 lr 1.425e-05 [train_loss] loss -0.7952 cl_loss 3.3045 (4.041 secs)
cl-anp:cl-anp-batch64-step10k step 89400 lr 1.373e-05 [train_loss] loss -0.7448 cl_loss 3.3148 (3.770 secs)
cl-anp:cl-anp-batch64-step10k step 89600 lr 1.323e-05 [train_loss] loss -0.7890 cl_loss 3.3015 (3.713 secs)
cl-anp:cl-anp-batch64-step10k step 89800 lr 1.273e-05 [train_loss] loss -0.7694 cl_loss 3.2990 (3.496 secs)
cl-anp:cl-anp-batch64-step10k step 90000 lr 1.224e-05 [train_loss] loss -0.7807 cl_loss 3.2665 (3.550 secs)
cl-anp:cl-anp-batch64-step10k rbf ctx_ll 1.3778 tar_ll 0.8368 (7.784 secs)

cl-anp:cl-anp-batch64-step10k step 90200 lr 1.176e-05 [train_loss] loss -0.7986 cl_loss 3.3168 (3.809 secs)
cl-anp:cl-anp-batch64-step10k step 90400 lr 1.128e-05 [train_loss] loss -0.7849 cl_loss 3.3120 (3.674 secs)
cl-anp:cl-anp-batch64-step10k step 90600 lr 1.082e-05 [train_loss] loss -0.7896 cl_loss 3.2921 (3.590 secs)
cl-anp:cl-anp-batch64-step10k step 90800 lr 1.037e-05 [train_loss] loss -0.7676 cl_loss 3.3086 (3.634 secs)
cl-anp:cl-anp-batch64-step10k step 91000 lr 9.927e-06 [train_loss] loss -0.7634 cl_loss 3.2950 (3.335 secs)
cl-anp:cl-anp-batch64-step10k step 91200 lr 9.493e-06 [train_loss] loss -0.7810 cl_loss 3.3093 (3.711 secs)
cl-anp:cl-anp-batch64-step10k step 91400 lr 9.069e-06 [train_loss] loss -0.7944 cl_loss 3.2799 (3.596 secs)
cl-anp:cl-anp-batch64-step10k step 91600 lr 8.655e-06 [train_loss] loss -0.8268 cl_loss 3.2778 (3.812 secs)
cl-anp:cl-anp-batch64-step10k step 91800 lr 8.250e-06 [train_loss] loss -0.8036 cl_loss 3.3011 (3.415 secs)
cl-anp:cl-anp-batch64-step10k step 92000 lr 7.854e-06 [train_loss] loss -0.8074 cl_loss 3.2788 (3.847 secs)
cl-anp:cl-anp-batch64-step10k step 92200 lr 7.468e-06 [train_loss] loss -0.7835 cl_loss 3.2938 (5.191 secs)
cl-anp:cl-anp-batch64-step10k step 92400 lr 7.092e-06 [train_loss] loss -0.8074 cl_loss 3.2927 (3.796 secs)
cl-anp:cl-anp-batch64-step10k step 92600 lr 6.725e-06 [train_loss] loss -0.7758 cl_loss 3.2928 (4.584 secs)
cl-anp:cl-anp-batch64-step10k step 92800 lr 6.368e-06 [train_loss] loss -0.7916 cl_loss 3.2905 (5.427 secs)
cl-anp:cl-anp-batch64-step10k step 93000 lr 6.021e-06 [train_loss] loss -0.7858 cl_loss 3.2858 (4.064 secs)
cl-anp:cl-anp-batch64-step10k step 93200 lr 5.683e-06 [train_loss] loss -0.8054 cl_loss 3.3047 (6.241 secs)
cl-anp:cl-anp-batch64-step10k step 93400 lr 5.355e-06 [train_loss] loss -0.7491 cl_loss 3.2898 (4.706 secs)
cl-anp:cl-anp-batch64-step10k step 93600 lr 5.036e-06 [train_loss] loss -0.7690 cl_loss 3.2962 (4.116 secs)
cl-anp:cl-anp-batch64-step10k step 93800 lr 4.727e-06 [train_loss] loss -0.7849 cl_loss 3.3045 (4.192 secs)
cl-anp:cl-anp-batch64-step10k step 94000 lr 4.428e-06 [train_loss] loss -0.7842 cl_loss 3.2776 (4.810 secs)
cl-anp:cl-anp-batch64-step10k step 94200 lr 4.139e-06 [train_loss] loss -0.7889 cl_loss 3.2953 (6.068 secs)
cl-anp:cl-anp-batch64-step10k step 94400 lr 3.859e-06 [train_loss] loss -0.7547 cl_loss 3.3241 (5.135 secs)
cl-anp:cl-anp-batch64-step10k step 94600 lr 3.589e-06 [train_loss] loss -0.8093 cl_loss 3.2859 (4.120 secs)
cl-anp:cl-anp-batch64-step10k step 94800 lr 3.329e-06 [train_loss] loss -0.8138 cl_loss 3.2740 (4.003 secs)
cl-anp:cl-anp-batch64-step10k step 95000 lr 3.078e-06 [train_loss] loss -0.7636 cl_loss 3.2992 (3.391 secs)
cl-anp:cl-anp-batch64-step10k rbf ctx_ll 1.3781 tar_ll 0.8378 (7.792 secs)

cl-anp:cl-anp-batch64-step10k step 95200 lr 2.837e-06 [train_loss] loss -0.7979 cl_loss 3.2956 (3.834 secs)
cl-anp:cl-anp-batch64-step10k step 95400 lr 2.606e-06 [train_loss] loss -0.8394 cl_loss 3.2804 (3.793 secs)
cl-anp:cl-anp-batch64-step10k step 95600 lr 2.385e-06 [train_loss] loss -0.8026 cl_loss 3.2962 (3.665 secs)
cl-anp:cl-anp-batch64-step10k step 95800 lr 2.173e-06 [train_loss] loss -0.8000 cl_loss 3.3046 (3.625 secs)
cl-anp:cl-anp-batch64-step10k step 96000 lr 1.971e-06 [train_loss] loss -0.8125 cl_loss 3.3031 (3.433 secs)
cl-anp:cl-anp-batch64-step10k step 96200 lr 1.779e-06 [train_loss] loss -0.7887 cl_loss 3.3086 (4.900 secs)
cl-anp:cl-anp-batch64-step10k step 96400 lr 1.597e-06 [train_loss] loss -0.7968 cl_loss 3.2893 (5.672 secs)
cl-anp:cl-anp-batch64-step10k step 96600 lr 1.425e-06 [train_loss] loss -0.8024 cl_loss 3.2915 (5.094 secs)
cl-anp:cl-anp-batch64-step10k step 96800 lr 1.262e-06 [train_loss] loss -0.7798 cl_loss 3.3008 (4.339 secs)
cl-anp:cl-anp-batch64-step10k step 97000 lr 1.110e-06 [train_loss] loss -0.7924 cl_loss 3.2932 (3.715 secs)
cl-anp:cl-anp-batch64-step10k step 97200 lr 9.666e-07 [train_loss] loss -0.7951 cl_loss 3.3008 (5.041 secs)
cl-anp:cl-anp-batch64-step10k step 97400 lr 8.335e-07 [train_loss] loss -0.7244 cl_loss 3.2879 (6.249 secs)
cl-anp:cl-anp-batch64-step10k step 97600 lr 7.103e-07 [train_loss] loss -0.7652 cl_loss 3.3028 (4.038 secs)
cl-anp:cl-anp-batch64-step10k step 97800 lr 5.969e-07 [train_loss] loss -0.7909 cl_loss 3.3002 (3.972 secs)
cl-anp:cl-anp-batch64-step10k step 98000 lr 4.933e-07 [train_loss] loss -0.7929 cl_loss 3.2800 (4.627 secs)
cl-anp:cl-anp-batch64-step10k step 98200 lr 3.996e-07 [train_loss] loss -0.7793 cl_loss 3.2899 (3.797 secs)
cl-anp:cl-anp-batch64-step10k step 98400 lr 3.158e-07 [train_loss] loss -0.8029 cl_loss 3.2916 (4.062 secs)
cl-anp:cl-anp-batch64-step10k step 98600 lr 2.418e-07 [train_loss] loss -0.7766 cl_loss 3.2966 (3.880 secs)
cl-anp:cl-anp-batch64-step10k step 98800 lr 1.776e-07 [train_loss] loss -0.7603 cl_loss 3.2992 (3.607 secs)
cl-anp:cl-anp-batch64-step10k step 99000 lr 1.234e-07 [train_loss] loss -0.8048 cl_loss 3.2953 (3.541 secs)
cl-anp:cl-anp-batch64-step10k step 99200 lr 7.895e-08 [train_loss] loss -0.8000 cl_loss 3.2900 (4.102 secs)
cl-anp:cl-anp-batch64-step10k step 99400 lr 4.441e-08 [train_loss] loss -0.7930 cl_loss 3.2906 (6.712 secs)
cl-anp:cl-anp-batch64-step10k step 99600 lr 1.974e-08 [train_loss] loss -0.7811 cl_loss 3.2895 (5.017 secs)
cl-anp:cl-anp-batch64-step10k step 99800 lr 4.935e-09 [train_loss] loss -0.7639 cl_loss 3.2952 (4.233 secs)
cl-anp:cl-anp-batch64-step10k step 100000 lr 0.000e+00 [train_loss] loss -0.7744 cl_loss 3.2876 (3.751 secs)
cl-anp:cl-anp-batch64-step10k rbf ctx_ll 1.3781 tar_ll 0.8382 (8.092 secs)

