Experiment: cl-np-cl-np-batch64-step10k
Total number of parameters: 232194

cl-np:cl-np-batch64-step10k step 200 lr 5.000e-04 [train_loss] loss 1.0251 cl_loss 4.1190 (3.604 secs)
cl-np:cl-np-batch64-step10k step 400 lr 5.000e-04 [train_loss] loss 0.8833 cl_loss 3.8172 (2.649 secs)
cl-np:cl-np-batch64-step10k step 600 lr 5.000e-04 [train_loss] loss 0.8041 cl_loss 3.7148 (2.924 secs)
cl-np:cl-np-batch64-step10k step 800 lr 4.999e-04 [train_loss] loss 0.7963 cl_loss 3.6969 (2.383 secs)
cl-np:cl-np-batch64-step10k step 1000 lr 4.999e-04 [train_loss] loss 0.7828 cl_loss 3.6948 (2.541 secs)
cl-np:cl-np-batch64-step10k step 1200 lr 4.998e-04 [train_loss] loss 0.7707 cl_loss 3.6965 (2.387 secs)
cl-np:cl-np-batch64-step10k step 1400 lr 4.998e-04 [train_loss] loss 0.7161 cl_loss 3.6958 (2.481 secs)
cl-np:cl-np-batch64-step10k step 1600 lr 4.997e-04 [train_loss] loss 0.6813 cl_loss 3.6837 (2.929 secs)
cl-np:cl-np-batch64-step10k step 1800 lr 4.996e-04 [train_loss] loss 0.6401 cl_loss 3.6735 (2.678 secs)
cl-np:cl-np-batch64-step10k step 2000 lr 4.995e-04 [train_loss] loss 0.6346 cl_loss 3.6614 (2.084 secs)
cl-np:cl-np-batch64-step10k step 2200 lr 4.994e-04 [train_loss] loss 0.5917 cl_loss 3.6448 (2.695 secs)
cl-np:cl-np-batch64-step10k step 2400 lr 4.993e-04 [train_loss] loss 0.5553 cl_loss 3.6562 (2.415 secs)
cl-np:cl-np-batch64-step10k step 2600 lr 4.992e-04 [train_loss] loss 0.5701 cl_loss 3.6657 (2.325 secs)
cl-np:cl-np-batch64-step10k step 2800 lr 4.990e-04 [train_loss] loss 0.5261 cl_loss 3.6460 (4.590 secs)
cl-np:cl-np-batch64-step10k step 3000 lr 4.989e-04 [train_loss] loss 0.5058 cl_loss 3.6510 (3.882 secs)
cl-np:cl-np-batch64-step10k step 3200 lr 4.987e-04 [train_loss] loss 0.5007 cl_loss 3.6301 (4.313 secs)
cl-np:cl-np-batch64-step10k step 3400 lr 4.986e-04 [train_loss] loss 0.4945 cl_loss 3.6354 (4.971 secs)
cl-np:cl-np-batch64-step10k step 3600 lr 4.984e-04 [train_loss] loss 0.4759 cl_loss 3.6306 (3.317 secs)
cl-np:cl-np-batch64-step10k step 3800 lr 4.982e-04 [train_loss] loss 0.4810 cl_loss 3.6417 (2.899 secs)
cl-np:cl-np-batch64-step10k step 4000 lr 4.980e-04 [train_loss] loss 0.4569 cl_loss 3.6316 (3.541 secs)
cl-np:cl-np-batch64-step10k step 4200 lr 4.978e-04 [train_loss] loss 0.4209 cl_loss 3.6117 (4.063 secs)
cl-np:cl-np-batch64-step10k step 4400 lr 4.976e-04 [train_loss] loss 0.4387 cl_loss 3.6160 (4.836 secs)
cl-np:cl-np-batch64-step10k step 4600 lr 4.974e-04 [train_loss] loss 0.4124 cl_loss 3.6138 (5.430 secs)
cl-np:cl-np-batch64-step10k step 4800 lr 4.972e-04 [train_loss] loss 0.3869 cl_loss 3.5934 (4.968 secs)
cl-np:cl-np-batch64-step10k step 5000 lr 4.969e-04 [train_loss] loss 0.4087 cl_loss 3.6311 (3.806 secs)
cl-np:cl-np-batch64-step10k rbf ctx_ll 0.1136 tar_ll -0.1597 (6.094 secs)

cl-np:cl-np-batch64-step10k step 5200 lr 4.967e-04 [train_loss] loss 0.3930 cl_loss 3.5955 (4.106 secs)
cl-np:cl-np-batch64-step10k step 5400 lr 4.964e-04 [train_loss] loss 0.3672 cl_loss 3.5904 (3.835 secs)
cl-np:cl-np-batch64-step10k step 5600 lr 4.961e-04 [train_loss] loss 0.3723 cl_loss 3.5800 (3.881 secs)
cl-np:cl-np-batch64-step10k step 5800 lr 4.959e-04 [train_loss] loss 0.3359 cl_loss 3.5618 (3.916 secs)
cl-np:cl-np-batch64-step10k step 6000 lr 4.956e-04 [train_loss] loss 0.3427 cl_loss 3.5715 (4.079 secs)
cl-np:cl-np-batch64-step10k step 6200 lr 4.953e-04 [train_loss] loss 0.3152 cl_loss 3.5672 (3.952 secs)
cl-np:cl-np-batch64-step10k step 6400 lr 4.950e-04 [train_loss] loss 0.3013 cl_loss 3.5544 (3.946 secs)
cl-np:cl-np-batch64-step10k step 6600 lr 4.946e-04 [train_loss] loss 0.2934 cl_loss 3.5714 (3.805 secs)
cl-np:cl-np-batch64-step10k step 6800 lr 4.943e-04 [train_loss] loss 0.2929 cl_loss 3.5628 (3.773 secs)
cl-np:cl-np-batch64-step10k step 7000 lr 4.940e-04 [train_loss] loss 0.2555 cl_loss 3.5609 (4.795 secs)
cl-np:cl-np-batch64-step10k step 7200 lr 4.936e-04 [train_loss] loss 0.3022 cl_loss 3.5629 (2.822 secs)
cl-np:cl-np-batch64-step10k step 7400 lr 4.933e-04 [train_loss] loss 0.2536 cl_loss 3.5607 (3.135 secs)
cl-np:cl-np-batch64-step10k step 7600 lr 4.929e-04 [train_loss] loss 0.2589 cl_loss 3.5605 (2.869 secs)
cl-np:cl-np-batch64-step10k step 7800 lr 4.925e-04 [train_loss] loss 0.2468 cl_loss 3.5736 (2.696 secs)
cl-np:cl-np-batch64-step10k step 8000 lr 4.921e-04 [train_loss] loss 0.2634 cl_loss 3.5528 (2.382 secs)
cl-np:cl-np-batch64-step10k step 8200 lr 4.918e-04 [train_loss] loss 0.2642 cl_loss 3.5558 (2.416 secs)
cl-np:cl-np-batch64-step10k step 8400 lr 4.913e-04 [train_loss] loss 0.2330 cl_loss 3.5647 (2.852 secs)
cl-np:cl-np-batch64-step10k step 8600 lr 4.909e-04 [train_loss] loss 0.2100 cl_loss 3.5292 (5.525 secs)
cl-np:cl-np-batch64-step10k step 8800 lr 4.905e-04 [train_loss] loss 0.2153 cl_loss 3.5554 (4.358 secs)
cl-np:cl-np-batch64-step10k step 9000 lr 4.901e-04 [train_loss] loss 0.2306 cl_loss 3.5494 (3.205 secs)
cl-np:cl-np-batch64-step10k step 9200 lr 4.896e-04 [train_loss] loss 0.2169 cl_loss 3.5362 (2.896 secs)
cl-np:cl-np-batch64-step10k step 9400 lr 4.892e-04 [train_loss] loss 0.2123 cl_loss 3.5290 (3.038 secs)
cl-np:cl-np-batch64-step10k step 9600 lr 4.887e-04 [train_loss] loss 0.2067 cl_loss 3.5398 (2.588 secs)
cl-np:cl-np-batch64-step10k step 9800 lr 4.882e-04 [train_loss] loss 0.2215 cl_loss 3.5486 (3.014 secs)
cl-np:cl-np-batch64-step10k step 10000 lr 4.878e-04 [train_loss] loss 0.1977 cl_loss 3.5331 (3.085 secs)
cl-np:cl-np-batch64-step10k rbf ctx_ll 0.3195 tar_ll 0.0046 (5.302 secs)

cl-np:cl-np-batch64-step10k step 10200 lr 4.873e-04 [train_loss] loss 0.2227 cl_loss 3.5323 (2.984 secs)
cl-np:cl-np-batch64-step10k step 10400 lr 4.868e-04 [train_loss] loss 0.1718 cl_loss 3.5318 (2.359 secs)
cl-np:cl-np-batch64-step10k step 10600 lr 4.863e-04 [train_loss] loss 0.1719 cl_loss 3.5492 (2.491 secs)
cl-np:cl-np-batch64-step10k step 10800 lr 4.857e-04 [train_loss] loss 0.1772 cl_loss 3.5314 (2.257 secs)
cl-np:cl-np-batch64-step10k step 11000 lr 4.852e-04 [train_loss] loss 0.1454 cl_loss 3.5218 (3.289 secs)
cl-np:cl-np-batch64-step10k step 11200 lr 4.847e-04 [train_loss] loss 0.1319 cl_loss 3.5256 (5.581 secs)
cl-np:cl-np-batch64-step10k step 11400 lr 4.841e-04 [train_loss] loss 0.1597 cl_loss 3.5395 (4.167 secs)
cl-np:cl-np-batch64-step10k step 11600 lr 4.836e-04 [train_loss] loss 0.1618 cl_loss 3.5443 (3.010 secs)
cl-np:cl-np-batch64-step10k step 11800 lr 4.830e-04 [train_loss] loss 0.1506 cl_loss 3.5326 (2.509 secs)
cl-np:cl-np-batch64-step10k step 12000 lr 4.824e-04 [train_loss] loss 0.1660 cl_loss 3.5347 (2.462 secs)
cl-np:cl-np-batch64-step10k step 12200 lr 4.819e-04 [train_loss] loss 0.1644 cl_loss 3.5254 (2.427 secs)
cl-np:cl-np-batch64-step10k step 12400 lr 4.813e-04 [train_loss] loss 0.1276 cl_loss 3.5235 (3.377 secs)
cl-np:cl-np-batch64-step10k step 12600 lr 4.807e-04 [train_loss] loss 0.1234 cl_loss 3.5360 (4.109 secs)
cl-np:cl-np-batch64-step10k step 12800 lr 4.801e-04 [train_loss] loss 0.0990 cl_loss 3.5258 (3.682 secs)
cl-np:cl-np-batch64-step10k step 13000 lr 4.794e-04 [train_loss] loss 0.1219 cl_loss 3.5350 (3.714 secs)
cl-np:cl-np-batch64-step10k step 13200 lr 4.788e-04 [train_loss] loss 0.1346 cl_loss 3.5351 (3.351 secs)
cl-np:cl-np-batch64-step10k step 13400 lr 4.782e-04 [train_loss] loss 0.0707 cl_loss 3.5004 (3.418 secs)
cl-np:cl-np-batch64-step10k step 13600 lr 4.775e-04 [train_loss] loss 0.0953 cl_loss 3.5221 (2.931 secs)
cl-np:cl-np-batch64-step10k step 13800 lr 4.769e-04 [train_loss] loss 0.0913 cl_loss 3.5396 (2.658 secs)
cl-np:cl-np-batch64-step10k step 14000 lr 4.762e-04 [train_loss] loss 0.0959 cl_loss 3.5153 (3.179 secs)
cl-np:cl-np-batch64-step10k step 14200 lr 4.755e-04 [train_loss] loss 0.1287 cl_loss 3.5172 (2.732 secs)
cl-np:cl-np-batch64-step10k step 14400 lr 4.749e-04 [train_loss] loss 0.0850 cl_loss 3.5251 (2.749 secs)
cl-np:cl-np-batch64-step10k step 14600 lr 4.742e-04 [train_loss] loss 0.0834 cl_loss 3.5153 (2.647 secs)
cl-np:cl-np-batch64-step10k step 14800 lr 4.735e-04 [train_loss] loss 0.0576 cl_loss 3.5173 (2.567 secs)
cl-np:cl-np-batch64-step10k step 15000 lr 4.728e-04 [train_loss] loss 0.0490 cl_loss 3.5019 (2.468 secs)
cl-np:cl-np-batch64-step10k rbf ctx_ll 0.4812 tar_ll 0.0996 (5.500 secs)

cl-np:cl-np-batch64-step10k step 15200 lr 4.720e-04 [train_loss] loss 0.0894 cl_loss 3.5362 (4.062 secs)
cl-np:cl-np-batch64-step10k step 15400 lr 4.713e-04 [train_loss] loss 0.0884 cl_loss 3.5458 (4.129 secs)
cl-np:cl-np-batch64-step10k step 15600 lr 4.706e-04 [train_loss] loss 0.0580 cl_loss 3.5261 (3.461 secs)
cl-np:cl-np-batch64-step10k step 15800 lr 4.698e-04 [train_loss] loss 0.0809 cl_loss 3.5155 (2.424 secs)
cl-np:cl-np-batch64-step10k step 16000 lr 4.691e-04 [train_loss] loss 0.0677 cl_loss 3.5293 (2.284 secs)
cl-np:cl-np-batch64-step10k step 16200 lr 4.683e-04 [train_loss] loss 0.0330 cl_loss 3.5282 (2.557 secs)
cl-np:cl-np-batch64-step10k step 16400 lr 4.675e-04 [train_loss] loss 0.0595 cl_loss 3.5068 (3.867 secs)
cl-np:cl-np-batch64-step10k step 16600 lr 4.668e-04 [train_loss] loss 0.0283 cl_loss 3.5056 (3.412 secs)
cl-np:cl-np-batch64-step10k step 16800 lr 4.660e-04 [train_loss] loss 0.0628 cl_loss 3.5276 (2.921 secs)
cl-np:cl-np-batch64-step10k step 17000 lr 4.652e-04 [train_loss] loss 0.0570 cl_loss 3.5367 (5.187 secs)
cl-np:cl-np-batch64-step10k step 17200 lr 4.644e-04 [train_loss] loss 0.0348 cl_loss 3.5179 (3.276 secs)
cl-np:cl-np-batch64-step10k step 17400 lr 4.636e-04 [train_loss] loss 0.0356 cl_loss 3.5245 (3.168 secs)
cl-np:cl-np-batch64-step10k step 17600 lr 4.627e-04 [train_loss] loss 0.0456 cl_loss 3.5070 (2.417 secs)
cl-np:cl-np-batch64-step10k step 17800 lr 4.619e-04 [train_loss] loss 0.0278 cl_loss 3.5042 (2.773 secs)
cl-np:cl-np-batch64-step10k step 18000 lr 4.611e-04 [train_loss] loss 0.0212 cl_loss 3.5036 (3.273 secs)
cl-np:cl-np-batch64-step10k step 18200 lr 4.602e-04 [train_loss] loss 0.0169 cl_loss 3.5113 (2.810 secs)
cl-np:cl-np-batch64-step10k step 18400 lr 4.594e-04 [train_loss] loss 0.0406 cl_loss 3.5249 (2.286 secs)
cl-np:cl-np-batch64-step10k step 18600 lr 4.585e-04 [train_loss] loss 0.0213 cl_loss 3.5253 (2.159 secs)
cl-np:cl-np-batch64-step10k step 18800 lr 4.576e-04 [train_loss] loss 0.0119 cl_loss 3.5177 (2.438 secs)
cl-np:cl-np-batch64-step10k step 19000 lr 4.568e-04 [train_loss] loss 0.0261 cl_loss 3.4977 (3.360 secs)
cl-np:cl-np-batch64-step10k step 19200 lr 4.559e-04 [train_loss] loss 0.0067 cl_loss 3.5150 (3.324 secs)
cl-np:cl-np-batch64-step10k step 19400 lr 4.550e-04 [train_loss] loss 0.0243 cl_loss 3.5145 (2.530 secs)
cl-np:cl-np-batch64-step10k step 19600 lr 4.541e-04 [train_loss] loss 0.0284 cl_loss 3.5074 (2.486 secs)
cl-np:cl-np-batch64-step10k step 19800 lr 4.532e-04 [train_loss] loss 0.0020 cl_loss 3.5060 (2.995 secs)
cl-np:cl-np-batch64-step10k step 20000 lr 4.523e-04 [train_loss] loss 0.0129 cl_loss 3.5159 (4.063 secs)
cl-np:cl-np-batch64-step10k rbf ctx_ll 0.5592 tar_ll 0.1594 (4.697 secs)

cl-np:cl-np-batch64-step10k step 20200 lr 4.513e-04 [train_loss] loss -0.0331 cl_loss 3.4868 (4.101 secs)
cl-np:cl-np-batch64-step10k step 20400 lr 4.504e-04 [train_loss] loss -0.0205 cl_loss 3.4871 (3.595 secs)
cl-np:cl-np-batch64-step10k step 20600 lr 4.494e-04 [train_loss] loss -0.0073 cl_loss 3.5058 (2.387 secs)
cl-np:cl-np-batch64-step10k step 20800 lr 4.485e-04 [train_loss] loss 0.0093 cl_loss 3.5271 (2.460 secs)
cl-np:cl-np-batch64-step10k step 21000 lr 4.475e-04 [train_loss] loss 0.0044 cl_loss 3.5223 (2.484 secs)
cl-np:cl-np-batch64-step10k step 21200 lr 4.466e-04 [train_loss] loss -0.0211 cl_loss 3.5076 (2.328 secs)
cl-np:cl-np-batch64-step10k step 21400 lr 4.456e-04 [train_loss] loss 0.0044 cl_loss 3.5042 (2.291 secs)
cl-np:cl-np-batch64-step10k step 21600 lr 4.446e-04 [train_loss] loss -0.0317 cl_loss 3.5012 (2.427 secs)
cl-np:cl-np-batch64-step10k step 21800 lr 4.436e-04 [train_loss] loss -0.0173 cl_loss 3.5351 (2.637 secs)
cl-np:cl-np-batch64-step10k step 22000 lr 4.426e-04 [train_loss] loss -0.0142 cl_loss 3.5143 (3.678 secs)
cl-np:cl-np-batch64-step10k step 22200 lr 4.416e-04 [train_loss] loss 0.0238 cl_loss 3.5283 (3.597 secs)
cl-np:cl-np-batch64-step10k step 22400 lr 4.406e-04 [train_loss] loss -0.0529 cl_loss 3.4835 (3.032 secs)
cl-np:cl-np-batch64-step10k step 22600 lr 4.396e-04 [train_loss] loss -0.0261 cl_loss 3.4970 (3.325 secs)
cl-np:cl-np-batch64-step10k step 22800 lr 4.386e-04 [train_loss] loss -0.0590 cl_loss 3.5134 (2.946 secs)
cl-np:cl-np-batch64-step10k step 23000 lr 4.375e-04 [train_loss] loss -0.0372 cl_loss 3.5062 (2.387 secs)
cl-np:cl-np-batch64-step10k step 23200 lr 4.365e-04 [train_loss] loss -0.0223 cl_loss 3.4987 (2.648 secs)
cl-np:cl-np-batch64-step10k step 23400 lr 4.354e-04 [train_loss] loss -0.0173 cl_loss 3.5170 (2.506 secs)
cl-np:cl-np-batch64-step10k step 23600 lr 4.344e-04 [train_loss] loss -0.0212 cl_loss 3.5092 (2.486 secs)
cl-np:cl-np-batch64-step10k step 23800 lr 4.333e-04 [train_loss] loss -0.0233 cl_loss 3.5186 (2.223 secs)
cl-np:cl-np-batch64-step10k step 24000 lr 4.322e-04 [train_loss] loss -0.0787 cl_loss 3.4923 (2.456 secs)
cl-np:cl-np-batch64-step10k step 24200 lr 4.312e-04 [train_loss] loss -0.0453 cl_loss 3.5031 (2.514 secs)
cl-np:cl-np-batch64-step10k step 24400 lr 4.301e-04 [train_loss] loss -0.0645 cl_loss 3.5031 (2.724 secs)
cl-np:cl-np-batch64-step10k step 24600 lr 4.290e-04 [train_loss] loss -0.0055 cl_loss 3.4978 (2.793 secs)
cl-np:cl-np-batch64-step10k step 24800 lr 4.279e-04 [train_loss] loss -0.0696 cl_loss 3.4823 (2.730 secs)
cl-np:cl-np-batch64-step10k step 25000 lr 4.268e-04 [train_loss] loss -0.0750 cl_loss 3.4913 (2.541 secs)
cl-np:cl-np-batch64-step10k rbf ctx_ll 0.6549 tar_ll 0.1548 (5.807 secs)

cl-np:cl-np-batch64-step10k step 25200 lr 4.257e-04 [train_loss] loss -0.0589 cl_loss 3.5130 (2.569 secs)
cl-np:cl-np-batch64-step10k step 25400 lr 4.245e-04 [train_loss] loss -0.0424 cl_loss 3.4938 (3.865 secs)
cl-np:cl-np-batch64-step10k step 25600 lr 4.234e-04 [train_loss] loss -0.0809 cl_loss 3.4947 (3.813 secs)
cl-np:cl-np-batch64-step10k step 25800 lr 4.223e-04 [train_loss] loss -0.0789 cl_loss 3.4858 (2.463 secs)
cl-np:cl-np-batch64-step10k step 26000 lr 4.211e-04 [train_loss] loss -0.1010 cl_loss 3.4879 (2.252 secs)
cl-np:cl-np-batch64-step10k step 26200 lr 4.200e-04 [train_loss] loss -0.0777 cl_loss 3.5019 (2.683 secs)
cl-np:cl-np-batch64-step10k step 26400 lr 4.188e-04 [train_loss] loss -0.0668 cl_loss 3.5043 (3.200 secs)
cl-np:cl-np-batch64-step10k step 26600 lr 4.177e-04 [train_loss] loss -0.0828 cl_loss 3.4967 (2.620 secs)
cl-np:cl-np-batch64-step10k step 26800 lr 4.165e-04 [train_loss] loss -0.0996 cl_loss 3.4824 (2.561 secs)
cl-np:cl-np-batch64-step10k step 27000 lr 4.153e-04 [train_loss] loss -0.0572 cl_loss 3.4963 (2.602 secs)
cl-np:cl-np-batch64-step10k step 27200 lr 4.141e-04 [train_loss] loss -0.0894 cl_loss 3.4901 (3.251 secs)
cl-np:cl-np-batch64-step10k step 27400 lr 4.130e-04 [train_loss] loss -0.0693 cl_loss 3.5123 (3.401 secs)
cl-np:cl-np-batch64-step10k step 27600 lr 4.118e-04 [train_loss] loss -0.1115 cl_loss 3.4973 (3.316 secs)
cl-np:cl-np-batch64-step10k step 27800 lr 4.106e-04 [train_loss] loss -0.0789 cl_loss 3.4924 (2.825 secs)
cl-np:cl-np-batch64-step10k step 28000 lr 4.094e-04 [train_loss] loss -0.1088 cl_loss 3.4892 (2.980 secs)
cl-np:cl-np-batch64-step10k step 28200 lr 4.081e-04 [train_loss] loss -0.1177 cl_loss 3.4943 (2.765 secs)
cl-np:cl-np-batch64-step10k step 28400 lr 4.069e-04 [train_loss] loss -0.0970 cl_loss 3.4954 (2.536 secs)
cl-np:cl-np-batch64-step10k step 28600 lr 4.057e-04 [train_loss] loss -0.0914 cl_loss 3.4901 (2.410 secs)
cl-np:cl-np-batch64-step10k step 28800 lr 4.045e-04 [train_loss] loss -0.0609 cl_loss 3.5005 (2.535 secs)
cl-np:cl-np-batch64-step10k step 29000 lr 4.032e-04 [train_loss] loss -0.1311 cl_loss 3.4928 (2.881 secs)
cl-np:cl-np-batch64-step10k step 29200 lr 4.020e-04 [train_loss] loss -0.1055 cl_loss 3.4814 (3.390 secs)
cl-np:cl-np-batch64-step10k step 29400 lr 4.007e-04 [train_loss] loss -0.1299 cl_loss 3.4785 (4.225 secs)
cl-np:cl-np-batch64-step10k step 29600 lr 3.995e-04 [train_loss] loss -0.0813 cl_loss 3.4818 (4.228 secs)
cl-np:cl-np-batch64-step10k step 29800 lr 3.982e-04 [train_loss] loss -0.1235 cl_loss 3.4795 (3.556 secs)
cl-np:cl-np-batch64-step10k step 30000 lr 3.969e-04 [train_loss] loss -0.0892 cl_loss 3.5015 (4.093 secs)
cl-np:cl-np-batch64-step10k rbf ctx_ll 0.6623 tar_ll 0.2542 (5.033 secs)

cl-np:cl-np-batch64-step10k step 30200 lr 3.957e-04 [train_loss] loss -0.1027 cl_loss 3.4879 (2.395 secs)
cl-np:cl-np-batch64-step10k step 30400 lr 3.944e-04 [train_loss] loss -0.1316 cl_loss 3.4608 (3.005 secs)
cl-np:cl-np-batch64-step10k step 30600 lr 3.931e-04 [train_loss] loss -0.1300 cl_loss 3.4855 (3.557 secs)
cl-np:cl-np-batch64-step10k step 30800 lr 3.918e-04 [train_loss] loss -0.1212 cl_loss 3.4962 (3.890 secs)
cl-np:cl-np-batch64-step10k step 31000 lr 3.905e-04 [train_loss] loss -0.0959 cl_loss 3.4865 (2.944 secs)
cl-np:cl-np-batch64-step10k step 31200 lr 3.892e-04 [train_loss] loss -0.1304 cl_loss 3.4852 (2.652 secs)
cl-np:cl-np-batch64-step10k step 31400 lr 3.879e-04 [train_loss] loss -0.1038 cl_loss 3.4836 (3.448 secs)
cl-np:cl-np-batch64-step10k step 31600 lr 3.866e-04 [train_loss] loss -0.1094 cl_loss 3.4910 (4.043 secs)
cl-np:cl-np-batch64-step10k step 31800 lr 3.853e-04 [train_loss] loss -0.1145 cl_loss 3.4882 (2.831 secs)
cl-np:cl-np-batch64-step10k step 32000 lr 3.840e-04 [train_loss] loss -0.1155 cl_loss 3.4901 (3.050 secs)
cl-np:cl-np-batch64-step10k step 32200 lr 3.826e-04 [train_loss] loss -0.0625 cl_loss 3.4836 (2.957 secs)
cl-np:cl-np-batch64-step10k step 32400 lr 3.813e-04 [train_loss] loss -0.0702 cl_loss 3.5026 (2.667 secs)
cl-np:cl-np-batch64-step10k step 32600 lr 3.800e-04 [train_loss] loss -0.1120 cl_loss 3.4926 (2.405 secs)
cl-np:cl-np-batch64-step10k step 32800 lr 3.786e-04 [train_loss] loss -0.1267 cl_loss 3.4692 (2.340 secs)
cl-np:cl-np-batch64-step10k step 33000 lr 3.773e-04 [train_loss] loss -0.1135 cl_loss 3.4994 (3.378 secs)
cl-np:cl-np-batch64-step10k step 33200 lr 3.759e-04 [train_loss] loss -0.1417 cl_loss 3.4797 (3.256 secs)
cl-np:cl-np-batch64-step10k step 33400 lr 3.745e-04 [train_loss] loss -0.1478 cl_loss 3.4625 (2.809 secs)
cl-np:cl-np-batch64-step10k step 33600 lr 3.732e-04 [train_loss] loss -0.1691 cl_loss 3.4767 (3.060 secs)
cl-np:cl-np-batch64-step10k step 33800 lr 3.718e-04 [train_loss] loss -0.1395 cl_loss 3.4792 (2.883 secs)
cl-np:cl-np-batch64-step10k step 34000 lr 3.704e-04 [train_loss] loss -0.1526 cl_loss 3.4676 (2.762 secs)
cl-np:cl-np-batch64-step10k step 34200 lr 3.691e-04 [train_loss] loss -0.1260 cl_loss 3.4929 (2.969 secs)
cl-np:cl-np-batch64-step10k step 34400 lr 3.677e-04 [train_loss] loss -0.1794 cl_loss 3.4839 (2.903 secs)
cl-np:cl-np-batch64-step10k step 34600 lr 3.663e-04 [train_loss] loss -0.1417 cl_loss 3.4780 (2.496 secs)
cl-np:cl-np-batch64-step10k step 34800 lr 3.649e-04 [train_loss] loss -0.1213 cl_loss 3.4868 (2.350 secs)
cl-np:cl-np-batch64-step10k step 35000 lr 3.635e-04 [train_loss] loss -0.1505 cl_loss 3.4666 (2.354 secs)
cl-np:cl-np-batch64-step10k rbf ctx_ll 0.7138 tar_ll 0.2797 (5.092 secs)

cl-np:cl-np-batch64-step10k step 35200 lr 3.621e-04 [train_loss] loss -0.1428 cl_loss 3.4612 (2.320 secs)
cl-np:cl-np-batch64-step10k step 35400 lr 3.607e-04 [train_loss] loss -0.1754 cl_loss 3.4689 (4.079 secs)
cl-np:cl-np-batch64-step10k step 35600 lr 3.593e-04 [train_loss] loss -0.1283 cl_loss 3.4799 (5.353 secs)
cl-np:cl-np-batch64-step10k step 35800 lr 3.579e-04 [train_loss] loss -0.1642 cl_loss 3.4797 (3.976 secs)
cl-np:cl-np-batch64-step10k step 36000 lr 3.564e-04 [train_loss] loss -0.1517 cl_loss 3.4834 (3.379 secs)
cl-np:cl-np-batch64-step10k step 36200 lr 3.550e-04 [train_loss] loss -0.1401 cl_loss 3.4833 (2.568 secs)
cl-np:cl-np-batch64-step10k step 36400 lr 3.536e-04 [train_loss] loss -0.1204 cl_loss 3.4753 (2.749 secs)
cl-np:cl-np-batch64-step10k step 36600 lr 3.522e-04 [train_loss] loss -0.1834 cl_loss 3.4767 (3.166 secs)
cl-np:cl-np-batch64-step10k step 36800 lr 3.507e-04 [train_loss] loss -0.1747 cl_loss 3.4625 (5.002 secs)
cl-np:cl-np-batch64-step10k step 37000 lr 3.493e-04 [train_loss] loss -0.1496 cl_loss 3.4609 (4.020 secs)
cl-np:cl-np-batch64-step10k step 37200 lr 3.478e-04 [train_loss] loss -0.1846 cl_loss 3.4894 (3.475 secs)
cl-np:cl-np-batch64-step10k step 37400 lr 3.464e-04 [train_loss] loss -0.1332 cl_loss 3.4835 (4.507 secs)
cl-np:cl-np-batch64-step10k step 37600 lr 3.449e-04 [train_loss] loss -0.1721 cl_loss 3.4903 (3.266 secs)
cl-np:cl-np-batch64-step10k step 37800 lr 3.435e-04 [train_loss] loss -0.1520 cl_loss 3.4727 (2.621 secs)
cl-np:cl-np-batch64-step10k step 38000 lr 3.420e-04 [train_loss] loss -0.1514 cl_loss 3.4741 (3.457 secs)
cl-np:cl-np-batch64-step10k step 38200 lr 3.406e-04 [train_loss] loss -0.1810 cl_loss 3.4693 (2.827 secs)
cl-np:cl-np-batch64-step10k step 38400 lr 3.391e-04 [train_loss] loss -0.1853 cl_loss 3.4565 (2.380 secs)
cl-np:cl-np-batch64-step10k step 38600 lr 3.376e-04 [train_loss] loss -0.1988 cl_loss 3.4629 (2.399 secs)
cl-np:cl-np-batch64-step10k step 38800 lr 3.362e-04 [train_loss] loss -0.1765 cl_loss 3.4592 (3.218 secs)
cl-np:cl-np-batch64-step10k step 39000 lr 3.347e-04 [train_loss] loss -0.1590 cl_loss 3.4766 (2.465 secs)
cl-np:cl-np-batch64-step10k step 39200 lr 3.332e-04 [train_loss] loss -0.2000 cl_loss 3.4748 (4.140 secs)
cl-np:cl-np-batch64-step10k step 39400 lr 3.317e-04 [train_loss] loss -0.1844 cl_loss 3.4466 (5.232 secs)
cl-np:cl-np-batch64-step10k step 39600 lr 3.302e-04 [train_loss] loss -0.2000 cl_loss 3.4553 (3.703 secs)
cl-np:cl-np-batch64-step10k step 39800 lr 3.287e-04 [train_loss] loss -0.1497 cl_loss 3.4771 (3.885 secs)
cl-np:cl-np-batch64-step10k step 40000 lr 3.273e-04 [train_loss] loss -0.2036 cl_loss 3.4657 (3.621 secs)
cl-np:cl-np-batch64-step10k rbf ctx_ll 0.7652 tar_ll 0.2947 (5.691 secs)

cl-np:cl-np-batch64-step10k step 40200 lr 3.258e-04 [train_loss] loss -0.1798 cl_loss 3.4808 (3.112 secs)
cl-np:cl-np-batch64-step10k step 40400 lr 3.243e-04 [train_loss] loss -0.2012 cl_loss 3.4619 (3.100 secs)
cl-np:cl-np-batch64-step10k step 40600 lr 3.228e-04 [train_loss] loss -0.1588 cl_loss 3.4656 (2.577 secs)
cl-np:cl-np-batch64-step10k step 40800 lr 3.213e-04 [train_loss] loss -0.1652 cl_loss 3.4676 (2.173 secs)
cl-np:cl-np-batch64-step10k step 41000 lr 3.197e-04 [train_loss] loss -0.1819 cl_loss 3.4690 (3.923 secs)
cl-np:cl-np-batch64-step10k step 41200 lr 3.182e-04 [train_loss] loss -0.1959 cl_loss 3.4628 (3.252 secs)
cl-np:cl-np-batch64-step10k step 41400 lr 3.167e-04 [train_loss] loss -0.2201 cl_loss 3.4472 (2.454 secs)
cl-np:cl-np-batch64-step10k step 41600 lr 3.152e-04 [train_loss] loss -0.1663 cl_loss 3.4767 (2.297 secs)
cl-np:cl-np-batch64-step10k step 41800 lr 3.137e-04 [train_loss] loss -0.1845 cl_loss 3.4614 (4.523 secs)
cl-np:cl-np-batch64-step10k step 42000 lr 3.122e-04 [train_loss] loss -0.2056 cl_loss 3.4635 (4.098 secs)
cl-np:cl-np-batch64-step10k step 42200 lr 3.106e-04 [train_loss] loss -0.1729 cl_loss 3.4824 (2.685 secs)
cl-np:cl-np-batch64-step10k step 42400 lr 3.091e-04 [train_loss] loss -0.2109 cl_loss 3.4543 (4.604 secs)
cl-np:cl-np-batch64-step10k step 42600 lr 3.076e-04 [train_loss] loss -0.2208 cl_loss 3.4691 (3.481 secs)
cl-np:cl-np-batch64-step10k step 42800 lr 3.061e-04 [train_loss] loss -0.2005 cl_loss 3.4521 (2.710 secs)
cl-np:cl-np-batch64-step10k step 43000 lr 3.045e-04 [train_loss] loss -0.1888 cl_loss 3.4629 (3.515 secs)
cl-np:cl-np-batch64-step10k step 43200 lr 3.030e-04 [train_loss] loss -0.2045 cl_loss 3.4539 (2.822 secs)
cl-np:cl-np-batch64-step10k step 43400 lr 3.015e-04 [train_loss] loss -0.2103 cl_loss 3.4659 (2.346 secs)
cl-np:cl-np-batch64-step10k step 43600 lr 2.999e-04 [train_loss] loss -0.2077 cl_loss 3.4564 (3.555 secs)
cl-np:cl-np-batch64-step10k step 43800 lr 2.984e-04 [train_loss] loss -0.2195 cl_loss 3.4597 (2.863 secs)
cl-np:cl-np-batch64-step10k step 44000 lr 2.968e-04 [train_loss] loss -0.1688 cl_loss 3.4714 (2.702 secs)
cl-np:cl-np-batch64-step10k step 44200 lr 2.953e-04 [train_loss] loss -0.2187 cl_loss 3.4706 (2.573 secs)
cl-np:cl-np-batch64-step10k step 44400 lr 2.938e-04 [train_loss] loss -0.2162 cl_loss 3.4668 (2.365 secs)
cl-np:cl-np-batch64-step10k step 44600 lr 2.922e-04 [train_loss] loss -0.2053 cl_loss 3.4755 (2.529 secs)
cl-np:cl-np-batch64-step10k step 44800 lr 2.907e-04 [train_loss] loss -0.1982 cl_loss 3.4496 (2.529 secs)
cl-np:cl-np-batch64-step10k step 45000 lr 2.891e-04 [train_loss] loss -0.2024 cl_loss 3.4583 (2.799 secs)
cl-np:cl-np-batch64-step10k rbf ctx_ll 0.7661 tar_ll 0.3404 (5.876 secs)

cl-np:cl-np-batch64-step10k step 45200 lr 2.876e-04 [train_loss] loss -0.2288 cl_loss 3.4764 (2.725 secs)
cl-np:cl-np-batch64-step10k step 45400 lr 2.860e-04 [train_loss] loss -0.2190 cl_loss 3.4521 (3.091 secs)
cl-np:cl-np-batch64-step10k step 45600 lr 2.844e-04 [train_loss] loss -0.2339 cl_loss 3.4627 (2.331 secs)
cl-np:cl-np-batch64-step10k step 45800 lr 2.829e-04 [train_loss] loss -0.1892 cl_loss 3.4816 (2.498 secs)
cl-np:cl-np-batch64-step10k step 46000 lr 2.813e-04 [train_loss] loss -0.2015 cl_loss 3.4655 (4.599 secs)
cl-np:cl-np-batch64-step10k step 46200 lr 2.798e-04 [train_loss] loss -0.2102 cl_loss 3.4551 (4.283 secs)
cl-np:cl-np-batch64-step10k step 46400 lr 2.782e-04 [train_loss] loss -0.2519 cl_loss 3.4533 (2.715 secs)
cl-np:cl-np-batch64-step10k step 46600 lr 2.767e-04 [train_loss] loss -0.2112 cl_loss 3.4682 (3.115 secs)
cl-np:cl-np-batch64-step10k step 46800 lr 2.751e-04 [train_loss] loss -0.2085 cl_loss 3.4648 (3.137 secs)
cl-np:cl-np-batch64-step10k step 47000 lr 2.735e-04 [train_loss] loss -0.2588 cl_loss 3.4555 (2.783 secs)
cl-np:cl-np-batch64-step10k step 47200 lr 2.720e-04 [train_loss] loss -0.2289 cl_loss 3.4547 (2.894 secs)
cl-np:cl-np-batch64-step10k step 47400 lr 2.704e-04 [train_loss] loss -0.2186 cl_loss 3.4713 (2.423 secs)
cl-np:cl-np-batch64-step10k step 47600 lr 2.688e-04 [train_loss] loss -0.1999 cl_loss 3.4525 (2.665 secs)
cl-np:cl-np-batch64-step10k step 47800 lr 2.673e-04 [train_loss] loss -0.2427 cl_loss 3.4681 (2.657 secs)
cl-np:cl-np-batch64-step10k step 48000 lr 2.657e-04 [train_loss] loss -0.2193 cl_loss 3.4516 (2.551 secs)
cl-np:cl-np-batch64-step10k step 48200 lr 2.641e-04 [train_loss] loss -0.2190 cl_loss 3.4731 (2.252 secs)
cl-np:cl-np-batch64-step10k step 48400 lr 2.626e-04 [train_loss] loss -0.2012 cl_loss 3.4661 (3.421 secs)
cl-np:cl-np-batch64-step10k step 48600 lr 2.610e-04 [train_loss] loss -0.2072 cl_loss 3.4811 (4.532 secs)
cl-np:cl-np-batch64-step10k step 48800 lr 2.594e-04 [train_loss] loss -0.2318 cl_loss 3.4450 (4.548 secs)
cl-np:cl-np-batch64-step10k step 49000 lr 2.579e-04 [train_loss] loss -0.2162 cl_loss 3.4578 (3.691 secs)
cl-np:cl-np-batch64-step10k step 49200 lr 2.563e-04 [train_loss] loss -0.2536 cl_loss 3.4549 (3.418 secs)
cl-np:cl-np-batch64-step10k step 49400 lr 2.547e-04 [train_loss] loss -0.2303 cl_loss 3.4488 (3.128 secs)
cl-np:cl-np-batch64-step10k step 49600 lr 2.531e-04 [train_loss] loss -0.2349 cl_loss 3.4562 (2.877 secs)
cl-np:cl-np-batch64-step10k step 49800 lr 2.516e-04 [train_loss] loss -0.2283 cl_loss 3.4463 (2.830 secs)
cl-np:cl-np-batch64-step10k step 50000 lr 2.500e-04 [train_loss] loss -0.2141 cl_loss 3.4495 (2.630 secs)
cl-np:cl-np-batch64-step10k rbf ctx_ll 0.8009 tar_ll 0.3442 (5.501 secs)

cl-np:cl-np-batch64-step10k step 50200 lr 2.484e-04 [train_loss] loss -0.2671 cl_loss 3.4552 (2.370 secs)
cl-np:cl-np-batch64-step10k step 50400 lr 2.469e-04 [train_loss] loss -0.2001 cl_loss 3.4552 (2.282 secs)
cl-np:cl-np-batch64-step10k step 50600 lr 2.453e-04 [train_loss] loss -0.2292 cl_loss 3.4387 (4.565 secs)
cl-np:cl-np-batch64-step10k step 50800 lr 2.437e-04 [train_loss] loss -0.2162 cl_loss 3.4568 (3.827 secs)
cl-np:cl-np-batch64-step10k step 51000 lr 2.421e-04 [train_loss] loss -0.2237 cl_loss 3.4774 (4.308 secs)
cl-np:cl-np-batch64-step10k step 51200 lr 2.406e-04 [train_loss] loss -0.2647 cl_loss 3.4563 (3.617 secs)
cl-np:cl-np-batch64-step10k step 51400 lr 2.390e-04 [train_loss] loss -0.2217 cl_loss 3.4741 (4.333 secs)
cl-np:cl-np-batch64-step10k step 51600 lr 2.374e-04 [train_loss] loss -0.2532 cl_loss 3.4464 (3.327 secs)
cl-np:cl-np-batch64-step10k step 51800 lr 2.359e-04 [train_loss] loss -0.2488 cl_loss 3.4702 (2.888 secs)
cl-np:cl-np-batch64-step10k step 52000 lr 2.343e-04 [train_loss] loss -0.2182 cl_loss 3.4570 (3.122 secs)
cl-np:cl-np-batch64-step10k step 52200 lr 2.327e-04 [train_loss] loss -0.1971 cl_loss 3.4825 (2.942 secs)
cl-np:cl-np-batch64-step10k step 52400 lr 2.312e-04 [train_loss] loss -0.2323 cl_loss 3.4601 (2.867 secs)
cl-np:cl-np-batch64-step10k step 52600 lr 2.296e-04 [train_loss] loss -0.2231 cl_loss 3.4481 (3.638 secs)
cl-np:cl-np-batch64-step10k step 52800 lr 2.280e-04 [train_loss] loss -0.2546 cl_loss 3.4514 (2.575 secs)
cl-np:cl-np-batch64-step10k step 53000 lr 2.265e-04 [train_loss] loss -0.2310 cl_loss 3.4412 (2.808 secs)
cl-np:cl-np-batch64-step10k step 53200 lr 2.249e-04 [train_loss] loss -0.2449 cl_loss 3.4460 (2.552 secs)
cl-np:cl-np-batch64-step10k step 53400 lr 2.233e-04 [train_loss] loss -0.2425 cl_loss 3.4612 (2.747 secs)
cl-np:cl-np-batch64-step10k step 53600 lr 2.218e-04 [train_loss] loss -0.2321 cl_loss 3.4577 (2.259 secs)
cl-np:cl-np-batch64-step10k step 53800 lr 2.202e-04 [train_loss] loss -0.2324 cl_loss 3.4701 (2.384 secs)
cl-np:cl-np-batch64-step10k step 54000 lr 2.187e-04 [train_loss] loss -0.2466 cl_loss 3.4529 (2.592 secs)
cl-np:cl-np-batch64-step10k step 54200 lr 2.171e-04 [train_loss] loss -0.2200 cl_loss 3.4544 (3.338 secs)
cl-np:cl-np-batch64-step10k step 54400 lr 2.156e-04 [train_loss] loss -0.2333 cl_loss 3.4595 (2.741 secs)
cl-np:cl-np-batch64-step10k step 54600 lr 2.140e-04 [train_loss] loss -0.2647 cl_loss 3.4389 (3.012 secs)
cl-np:cl-np-batch64-step10k step 54800 lr 2.124e-04 [train_loss] loss -0.2462 cl_loss 3.4551 (2.467 secs)
cl-np:cl-np-batch64-step10k step 55000 lr 2.109e-04 [train_loss] loss -0.2521 cl_loss 3.4603 (2.451 secs)
cl-np:cl-np-batch64-step10k rbf ctx_ll 0.8283 tar_ll 0.3578 (5.487 secs)

cl-np:cl-np-batch64-step10k step 55200 lr 2.093e-04 [train_loss] loss -0.2513 cl_loss 3.4548 (2.588 secs)
cl-np:cl-np-batch64-step10k step 55400 lr 2.078e-04 [train_loss] loss -0.2539 cl_loss 3.4514 (3.573 secs)
cl-np:cl-np-batch64-step10k step 55600 lr 2.062e-04 [train_loss] loss -0.2210 cl_loss 3.4593 (3.610 secs)
cl-np:cl-np-batch64-step10k step 55800 lr 2.047e-04 [train_loss] loss -0.2490 cl_loss 3.4597 (2.733 secs)
cl-np:cl-np-batch64-step10k step 56000 lr 2.032e-04 [train_loss] loss -0.2172 cl_loss 3.4500 (3.094 secs)
cl-np:cl-np-batch64-step10k step 56200 lr 2.016e-04 [train_loss] loss -0.2644 cl_loss 3.4534 (2.666 secs)
cl-np:cl-np-batch64-step10k step 56400 lr 2.001e-04 [train_loss] loss -0.2732 cl_loss 3.4561 (2.406 secs)
cl-np:cl-np-batch64-step10k step 56600 lr 1.985e-04 [train_loss] loss -0.2572 cl_loss 3.4615 (2.509 secs)
cl-np:cl-np-batch64-step10k step 56800 lr 1.970e-04 [train_loss] loss -0.2920 cl_loss 3.4407 (2.255 secs)
cl-np:cl-np-batch64-step10k step 57000 lr 1.955e-04 [train_loss] loss -0.2396 cl_loss 3.4637 (2.508 secs)
cl-np:cl-np-batch64-step10k step 57200 lr 1.939e-04 [train_loss] loss -0.2536 cl_loss 3.4519 (4.084 secs)
cl-np:cl-np-batch64-step10k step 57400 lr 1.924e-04 [train_loss] loss -0.2510 cl_loss 3.4427 (5.353 secs)
cl-np:cl-np-batch64-step10k step 57600 lr 1.909e-04 [train_loss] loss -0.2643 cl_loss 3.4643 (4.604 secs)
cl-np:cl-np-batch64-step10k step 57800 lr 1.894e-04 [train_loss] loss -0.2688 cl_loss 3.4366 (4.095 secs)
cl-np:cl-np-batch64-step10k step 58000 lr 1.878e-04 [train_loss] loss -0.2861 cl_loss 3.4432 (2.872 secs)
cl-np:cl-np-batch64-step10k step 58200 lr 1.863e-04 [train_loss] loss -0.2659 cl_loss 3.4501 (2.750 secs)
cl-np:cl-np-batch64-step10k step 58400 lr 1.848e-04 [train_loss] loss -0.2660 cl_loss 3.4553 (2.976 secs)
cl-np:cl-np-batch64-step10k step 58600 lr 1.833e-04 [train_loss] loss -0.2622 cl_loss 3.4612 (3.042 secs)
cl-np:cl-np-batch64-step10k step 58800 lr 1.818e-04 [train_loss] loss -0.2492 cl_loss 3.4486 (2.361 secs)
cl-np:cl-np-batch64-step10k step 59000 lr 1.803e-04 [train_loss] loss -0.2602 cl_loss 3.4610 (2.801 secs)
cl-np:cl-np-batch64-step10k step 59200 lr 1.787e-04 [train_loss] loss -0.3071 cl_loss 3.4341 (2.189 secs)
cl-np:cl-np-batch64-step10k step 59400 lr 1.772e-04 [train_loss] loss -0.2534 cl_loss 3.4612 (3.665 secs)
cl-np:cl-np-batch64-step10k step 59600 lr 1.757e-04 [train_loss] loss -0.2932 cl_loss 3.4407 (4.987 secs)
cl-np:cl-np-batch64-step10k step 59800 lr 1.742e-04 [train_loss] loss -0.2957 cl_loss 3.4299 (5.178 secs)
cl-np:cl-np-batch64-step10k step 60000 lr 1.727e-04 [train_loss] loss -0.3002 cl_loss 3.4484 (3.813 secs)
cl-np:cl-np-batch64-step10k rbf ctx_ll 0.8416 tar_ll 0.3744 (5.549 secs)

cl-np:cl-np-batch64-step10k step 60200 lr 1.713e-04 [train_loss] loss -0.2461 cl_loss 3.4500 (3.563 secs)
cl-np:cl-np-batch64-step10k step 60400 lr 1.698e-04 [train_loss] loss -0.2645 cl_loss 3.4577 (2.961 secs)
cl-np:cl-np-batch64-step10k step 60600 lr 1.683e-04 [train_loss] loss -0.2919 cl_loss 3.4382 (2.745 secs)
cl-np:cl-np-batch64-step10k step 60800 lr 1.668e-04 [train_loss] loss -0.2701 cl_loss 3.4541 (2.805 secs)
cl-np:cl-np-batch64-step10k step 61000 lr 1.653e-04 [train_loss] loss -0.2705 cl_loss 3.4463 (2.385 secs)
cl-np:cl-np-batch64-step10k step 61200 lr 1.638e-04 [train_loss] loss -0.2661 cl_loss 3.4634 (2.439 secs)
cl-np:cl-np-batch64-step10k step 61400 lr 1.624e-04 [train_loss] loss -0.2808 cl_loss 3.4444 (2.285 secs)
cl-np:cl-np-batch64-step10k step 61600 lr 1.609e-04 [train_loss] loss -0.2659 cl_loss 3.4639 (2.882 secs)
cl-np:cl-np-batch64-step10k step 61800 lr 1.594e-04 [train_loss] loss -0.2619 cl_loss 3.4571 (4.585 secs)
cl-np:cl-np-batch64-step10k step 62000 lr 1.580e-04 [train_loss] loss -0.2466 cl_loss 3.4674 (4.477 secs)
cl-np:cl-np-batch64-step10k step 62200 lr 1.565e-04 [train_loss] loss -0.2622 cl_loss 3.4664 (3.271 secs)
cl-np:cl-np-batch64-step10k step 62400 lr 1.551e-04 [train_loss] loss -0.2813 cl_loss 3.4544 (2.885 secs)
cl-np:cl-np-batch64-step10k step 62600 lr 1.536e-04 [train_loss] loss -0.3071 cl_loss 3.4534 (3.377 secs)
cl-np:cl-np-batch64-step10k step 62800 lr 1.522e-04 [train_loss] loss -0.2175 cl_loss 3.4544 (2.807 secs)
cl-np:cl-np-batch64-step10k step 63000 lr 1.507e-04 [train_loss] loss -0.2397 cl_loss 3.4671 (3.094 secs)
cl-np:cl-np-batch64-step10k step 63200 lr 1.493e-04 [train_loss] loss -0.3026 cl_loss 3.4288 (2.732 secs)
cl-np:cl-np-batch64-step10k step 63400 lr 1.478e-04 [train_loss] loss -0.3005 cl_loss 3.4402 (3.136 secs)
cl-np:cl-np-batch64-step10k step 63600 lr 1.464e-04 [train_loss] loss -0.2556 cl_loss 3.4487 (3.289 secs)
cl-np:cl-np-batch64-step10k step 63800 lr 1.450e-04 [train_loss] loss -0.2747 cl_loss 3.4494 (2.896 secs)
cl-np:cl-np-batch64-step10k step 64000 lr 1.436e-04 [train_loss] loss -0.2857 cl_loss 3.4391 (2.760 secs)
cl-np:cl-np-batch64-step10k step 64200 lr 1.421e-04 [train_loss] loss -0.2677 cl_loss 3.4456 (3.350 secs)
cl-np:cl-np-batch64-step10k step 64400 lr 1.407e-04 [train_loss] loss -0.2560 cl_loss 3.4579 (3.016 secs)
cl-np:cl-np-batch64-step10k step 64600 lr 1.393e-04 [train_loss] loss -0.2827 cl_loss 3.4550 (2.362 secs)
cl-np:cl-np-batch64-step10k step 64800 lr 1.379e-04 [train_loss] loss -0.2981 cl_loss 3.4356 (2.415 secs)
cl-np:cl-np-batch64-step10k step 65000 lr 1.365e-04 [train_loss] loss -0.2886 cl_loss 3.4300 (2.427 secs)
cl-np:cl-np-batch64-step10k rbf ctx_ll 0.8515 tar_ll 0.3901 (5.761 secs)

cl-np:cl-np-batch64-step10k step 65200 lr 1.351e-04 [train_loss] loss -0.2988 cl_loss 3.4474 (2.718 secs)
cl-np:cl-np-batch64-step10k step 65400 lr 1.337e-04 [train_loss] loss -0.3232 cl_loss 3.4447 (2.614 secs)
cl-np:cl-np-batch64-step10k step 65600 lr 1.323e-04 [train_loss] loss -0.2735 cl_loss 3.4588 (4.633 secs)
cl-np:cl-np-batch64-step10k step 65800 lr 1.309e-04 [train_loss] loss -0.2488 cl_loss 3.4541 (4.597 secs)
cl-np:cl-np-batch64-step10k step 66000 lr 1.296e-04 [train_loss] loss -0.2754 cl_loss 3.4658 (4.018 secs)
cl-np:cl-np-batch64-step10k step 66200 lr 1.282e-04 [train_loss] loss -0.2783 cl_loss 3.4595 (2.757 secs)
cl-np:cl-np-batch64-step10k step 66400 lr 1.268e-04 [train_loss] loss -0.2819 cl_loss 3.4638 (2.478 secs)
cl-np:cl-np-batch64-step10k step 66600 lr 1.255e-04 [train_loss] loss -0.3057 cl_loss 3.4535 (2.851 secs)
cl-np:cl-np-batch64-step10k step 66800 lr 1.241e-04 [train_loss] loss -0.3183 cl_loss 3.4682 (3.989 secs)
cl-np:cl-np-batch64-step10k step 67000 lr 1.227e-04 [train_loss] loss -0.2404 cl_loss 3.4759 (5.315 secs)
cl-np:cl-np-batch64-step10k step 67200 lr 1.214e-04 [train_loss] loss -0.3135 cl_loss 3.4404 (3.696 secs)
cl-np:cl-np-batch64-step10k step 67400 lr 1.200e-04 [train_loss] loss -0.2716 cl_loss 3.4506 (3.492 secs)
cl-np:cl-np-batch64-step10k step 67600 lr 1.187e-04 [train_loss] loss -0.2670 cl_loss 3.4402 (3.643 secs)
cl-np:cl-np-batch64-step10k step 67800 lr 1.174e-04 [train_loss] loss -0.2646 cl_loss 3.4636 (3.936 secs)
cl-np:cl-np-batch64-step10k step 68000 lr 1.160e-04 [train_loss] loss -0.3026 cl_loss 3.4427 (4.354 secs)
cl-np:cl-np-batch64-step10k step 68200 lr 1.147e-04 [train_loss] loss -0.3192 cl_loss 3.4505 (3.854 secs)
cl-np:cl-np-batch64-step10k step 68400 lr 1.134e-04 [train_loss] loss -0.2832 cl_loss 3.4497 (3.113 secs)
cl-np:cl-np-batch64-step10k step 68600 lr 1.121e-04 [train_loss] loss -0.2799 cl_loss 3.4376 (2.875 secs)
cl-np:cl-np-batch64-step10k step 68800 lr 1.108e-04 [train_loss] loss -0.2911 cl_loss 3.4453 (2.923 secs)
cl-np:cl-np-batch64-step10k step 69000 lr 1.095e-04 [train_loss] loss -0.3116 cl_loss 3.4450 (2.659 secs)
cl-np:cl-np-batch64-step10k step 69200 lr 1.082e-04 [train_loss] loss -0.2856 cl_loss 3.4427 (3.031 secs)
cl-np:cl-np-batch64-step10k step 69400 lr 1.069e-04 [train_loss] loss -0.2923 cl_loss 3.4421 (2.617 secs)
cl-np:cl-np-batch64-step10k step 69600 lr 1.056e-04 [train_loss] loss -0.3031 cl_loss 3.4371 (2.945 secs)
cl-np:cl-np-batch64-step10k step 69800 lr 1.043e-04 [train_loss] loss -0.3412 cl_loss 3.4353 (2.255 secs)
cl-np:cl-np-batch64-step10k step 70000 lr 1.031e-04 [train_loss] loss -0.3179 cl_loss 3.4254 (2.358 secs)
cl-np:cl-np-batch64-step10k rbf ctx_ll 0.8674 tar_ll 0.3944 (5.325 secs)

cl-np:cl-np-batch64-step10k step 70200 lr 1.018e-04 [train_loss] loss -0.3236 cl_loss 3.4349 (2.538 secs)
cl-np:cl-np-batch64-step10k step 70400 lr 1.005e-04 [train_loss] loss -0.2961 cl_loss 3.4392 (2.332 secs)
cl-np:cl-np-batch64-step10k step 70600 lr 9.927e-05 [train_loss] loss -0.3115 cl_loss 3.4545 (2.578 secs)
cl-np:cl-np-batch64-step10k step 70800 lr 9.802e-05 [train_loss] loss -0.2949 cl_loss 3.4402 (2.329 secs)
cl-np:cl-np-batch64-step10k step 71000 lr 9.677e-05 [train_loss] loss -0.3542 cl_loss 3.4372 (3.371 secs)
cl-np:cl-np-batch64-step10k step 71200 lr 9.554e-05 [train_loss] loss -0.3019 cl_loss 3.4433 (5.447 secs)
cl-np:cl-np-batch64-step10k step 71400 lr 9.430e-05 [train_loss] loss -0.2715 cl_loss 3.4428 (4.778 secs)
cl-np:cl-np-batch64-step10k step 71600 lr 9.308e-05 [train_loss] loss -0.3299 cl_loss 3.4398 (3.847 secs)
cl-np:cl-np-batch64-step10k step 71800 lr 9.186e-05 [train_loss] loss -0.3176 cl_loss 3.4389 (2.992 secs)
cl-np:cl-np-batch64-step10k step 72000 lr 9.064e-05 [train_loss] loss -0.3086 cl_loss 3.4698 (2.985 secs)
cl-np:cl-np-batch64-step10k step 72200 lr 8.944e-05 [train_loss] loss -0.3187 cl_loss 3.4404 (3.003 secs)
cl-np:cl-np-batch64-step10k step 72400 lr 8.824e-05 [train_loss] loss -0.2907 cl_loss 3.4372 (3.210 secs)
cl-np:cl-np-batch64-step10k step 72600 lr 8.704e-05 [train_loss] loss -0.2872 cl_loss 3.4541 (2.920 secs)
cl-np:cl-np-batch64-step10k step 72800 lr 8.585e-05 [train_loss] loss -0.3062 cl_loss 3.4465 (2.675 secs)
cl-np:cl-np-batch64-step10k step 73000 lr 8.467e-05 [train_loss] loss -0.3141 cl_loss 3.4446 (2.590 secs)
cl-np:cl-np-batch64-step10k step 73200 lr 8.350e-05 [train_loss] loss -0.3156 cl_loss 3.4572 (2.923 secs)
cl-np:cl-np-batch64-step10k step 73400 lr 8.233e-05 [train_loss] loss -0.3284 cl_loss 3.4587 (2.692 secs)
cl-np:cl-np-batch64-step10k step 73600 lr 8.117e-05 [train_loss] loss -0.3028 cl_loss 3.4575 (2.609 secs)
cl-np:cl-np-batch64-step10k step 73800 lr 8.001e-05 [train_loss] loss -0.3388 cl_loss 3.4435 (2.527 secs)
cl-np:cl-np-batch64-step10k step 74000 lr 7.886e-05 [train_loss] loss -0.3118 cl_loss 3.4418 (2.329 secs)
cl-np:cl-np-batch64-step10k step 74200 lr 7.772e-05 [train_loss] loss -0.3055 cl_loss 3.4416 (2.498 secs)
cl-np:cl-np-batch64-step10k step 74400 lr 7.659e-05 [train_loss] loss -0.2844 cl_loss 3.4435 (4.184 secs)
cl-np:cl-np-batch64-step10k step 74600 lr 7.546e-05 [train_loss] loss -0.2738 cl_loss 3.4634 (3.128 secs)
cl-np:cl-np-batch64-step10k step 74800 lr 7.434e-05 [train_loss] loss -0.3114 cl_loss 3.4237 (5.357 secs)
cl-np:cl-np-batch64-step10k step 75000 lr 7.322e-05 [train_loss] loss -0.2905 cl_loss 3.4552 (4.621 secs)
cl-np:cl-np-batch64-step10k rbf ctx_ll 0.8680 tar_ll 0.4034 (5.612 secs)

cl-np:cl-np-batch64-step10k step 75200 lr 7.212e-05 [train_loss] loss -0.2698 cl_loss 3.4546 (4.470 secs)
cl-np:cl-np-batch64-step10k step 75400 lr 7.102e-05 [train_loss] loss -0.2954 cl_loss 3.4312 (2.830 secs)
cl-np:cl-np-batch64-step10k step 75600 lr 6.992e-05 [train_loss] loss -0.2783 cl_loss 3.4522 (2.791 secs)
cl-np:cl-np-batch64-step10k step 75800 lr 6.884e-05 [train_loss] loss -0.3004 cl_loss 3.4269 (2.506 secs)
cl-np:cl-np-batch64-step10k step 76000 lr 6.776e-05 [train_loss] loss -0.2879 cl_loss 3.4592 (3.022 secs)
cl-np:cl-np-batch64-step10k step 76200 lr 6.669e-05 [train_loss] loss -0.2859 cl_loss 3.4514 (2.795 secs)
cl-np:cl-np-batch64-step10k step 76400 lr 6.562e-05 [train_loss] loss -0.3321 cl_loss 3.4426 (2.223 secs)
cl-np:cl-np-batch64-step10k step 76600 lr 6.456e-05 [train_loss] loss -0.3041 cl_loss 3.4528 (2.499 secs)
cl-np:cl-np-batch64-step10k step 76800 lr 6.351e-05 [train_loss] loss -0.2901 cl_loss 3.4778 (2.448 secs)
cl-np:cl-np-batch64-step10k step 77000 lr 6.247e-05 [train_loss] loss -0.3060 cl_loss 3.4489 (2.508 secs)
cl-np:cl-np-batch64-step10k step 77200 lr 6.144e-05 [train_loss] loss -0.3436 cl_loss 3.4282 (4.912 secs)
cl-np:cl-np-batch64-step10k step 77400 lr 6.041e-05 [train_loss] loss -0.3256 cl_loss 3.4351 (4.973 secs)
cl-np:cl-np-batch64-step10k step 77600 lr 5.939e-05 [train_loss] loss -0.3085 cl_loss 3.4434 (3.438 secs)
cl-np:cl-np-batch64-step10k step 77800 lr 5.838e-05 [train_loss] loss -0.3006 cl_loss 3.4348 (3.267 secs)
cl-np:cl-np-batch64-step10k step 78000 lr 5.737e-05 [train_loss] loss -0.3226 cl_loss 3.4396 (2.820 secs)
cl-np:cl-np-batch64-step10k step 78200 lr 5.637e-05 [train_loss] loss -0.3338 cl_loss 3.4254 (5.362 secs)
cl-np:cl-np-batch64-step10k step 78400 lr 5.538e-05 [train_loss] loss -0.3169 cl_loss 3.4393 (3.696 secs)
cl-np:cl-np-batch64-step10k step 78600 lr 5.440e-05 [train_loss] loss -0.3297 cl_loss 3.4351 (3.262 secs)
cl-np:cl-np-batch64-step10k step 78800 lr 5.343e-05 [train_loss] loss -0.3202 cl_loss 3.4376 (2.589 secs)
cl-np:cl-np-batch64-step10k step 79000 lr 5.246e-05 [train_loss] loss -0.3203 cl_loss 3.4444 (2.445 secs)
cl-np:cl-np-batch64-step10k step 79200 lr 5.150e-05 [train_loss] loss -0.2981 cl_loss 3.4486 (2.673 secs)
cl-np:cl-np-batch64-step10k step 79400 lr 5.055e-05 [train_loss] loss -0.2958 cl_loss 3.4392 (2.348 secs)
cl-np:cl-np-batch64-step10k step 79600 lr 4.961e-05 [train_loss] loss -0.3098 cl_loss 3.4362 (4.508 secs)
cl-np:cl-np-batch64-step10k step 79800 lr 4.867e-05 [train_loss] loss -0.3323 cl_loss 3.4373 (3.963 secs)
cl-np:cl-np-batch64-step10k step 80000 lr 4.775e-05 [train_loss] loss -0.3140 cl_loss 3.4380 (3.010 secs)
cl-np:cl-np-batch64-step10k rbf ctx_ll 0.8778 tar_ll 0.4144 (5.631 secs)

cl-np:cl-np-batch64-step10k step 80200 lr 4.683e-05 [train_loss] loss -0.3148 cl_loss 3.4532 (2.947 secs)
cl-np:cl-np-batch64-step10k step 80400 lr 4.592e-05 [train_loss] loss -0.3033 cl_loss 3.4519 (2.853 secs)
cl-np:cl-np-batch64-step10k step 80600 lr 4.501e-05 [train_loss] loss -0.3370 cl_loss 3.4462 (2.741 secs)
cl-np:cl-np-batch64-step10k step 80800 lr 4.412e-05 [train_loss] loss -0.2938 cl_loss 3.4611 (2.362 secs)
cl-np:cl-np-batch64-step10k step 81000 lr 4.323e-05 [train_loss] loss -0.3093 cl_loss 3.4304 (2.545 secs)
cl-np:cl-np-batch64-step10k step 81200 lr 4.235e-05 [train_loss] loss -0.3099 cl_loss 3.4343 (2.580 secs)
cl-np:cl-np-batch64-step10k step 81400 lr 4.148e-05 [train_loss] loss -0.3058 cl_loss 3.4547 (4.993 secs)
cl-np:cl-np-batch64-step10k step 81600 lr 4.062e-05 [train_loss] loss -0.3488 cl_loss 3.4303 (5.171 secs)
cl-np:cl-np-batch64-step10k step 81800 lr 3.976e-05 [train_loss] loss -0.3247 cl_loss 3.4328 (4.135 secs)
cl-np:cl-np-batch64-step10k step 82000 lr 3.892e-05 [train_loss] loss -0.3158 cl_loss 3.4417 (3.091 secs)
cl-np:cl-np-batch64-step10k step 82200 lr 3.808e-05 [train_loss] loss -0.2909 cl_loss 3.4383 (2.954 secs)
cl-np:cl-np-batch64-step10k step 82400 lr 3.725e-05 [train_loss] loss -0.3181 cl_loss 3.4416 (3.076 secs)
cl-np:cl-np-batch64-step10k step 82600 lr 3.643e-05 [train_loss] loss -0.3365 cl_loss 3.4480 (3.071 secs)
cl-np:cl-np-batch64-step10k step 82800 lr 3.562e-05 [train_loss] loss -0.3151 cl_loss 3.4426 (2.417 secs)
cl-np:cl-np-batch64-step10k step 83000 lr 3.481e-05 [train_loss] loss -0.3138 cl_loss 3.4346 (2.235 secs)
cl-np:cl-np-batch64-step10k step 83200 lr 3.402e-05 [train_loss] loss -0.3252 cl_loss 3.4427 (2.544 secs)
cl-np:cl-np-batch64-step10k step 83400 lr 3.323e-05 [train_loss] loss -0.3147 cl_loss 3.4485 (3.318 secs)
cl-np:cl-np-batch64-step10k step 83600 lr 3.245e-05 [train_loss] loss -0.3018 cl_loss 3.4454 (4.845 secs)
cl-np:cl-np-batch64-step10k step 83800 lr 3.168e-05 [train_loss] loss -0.3112 cl_loss 3.4494 (3.800 secs)
cl-np:cl-np-batch64-step10k step 84000 lr 3.092e-05 [train_loss] loss -0.3292 cl_loss 3.4276 (3.072 secs)
cl-np:cl-np-batch64-step10k step 84200 lr 3.017e-05 [train_loss] loss -0.3204 cl_loss 3.4447 (2.472 secs)
cl-np:cl-np-batch64-step10k step 84400 lr 2.943e-05 [train_loss] loss -0.3210 cl_loss 3.4306 (2.775 secs)
cl-np:cl-np-batch64-step10k step 84600 lr 2.869e-05 [train_loss] loss -0.2878 cl_loss 3.4668 (2.805 secs)
cl-np:cl-np-batch64-step10k step 84800 lr 2.797e-05 [train_loss] loss -0.3275 cl_loss 3.4253 (2.633 secs)
cl-np:cl-np-batch64-step10k step 85000 lr 2.725e-05 [train_loss] loss -0.3174 cl_loss 3.4374 (2.670 secs)
cl-np:cl-np-batch64-step10k rbf ctx_ll 0.8896 tar_ll 0.4098 (6.687 secs)

cl-np:cl-np-batch64-step10k step 85200 lr 2.654e-05 [train_loss] loss -0.3118 cl_loss 3.4540 (2.562 secs)
cl-np:cl-np-batch64-step10k step 85400 lr 2.584e-05 [train_loss] loss -0.3139 cl_loss 3.4430 (3.277 secs)
cl-np:cl-np-batch64-step10k step 85600 lr 2.515e-05 [train_loss] loss -0.3253 cl_loss 3.4476 (5.373 secs)
cl-np:cl-np-batch64-step10k step 85800 lr 2.447e-05 [train_loss] loss -0.3089 cl_loss 3.4786 (3.823 secs)
cl-np:cl-np-batch64-step10k step 86000 lr 2.379e-05 [train_loss] loss -0.3062 cl_loss 3.4412 (3.570 secs)
cl-np:cl-np-batch64-step10k step 86200 lr 2.313e-05 [train_loss] loss -0.3320 cl_loss 3.4397 (3.115 secs)
cl-np:cl-np-batch64-step10k step 86400 lr 2.247e-05 [train_loss] loss -0.3331 cl_loss 3.4409 (2.906 secs)
cl-np:cl-np-batch64-step10k step 86600 lr 2.183e-05 [train_loss] loss -0.2979 cl_loss 3.4553 (2.575 secs)
cl-np:cl-np-batch64-step10k step 86800 lr 2.119e-05 [train_loss] loss -0.3111 cl_loss 3.4275 (2.425 secs)
cl-np:cl-np-batch64-step10k step 87000 lr 2.056e-05 [train_loss] loss -0.3541 cl_loss 3.4469 (2.150 secs)
cl-np:cl-np-batch64-step10k step 87200 lr 1.994e-05 [train_loss] loss -0.3421 cl_loss 3.4234 (2.756 secs)
cl-np:cl-np-batch64-step10k step 87400 lr 1.933e-05 [train_loss] loss -0.3396 cl_loss 3.4390 (3.639 secs)
cl-np:cl-np-batch64-step10k step 87600 lr 1.873e-05 [train_loss] loss -0.3124 cl_loss 3.4438 (5.357 secs)
cl-np:cl-np-batch64-step10k step 87800 lr 1.814e-05 [train_loss] loss -0.3389 cl_loss 3.4540 (4.208 secs)
cl-np:cl-np-batch64-step10k step 88000 lr 1.756e-05 [train_loss] loss -0.2979 cl_loss 3.4415 (4.430 secs)
cl-np:cl-np-batch64-step10k step 88200 lr 1.698e-05 [train_loss] loss -0.3031 cl_loss 3.4337 (3.710 secs)
cl-np:cl-np-batch64-step10k step 88400 lr 1.642e-05 [train_loss] loss -0.3435 cl_loss 3.4400 (2.912 secs)
cl-np:cl-np-batch64-step10k step 88600 lr 1.586e-05 [train_loss] loss -0.3327 cl_loss 3.4444 (3.150 secs)
cl-np:cl-np-batch64-step10k step 88800 lr 1.532e-05 [train_loss] loss -0.3154 cl_loss 3.4434 (2.867 secs)
cl-np:cl-np-batch64-step10k step 89000 lr 1.478e-05 [train_loss] loss -0.3288 cl_loss 3.4435 (2.786 secs)
cl-np:cl-np-batch64-step10k step 89200 lr 1.425e-05 [train_loss] loss -0.3152 cl_loss 3.4384 (2.308 secs)
cl-np:cl-np-batch64-step10k step 89400 lr 1.373e-05 [train_loss] loss -0.3289 cl_loss 3.4298 (2.089 secs)
cl-np:cl-np-batch64-step10k step 89600 lr 1.323e-05 [train_loss] loss -0.3303 cl_loss 3.4290 (2.255 secs)
cl-np:cl-np-batch64-step10k step 89800 lr 1.273e-05 [train_loss] loss -0.2892 cl_loss 3.4485 (2.063 secs)
cl-np:cl-np-batch64-step10k step 90000 lr 1.224e-05 [train_loss] loss -0.3354 cl_loss 3.4341 (2.949 secs)
cl-np:cl-np-batch64-step10k rbf ctx_ll 0.8940 tar_ll 0.4132 (5.494 secs)

cl-np:cl-np-batch64-step10k step 90200 lr 1.176e-05 [train_loss] loss -0.2976 cl_loss 3.4457 (4.552 secs)
cl-np:cl-np-batch64-step10k step 90400 lr 1.128e-05 [train_loss] loss -0.3200 cl_loss 3.4371 (4.811 secs)
cl-np:cl-np-batch64-step10k step 90600 lr 1.082e-05 [train_loss] loss -0.3373 cl_loss 3.4387 (3.894 secs)
cl-np:cl-np-batch64-step10k step 90800 lr 1.037e-05 [train_loss] loss -0.3364 cl_loss 3.4352 (2.841 secs)
cl-np:cl-np-batch64-step10k step 91000 lr 9.927e-06 [train_loss] loss -0.3262 cl_loss 3.4469 (2.907 secs)
cl-np:cl-np-batch64-step10k step 91200 lr 9.493e-06 [train_loss] loss -0.3049 cl_loss 3.4567 (2.673 secs)
cl-np:cl-np-batch64-step10k step 91400 lr 9.069e-06 [train_loss] loss -0.3206 cl_loss 3.4509 (2.605 secs)
cl-np:cl-np-batch64-step10k step 91600 lr 8.655e-06 [train_loss] loss -0.2880 cl_loss 3.4519 (2.410 secs)
cl-np:cl-np-batch64-step10k step 91800 lr 8.250e-06 [train_loss] loss -0.3166 cl_loss 3.4342 (2.263 secs)
cl-np:cl-np-batch64-step10k step 92000 lr 7.854e-06 [train_loss] loss -0.3094 cl_loss 3.4460 (2.314 secs)
cl-np:cl-np-batch64-step10k step 92200 lr 7.468e-06 [train_loss] loss -0.3125 cl_loss 3.4533 (4.438 secs)
cl-np:cl-np-batch64-step10k step 92400 lr 7.092e-06 [train_loss] loss -0.2957 cl_loss 3.4451 (3.632 secs)
cl-np:cl-np-batch64-step10k step 92600 lr 6.725e-06 [train_loss] loss -0.3115 cl_loss 3.4572 (2.883 secs)
cl-np:cl-np-batch64-step10k step 92800 lr 6.368e-06 [train_loss] loss -0.3101 cl_loss 3.4253 (4.391 secs)
cl-np:cl-np-batch64-step10k step 93000 lr 6.021e-06 [train_loss] loss -0.3273 cl_loss 3.4305 (3.585 secs)
cl-np:cl-np-batch64-step10k step 93200 lr 5.683e-06 [train_loss] loss -0.3232 cl_loss 3.4381 (2.507 secs)
cl-np:cl-np-batch64-step10k step 93400 lr 5.355e-06 [train_loss] loss -0.2964 cl_loss 3.4462 (3.082 secs)
cl-np:cl-np-batch64-step10k step 93600 lr 5.036e-06 [train_loss] loss -0.3582 cl_loss 3.4285 (2.304 secs)
cl-np:cl-np-batch64-step10k step 93800 lr 4.727e-06 [train_loss] loss -0.3248 cl_loss 3.4452 (2.428 secs)
cl-np:cl-np-batch64-step10k step 94000 lr 4.428e-06 [train_loss] loss -0.3141 cl_loss 3.4450 (2.178 secs)
cl-np:cl-np-batch64-step10k step 94200 lr 4.139e-06 [train_loss] loss -0.3071 cl_loss 3.4447 (2.668 secs)
cl-np:cl-np-batch64-step10k step 94400 lr 3.859e-06 [train_loss] loss -0.3259 cl_loss 3.4319 (3.647 secs)
cl-np:cl-np-batch64-step10k step 94600 lr 3.589e-06 [train_loss] loss -0.3071 cl_loss 3.4560 (2.943 secs)
cl-np:cl-np-batch64-step10k step 94800 lr 3.329e-06 [train_loss] loss -0.3124 cl_loss 3.4462 (2.789 secs)
cl-np:cl-np-batch64-step10k step 95000 lr 3.078e-06 [train_loss] loss -0.3385 cl_loss 3.4280 (3.073 secs)
cl-np:cl-np-batch64-step10k rbf ctx_ll 0.8934 tar_ll 0.4154 (5.894 secs)

cl-np:cl-np-batch64-step10k step 95200 lr 2.837e-06 [train_loss] loss -0.3237 cl_loss 3.4407 (3.341 secs)
cl-np:cl-np-batch64-step10k step 95400 lr 2.606e-06 [train_loss] loss -0.3308 cl_loss 3.4292 (2.669 secs)
cl-np:cl-np-batch64-step10k step 95600 lr 2.385e-06 [train_loss] loss -0.3148 cl_loss 3.4448 (3.305 secs)
cl-np:cl-np-batch64-step10k step 95800 lr 2.173e-06 [train_loss] loss -0.3297 cl_loss 3.4327 (4.546 secs)
cl-np:cl-np-batch64-step10k step 96000 lr 1.971e-06 [train_loss] loss -0.3059 cl_loss 3.4287 (3.991 secs)
cl-np:cl-np-batch64-step10k step 96200 lr 1.779e-06 [train_loss] loss -0.3369 cl_loss 3.4300 (2.929 secs)
cl-np:cl-np-batch64-step10k step 96400 lr 1.597e-06 [train_loss] loss -0.3318 cl_loss 3.4482 (2.888 secs)
cl-np:cl-np-batch64-step10k step 96600 lr 1.425e-06 [train_loss] loss -0.3444 cl_loss 3.4407 (2.919 secs)
cl-np:cl-np-batch64-step10k step 96800 lr 1.262e-06 [train_loss] loss -0.3099 cl_loss 3.4454 (2.528 secs)
cl-np:cl-np-batch64-step10k step 97000 lr 1.110e-06 [train_loss] loss -0.3549 cl_loss 3.4286 (2.322 secs)
cl-np:cl-np-batch64-step10k step 97200 lr 9.666e-07 [train_loss] loss -0.3270 cl_loss 3.4443 (2.515 secs)
cl-np:cl-np-batch64-step10k step 97400 lr 8.335e-07 [train_loss] loss -0.3055 cl_loss 3.4563 (2.324 secs)
cl-np:cl-np-batch64-step10k step 97600 lr 7.103e-07 [train_loss] loss -0.3179 cl_loss 3.4426 (4.536 secs)
cl-np:cl-np-batch64-step10k step 97800 lr 5.969e-07 [train_loss] loss -0.3366 cl_loss 3.4357 (5.085 secs)
cl-np:cl-np-batch64-step10k step 98000 lr 4.933e-07 [train_loss] loss -0.3313 cl_loss 3.4398 (3.813 secs)
cl-np:cl-np-batch64-step10k step 98200 lr 3.996e-07 [train_loss] loss -0.3127 cl_loss 3.4345 (3.027 secs)
cl-np:cl-np-batch64-step10k step 98400 lr 3.158e-07 [train_loss] loss -0.3765 cl_loss 3.4216 (2.731 secs)
cl-np:cl-np-batch64-step10k step 98600 lr 2.418e-07 [train_loss] loss -0.3243 cl_loss 3.4387 (2.679 secs)
cl-np:cl-np-batch64-step10k step 98800 lr 1.776e-07 [train_loss] loss -0.2999 cl_loss 3.4460 (2.797 secs)
cl-np:cl-np-batch64-step10k step 99000 lr 1.234e-07 [train_loss] loss -0.3053 cl_loss 3.4352 (2.223 secs)
cl-np:cl-np-batch64-step10k step 99200 lr 7.895e-08 [train_loss] loss -0.3231 cl_loss 3.4344 (2.375 secs)
cl-np:cl-np-batch64-step10k step 99400 lr 4.441e-08 [train_loss] loss -0.3066 cl_loss 3.4568 (2.293 secs)
cl-np:cl-np-batch64-step10k step 99600 lr 1.974e-08 [train_loss] loss -0.3294 cl_loss 3.4411 (2.355 secs)
cl-np:cl-np-batch64-step10k step 99800 lr 4.935e-09 [train_loss] loss -0.3253 cl_loss 3.4540 (3.605 secs)
cl-np:cl-np-batch64-step10k step 100000 lr 0.000e+00 [train_loss] loss -0.3405 cl_loss 3.4376 (3.484 secs)
cl-np:cl-np-batch64-step10k rbf ctx_ll 0.8941 tar_ll 0.4162 (5.948 secs)

