Experiment: anp-default-anp
Total number of parameters: 348418

anp:default-anp step 200 lr 5.000e-04 [train_loss] loss 0.4783 (4.471 secs)
anp:default-anp step 400 lr 5.000e-04 [train_loss] loss 0.1670 (3.441 secs)
anp:default-anp step 600 lr 5.000e-04 [train_loss] loss -0.1913 (2.631 secs)
anp:default-anp step 800 lr 4.999e-04 [train_loss] loss -0.3137 (2.520 secs)
anp:default-anp step 1000 lr 4.999e-04 [train_loss] loss -0.4276 (2.522 secs)
anp:default-anp step 1200 lr 4.998e-04 [train_loss] loss -0.4557 (2.335 secs)
anp:default-anp step 1400 lr 4.998e-04 [train_loss] loss -0.6050 (2.728 secs)
anp:default-anp step 1600 lr 4.997e-04 [train_loss] loss -0.6801 (2.870 secs)
anp:default-anp step 1800 lr 4.996e-04 [train_loss] loss -0.6428 (3.019 secs)
anp:default-anp step 2000 lr 4.995e-04 [train_loss] loss -0.6890 (3.433 secs)
anp:default-anp step 2200 lr 4.994e-04 [train_loss] loss -0.7930 (2.399 secs)
anp:default-anp step 2400 lr 4.993e-04 [train_loss] loss -0.7753 (2.504 secs)
anp:default-anp step 2600 lr 4.992e-04 [train_loss] loss -0.7484 (2.594 secs)
anp:default-anp step 2800 lr 4.990e-04 [train_loss] loss -0.7687 (2.445 secs)
anp:default-anp step 3000 lr 4.989e-04 [train_loss] loss -0.8126 (2.997 secs)
anp:default-anp step 3200 lr 4.987e-04 [train_loss] loss -0.7196 (2.343 secs)
anp:default-anp step 3400 lr 4.986e-04 [train_loss] loss -0.6777 (2.697 secs)
anp:default-anp step 3600 lr 4.984e-04 [train_loss] loss -0.8721 (3.043 secs)
anp:default-anp step 3800 lr 4.982e-04 [train_loss] loss -0.8316 (2.349 secs)
anp:default-anp step 4000 lr 4.980e-04 [train_loss] loss -0.8424 (2.229 secs)
anp:default-anp step 4200 lr 4.978e-04 [train_loss] loss -0.8113 (2.327 secs)
anp:default-anp step 4400 lr 4.976e-04 [train_loss] loss -0.8345 (2.565 secs)
anp:default-anp step 4600 lr 4.974e-04 [train_loss] loss -0.8921 (2.833 secs)
anp:default-anp step 4800 lr 4.972e-04 [train_loss] loss -0.8569 (3.014 secs)
anp:default-anp step 5000 lr 4.969e-04 [train_loss] loss -0.8844 (2.717 secs)
anp:default-anp rbf ctx_ll 1.2094 tar_ll 0.5813 (7.917 secs)

anp:default-anp step 5200 lr 4.967e-04 [train_loss] loss -0.8855 (3.427 secs)
anp:default-anp step 5400 lr 4.964e-04 [train_loss] loss -0.8660 (3.269 secs)
anp:default-anp step 5600 lr 4.961e-04 [train_loss] loss -0.8526 (2.941 secs)
anp:default-anp step 5800 lr 4.959e-04 [train_loss] loss -0.9065 (2.608 secs)
anp:default-anp step 6000 lr 4.956e-04 [train_loss] loss -0.9161 (2.713 secs)
anp:default-anp step 6200 lr 4.953e-04 [train_loss] loss -0.9412 (2.644 secs)
anp:default-anp step 6400 lr 4.950e-04 [train_loss] loss -0.8577 (3.105 secs)
anp:default-anp step 6600 lr 4.946e-04 [train_loss] loss -0.8707 (4.097 secs)
anp:default-anp step 6800 lr 4.943e-04 [train_loss] loss -0.9412 (2.987 secs)
anp:default-anp step 7000 lr 4.940e-04 [train_loss] loss -0.7577 (2.712 secs)
anp:default-anp step 7200 lr 4.936e-04 [train_loss] loss -0.7572 (3.777 secs)
anp:default-anp step 7400 lr 4.933e-04 [train_loss] loss -0.9934 (3.197 secs)
anp:default-anp step 7600 lr 4.929e-04 [train_loss] loss -0.9678 (2.799 secs)
anp:default-anp step 7800 lr 4.925e-04 [train_loss] loss -0.9943 (2.517 secs)
anp:default-anp step 8000 lr 4.921e-04 [train_loss] loss -0.7848 (2.986 secs)
anp:default-anp step 8200 lr 4.918e-04 [train_loss] loss -0.6527 (3.044 secs)
anp:default-anp step 8400 lr 4.913e-04 [train_loss] loss -0.7966 (2.795 secs)
anp:default-anp step 8600 lr 4.909e-04 [train_loss] loss -0.7745 (2.949 secs)
anp:default-anp step 8800 lr 4.905e-04 [train_loss] loss -0.7720 (2.514 secs)
anp:default-anp step 9000 lr 4.901e-04 [train_loss] loss -0.8739 (2.489 secs)
anp:default-anp step 9200 lr 4.896e-04 [train_loss] loss -0.8204 (3.071 secs)
anp:default-anp step 9400 lr 4.892e-04 [train_loss] loss -0.8828 (4.460 secs)
anp:default-anp step 9600 lr 4.887e-04 [train_loss] loss -0.8770 (3.629 secs)
anp:default-anp step 9800 lr 4.882e-04 [train_loss] loss -0.8368 (3.834 secs)
anp:default-anp step 10000 lr 4.878e-04 [train_loss] loss -0.8552 (3.446 secs)
anp:default-anp rbf ctx_ll 1.2106 tar_ll 0.5529 (8.140 secs)

anp:default-anp step 10200 lr 4.873e-04 [train_loss] loss -0.8722 (3.335 secs)
anp:default-anp step 10400 lr 4.868e-04 [train_loss] loss -0.8987 (3.641 secs)
anp:default-anp step 10600 lr 4.863e-04 [train_loss] loss -0.9333 (2.793 secs)
anp:default-anp step 10800 lr 4.857e-04 [train_loss] loss -0.9495 (3.395 secs)
anp:default-anp step 11000 lr 4.852e-04 [train_loss] loss -0.9296 (4.097 secs)
anp:default-anp step 11200 lr 4.847e-04 [train_loss] loss -0.9403 (3.948 secs)
anp:default-anp step 11400 lr 4.841e-04 [train_loss] loss -0.7438 (4.254 secs)
anp:default-anp step 11600 lr 4.836e-04 [train_loss] loss -0.9122 (4.005 secs)
anp:default-anp step 11800 lr 4.830e-04 [train_loss] loss -0.9033 (3.939 secs)
anp:default-anp step 12000 lr 4.824e-04 [train_loss] loss -0.9309 (3.437 secs)
anp:default-anp step 12200 lr 4.819e-04 [train_loss] loss -0.9698 (3.448 secs)
anp:default-anp step 12400 lr 4.813e-04 [train_loss] loss -0.9580 (3.114 secs)
anp:default-anp step 12600 lr 4.807e-04 [train_loss] loss -0.9377 (3.053 secs)
anp:default-anp step 12800 lr 4.801e-04 [train_loss] loss -0.9993 (3.380 secs)
anp:default-anp step 13000 lr 4.794e-04 [train_loss] loss -1.0091 (2.919 secs)
anp:default-anp step 13200 lr 4.788e-04 [train_loss] loss -0.9272 (2.768 secs)
anp:default-anp step 13400 lr 4.782e-04 [train_loss] loss -1.0150 (2.851 secs)
anp:default-anp step 13600 lr 4.775e-04 [train_loss] loss -0.9397 (3.879 secs)
anp:default-anp step 13800 lr 4.769e-04 [train_loss] loss -0.9232 (3.497 secs)
anp:default-anp step 14000 lr 4.762e-04 [train_loss] loss -0.9344 (3.442 secs)
anp:default-anp step 14200 lr 4.755e-04 [train_loss] loss -0.9812 (2.499 secs)
anp:default-anp step 14400 lr 4.749e-04 [train_loss] loss -0.8719 (2.967 secs)
anp:default-anp step 14600 lr 4.742e-04 [train_loss] loss -0.9937 (2.345 secs)
anp:default-anp step 14800 lr 4.735e-04 [train_loss] loss -0.9985 (3.467 secs)
anp:default-anp step 15000 lr 4.728e-04 [train_loss] loss -0.9838 (3.342 secs)
anp:default-anp rbf ctx_ll 1.2749 tar_ll 0.6084 (8.597 secs)

anp:default-anp step 15200 lr 4.720e-04 [train_loss] loss -0.9788 (2.679 secs)
anp:default-anp step 15400 lr 4.713e-04 [train_loss] loss -0.9782 (2.796 secs)
anp:default-anp step 15600 lr 4.706e-04 [train_loss] loss -0.9714 (3.330 secs)
anp:default-anp step 15800 lr 4.698e-04 [train_loss] loss -0.9044 (2.992 secs)
anp:default-anp step 16000 lr 4.691e-04 [train_loss] loss -1.0029 (2.600 secs)
anp:default-anp step 16200 lr 4.683e-04 [train_loss] loss -0.9916 (2.550 secs)
anp:default-anp step 16400 lr 4.675e-04 [train_loss] loss -0.8810 (2.535 secs)
anp:default-anp step 16600 lr 4.668e-04 [train_loss] loss -0.9655 (2.588 secs)
anp:default-anp step 16800 lr 4.660e-04 [train_loss] loss -1.0011 (2.518 secs)
anp:default-anp step 17000 lr 4.652e-04 [train_loss] loss -0.9618 (3.518 secs)
anp:default-anp step 17200 lr 4.644e-04 [train_loss] loss -0.9920 (2.406 secs)
anp:default-anp step 17400 lr 4.636e-04 [train_loss] loss -0.9757 (3.133 secs)
anp:default-anp step 17600 lr 4.627e-04 [train_loss] loss -0.9512 (2.138 secs)
anp:default-anp step 17800 lr 4.619e-04 [train_loss] loss -1.0023 (2.452 secs)
anp:default-anp step 18000 lr 4.611e-04 [train_loss] loss -0.9707 (2.992 secs)
anp:default-anp step 18200 lr 4.602e-04 [train_loss] loss -1.0039 (2.511 secs)
anp:default-anp step 18400 lr 4.594e-04 [train_loss] loss -0.9571 (2.722 secs)
anp:default-anp step 18600 lr 4.585e-04 [train_loss] loss -1.0106 (3.239 secs)
anp:default-anp step 18800 lr 4.576e-04 [train_loss] loss -0.9985 (3.224 secs)
anp:default-anp step 19000 lr 4.568e-04 [train_loss] loss -0.9901 (3.420 secs)
anp:default-anp step 19200 lr 4.559e-04 [train_loss] loss -1.0062 (3.319 secs)
anp:default-anp step 19400 lr 4.550e-04 [train_loss] loss -0.8982 (2.663 secs)
anp:default-anp step 19600 lr 4.541e-04 [train_loss] loss -1.0124 (2.524 secs)
anp:default-anp step 19800 lr 4.532e-04 [train_loss] loss -0.9253 (2.776 secs)
anp:default-anp step 20000 lr 4.523e-04 [train_loss] loss -1.0092 (2.712 secs)
anp:default-anp rbf ctx_ll 1.3291 tar_ll 0.6908 (8.129 secs)

anp:default-anp step 20200 lr 4.513e-04 [train_loss] loss -0.9343 (2.668 secs)
anp:default-anp step 20400 lr 4.504e-04 [train_loss] loss -0.8381 (2.733 secs)
anp:default-anp step 20600 lr 4.494e-04 [train_loss] loss -0.9888 (2.433 secs)
anp:default-anp step 20800 lr 4.485e-04 [train_loss] loss -0.9779 (2.533 secs)
anp:default-anp step 21000 lr 4.475e-04 [train_loss] loss -0.9591 (2.299 secs)
anp:default-anp step 21200 lr 4.466e-04 [train_loss] loss -0.9799 (2.420 secs)
anp:default-anp step 21400 lr 4.456e-04 [train_loss] loss -1.0098 (2.419 secs)
anp:default-anp step 21600 lr 4.446e-04 [train_loss] loss -1.0173 (2.278 secs)
anp:default-anp step 21800 lr 4.436e-04 [train_loss] loss -0.9793 (2.258 secs)
anp:default-anp step 22000 lr 4.426e-04 [train_loss] loss -1.0188 (2.196 secs)
anp:default-anp step 22200 lr 4.416e-04 [train_loss] loss -1.0363 (2.343 secs)
anp:default-anp step 22400 lr 4.406e-04 [train_loss] loss -1.0212 (2.297 secs)
anp:default-anp step 22600 lr 4.396e-04 [train_loss] loss -0.9492 (2.372 secs)
anp:default-anp step 22800 lr 4.386e-04 [train_loss] loss -1.0133 (2.197 secs)
anp:default-anp step 23000 lr 4.375e-04 [train_loss] loss -1.0401 (2.873 secs)
anp:default-anp step 23200 lr 4.365e-04 [train_loss] loss -0.9695 (3.249 secs)
anp:default-anp step 23400 lr 4.354e-04 [train_loss] loss -0.9843 (2.181 secs)
anp:default-anp step 23600 lr 4.344e-04 [train_loss] loss -0.9956 (2.567 secs)
anp:default-anp step 23800 lr 4.333e-04 [train_loss] loss -1.0499 (3.379 secs)
anp:default-anp step 24000 lr 4.322e-04 [train_loss] loss -1.0353 (4.292 secs)
anp:default-anp step 24200 lr 4.312e-04 [train_loss] loss -1.0242 (3.597 secs)
anp:default-anp step 24400 lr 4.301e-04 [train_loss] loss -1.0292 (3.325 secs)
anp:default-anp step 24600 lr 4.290e-04 [train_loss] loss -0.9397 (3.504 secs)
anp:default-anp step 24800 lr 4.279e-04 [train_loss] loss -1.0058 (3.810 secs)
anp:default-anp step 25000 lr 4.268e-04 [train_loss] loss -1.0332 (2.774 secs)
anp:default-anp rbf ctx_ll 1.3523 tar_ll 0.7118 (7.908 secs)

anp:default-anp step 25200 lr 4.257e-04 [train_loss] loss -0.8410 (2.882 secs)
anp:default-anp step 25400 lr 4.245e-04 [train_loss] loss -1.0088 (2.386 secs)
anp:default-anp step 25600 lr 4.234e-04 [train_loss] loss -1.0090 (2.748 secs)
anp:default-anp step 25800 lr 4.223e-04 [train_loss] loss -0.9876 (2.519 secs)
anp:default-anp step 26000 lr 4.211e-04 [train_loss] loss -0.9828 (2.357 secs)
anp:default-anp step 26200 lr 4.200e-04 [train_loss] loss -0.9943 (2.535 secs)
anp:default-anp step 26400 lr 4.188e-04 [train_loss] loss -0.9893 (2.500 secs)
anp:default-anp step 26600 lr 4.177e-04 [train_loss] loss -1.0648 (2.499 secs)
anp:default-anp step 26800 lr 4.165e-04 [train_loss] loss -1.0679 (2.735 secs)
anp:default-anp step 27000 lr 4.153e-04 [train_loss] loss -1.0511 (4.661 secs)
anp:default-anp step 27200 lr 4.141e-04 [train_loss] loss -1.0334 (3.069 secs)
anp:default-anp step 27400 lr 4.130e-04 [train_loss] loss -1.0336 (2.906 secs)
anp:default-anp step 27600 lr 4.118e-04 [train_loss] loss -1.0321 (2.641 secs)
anp:default-anp step 27800 lr 4.106e-04 [train_loss] loss -0.9941 (2.464 secs)
anp:default-anp step 28000 lr 4.094e-04 [train_loss] loss -1.0136 (3.574 secs)
anp:default-anp step 28200 lr 4.081e-04 [train_loss] loss -1.0356 (2.558 secs)
anp:default-anp step 28400 lr 4.069e-04 [train_loss] loss -1.0287 (3.270 secs)
anp:default-anp step 28600 lr 4.057e-04 [train_loss] loss -0.9961 (3.325 secs)
anp:default-anp step 28800 lr 4.045e-04 [train_loss] loss -1.0220 (3.111 secs)
anp:default-anp step 29000 lr 4.032e-04 [train_loss] loss -1.0755 (2.748 secs)
anp:default-anp step 29200 lr 4.020e-04 [train_loss] loss -1.0178 (3.013 secs)
anp:default-anp step 29400 lr 4.007e-04 [train_loss] loss -0.9711 (2.522 secs)
anp:default-anp step 29600 lr 3.995e-04 [train_loss] loss -1.0513 (3.258 secs)
anp:default-anp step 29800 lr 3.982e-04 [train_loss] loss -1.0201 (3.822 secs)
anp:default-anp step 30000 lr 3.969e-04 [train_loss] loss -1.0546 (3.256 secs)
anp:default-anp rbf ctx_ll 1.3337 tar_ll 0.7075 (7.793 secs)

anp:default-anp step 30200 lr 3.957e-04 [train_loss] loss -1.0356 (3.463 secs)
anp:default-anp step 30400 lr 3.944e-04 [train_loss] loss -1.0321 (2.843 secs)
anp:default-anp step 30600 lr 3.931e-04 [train_loss] loss -1.0557 (2.973 secs)
anp:default-anp step 30800 lr 3.918e-04 [train_loss] loss -1.0623 (3.482 secs)
anp:default-anp step 31000 lr 3.905e-04 [train_loss] loss -1.0416 (2.685 secs)
anp:default-anp step 31200 lr 3.892e-04 [train_loss] loss -1.0822 (3.056 secs)
anp:default-anp step 31400 lr 3.879e-04 [train_loss] loss -0.9717 (2.689 secs)
anp:default-anp step 31600 lr 3.866e-04 [train_loss] loss -1.0537 (3.114 secs)
anp:default-anp step 31800 lr 3.853e-04 [train_loss] loss -1.0413 (3.125 secs)
anp:default-anp step 32000 lr 3.840e-04 [train_loss] loss -1.0411 (2.501 secs)
anp:default-anp step 32200 lr 3.826e-04 [train_loss] loss -1.0011 (2.754 secs)
anp:default-anp step 32400 lr 3.813e-04 [train_loss] loss -1.0300 (2.283 secs)
anp:default-anp step 32600 lr 3.800e-04 [train_loss] loss -1.0312 (2.214 secs)
anp:default-anp step 32800 lr 3.786e-04 [train_loss] loss -1.0187 (3.801 secs)
anp:default-anp step 33000 lr 3.773e-04 [train_loss] loss -1.0670 (4.326 secs)
anp:default-anp step 33200 lr 3.759e-04 [train_loss] loss -1.0595 (3.508 secs)
anp:default-anp step 33400 lr 3.745e-04 [train_loss] loss -1.0362 (2.932 secs)
anp:default-anp step 33600 lr 3.732e-04 [train_loss] loss -1.0199 (3.121 secs)
anp:default-anp step 33800 lr 3.718e-04 [train_loss] loss -1.0725 (2.549 secs)
anp:default-anp step 34000 lr 3.704e-04 [train_loss] loss -1.0328 (2.605 secs)
anp:default-anp step 34200 lr 3.691e-04 [train_loss] loss -1.0277 (2.578 secs)
anp:default-anp step 34400 lr 3.677e-04 [train_loss] loss -1.0179 (3.005 secs)
anp:default-anp step 34600 lr 3.663e-04 [train_loss] loss -0.9787 (2.518 secs)
anp:default-anp step 34800 lr 3.649e-04 [train_loss] loss -0.9761 (2.612 secs)
anp:default-anp step 35000 lr 3.635e-04 [train_loss] loss -1.0043 (2.575 secs)
anp:default-anp rbf ctx_ll 1.3331 tar_ll 0.7190 (7.685 secs)

anp:default-anp step 35200 lr 3.621e-04 [train_loss] loss -1.0357 (2.898 secs)
anp:default-anp step 35400 lr 3.607e-04 [train_loss] loss -1.0167 (2.970 secs)
anp:default-anp step 35600 lr 3.593e-04 [train_loss] loss -1.0434 (3.972 secs)
anp:default-anp step 35800 lr 3.579e-04 [train_loss] loss -1.0528 (2.703 secs)
anp:default-anp step 36000 lr 3.564e-04 [train_loss] loss -1.0947 (3.256 secs)
anp:default-anp step 36200 lr 3.550e-04 [train_loss] loss -1.0176 (3.956 secs)
anp:default-anp step 36400 lr 3.536e-04 [train_loss] loss -1.0136 (3.495 secs)
anp:default-anp step 36600 lr 3.522e-04 [train_loss] loss -1.0124 (3.692 secs)
anp:default-anp step 36800 lr 3.507e-04 [train_loss] loss -0.9930 (2.782 secs)
anp:default-anp step 37000 lr 3.493e-04 [train_loss] loss -1.0978 (3.366 secs)
anp:default-anp step 37200 lr 3.478e-04 [train_loss] loss -0.9874 (3.324 secs)
anp:default-anp step 37400 lr 3.464e-04 [train_loss] loss -1.0657 (2.780 secs)
anp:default-anp step 37600 lr 3.449e-04 [train_loss] loss -1.0309 (2.460 secs)
anp:default-anp step 37800 lr 3.435e-04 [train_loss] loss -1.0384 (2.632 secs)
anp:default-anp step 38000 lr 3.420e-04 [train_loss] loss -1.0318 (2.984 secs)
anp:default-anp step 38200 lr 3.406e-04 [train_loss] loss -1.0916 (3.038 secs)
anp:default-anp step 38400 lr 3.391e-04 [train_loss] loss -1.1054 (2.587 secs)
anp:default-anp step 38600 lr 3.376e-04 [train_loss] loss -1.0091 (2.733 secs)
anp:default-anp step 38800 lr 3.362e-04 [train_loss] loss -1.0249 (2.733 secs)
anp:default-anp step 39000 lr 3.347e-04 [train_loss] loss -1.0632 (2.401 secs)
anp:default-anp step 39200 lr 3.332e-04 [train_loss] loss -1.0466 (2.335 secs)
anp:default-anp step 39400 lr 3.317e-04 [train_loss] loss -1.0673 (2.402 secs)
anp:default-anp step 39600 lr 3.302e-04 [train_loss] loss -1.0688 (2.602 secs)
anp:default-anp step 39800 lr 3.287e-04 [train_loss] loss -1.0768 (2.440 secs)
anp:default-anp step 40000 lr 3.273e-04 [train_loss] loss -1.0379 (2.537 secs)
anp:default-anp rbf ctx_ll 1.3641 tar_ll 0.7648 (7.697 secs)

anp:default-anp step 40200 lr 3.258e-04 [train_loss] loss -1.0863 (3.600 secs)
anp:default-anp step 40400 lr 3.243e-04 [train_loss] loss -1.0409 (2.737 secs)
anp:default-anp step 40600 lr 3.228e-04 [train_loss] loss -1.0448 (3.263 secs)
anp:default-anp step 40800 lr 3.213e-04 [train_loss] loss -1.0630 (3.891 secs)
anp:default-anp step 41000 lr 3.197e-04 [train_loss] loss -1.0666 (3.635 secs)
anp:default-anp step 41200 lr 3.182e-04 [train_loss] loss -0.9975 (3.400 secs)
anp:default-anp step 41400 lr 3.167e-04 [train_loss] loss -1.0318 (2.992 secs)
anp:default-anp step 41600 lr 3.152e-04 [train_loss] loss -1.0505 (2.913 secs)
anp:default-anp step 41800 lr 3.137e-04 [train_loss] loss -1.1078 (2.896 secs)
anp:default-anp step 42000 lr 3.122e-04 [train_loss] loss -1.0569 (3.019 secs)
anp:default-anp step 42200 lr 3.106e-04 [train_loss] loss -1.0672 (2.484 secs)
anp:default-anp step 42400 lr 3.091e-04 [train_loss] loss -1.0624 (2.901 secs)
anp:default-anp step 42600 lr 3.076e-04 [train_loss] loss -1.0369 (2.362 secs)
anp:default-anp step 42800 lr 3.061e-04 [train_loss] loss -1.0780 (2.716 secs)
anp:default-anp step 43000 lr 3.045e-04 [train_loss] loss -1.0454 (2.384 secs)
anp:default-anp step 43200 lr 3.030e-04 [train_loss] loss -1.0786 (2.591 secs)
anp:default-anp step 43400 lr 3.015e-04 [train_loss] loss -1.0283 (2.151 secs)
anp:default-anp step 43600 lr 2.999e-04 [train_loss] loss -1.0529 (2.516 secs)
anp:default-anp step 43800 lr 2.984e-04 [train_loss] loss -1.0352 (2.513 secs)
anp:default-anp step 44000 lr 2.968e-04 [train_loss] loss -1.0661 (2.424 secs)
anp:default-anp step 44200 lr 2.953e-04 [train_loss] loss -1.0474 (2.559 secs)
anp:default-anp step 44400 lr 2.938e-04 [train_loss] loss -1.0066 (2.545 secs)
anp:default-anp step 44600 lr 2.922e-04 [train_loss] loss -1.0724 (2.369 secs)
anp:default-anp step 44800 lr 2.907e-04 [train_loss] loss -1.0779 (2.155 secs)
anp:default-anp step 45000 lr 2.891e-04 [train_loss] loss -1.0307 (2.319 secs)
anp:default-anp rbf ctx_ll 1.3632 tar_ll 0.7559 (7.551 secs)

anp:default-anp step 45200 lr 2.876e-04 [train_loss] loss -1.0821 (2.566 secs)
anp:default-anp step 45400 lr 2.860e-04 [train_loss] loss -1.0866 (3.682 secs)
anp:default-anp step 45600 lr 2.844e-04 [train_loss] loss -1.0662 (2.572 secs)
anp:default-anp step 45800 lr 2.829e-04 [train_loss] loss -1.0758 (4.281 secs)
anp:default-anp step 46000 lr 2.813e-04 [train_loss] loss -1.0814 (3.404 secs)
anp:default-anp step 46200 lr 2.798e-04 [train_loss] loss -1.0053 (3.358 secs)
anp:default-anp step 46400 lr 2.782e-04 [train_loss] loss -1.0048 (3.368 secs)
anp:default-anp step 46600 lr 2.767e-04 [train_loss] loss -1.0450 (3.345 secs)
anp:default-anp step 46800 lr 2.751e-04 [train_loss] loss -1.0677 (2.981 secs)
anp:default-anp step 47000 lr 2.735e-04 [train_loss] loss -1.0478 (3.275 secs)
anp:default-anp step 47200 lr 2.720e-04 [train_loss] loss -1.0410 (3.603 secs)
anp:default-anp step 47400 lr 2.704e-04 [train_loss] loss -1.0032 (3.299 secs)
anp:default-anp step 47600 lr 2.688e-04 [train_loss] loss -1.0274 (3.435 secs)
anp:default-anp step 47800 lr 2.673e-04 [train_loss] loss -1.0471 (3.783 secs)
anp:default-anp step 48000 lr 2.657e-04 [train_loss] loss -1.0769 (3.138 secs)
anp:default-anp step 48200 lr 2.641e-04 [train_loss] loss -1.0312 (4.135 secs)
anp:default-anp step 48400 lr 2.626e-04 [train_loss] loss -1.0720 (3.622 secs)
anp:default-anp step 48600 lr 2.610e-04 [train_loss] loss -1.0269 (3.160 secs)
anp:default-anp step 48800 lr 2.594e-04 [train_loss] loss -1.0598 (3.092 secs)
anp:default-anp step 49000 lr 2.579e-04 [train_loss] loss -1.0707 (3.622 secs)
anp:default-anp step 49200 lr 2.563e-04 [train_loss] loss -1.0609 (2.815 secs)
anp:default-anp step 49400 lr 2.547e-04 [train_loss] loss -1.1089 (3.278 secs)
anp:default-anp step 49600 lr 2.531e-04 [train_loss] loss -1.0391 (3.218 secs)
anp:default-anp step 49800 lr 2.516e-04 [train_loss] loss -1.0591 (3.227 secs)
anp:default-anp step 50000 lr 2.500e-04 [train_loss] loss -1.0547 (3.012 secs)
anp:default-anp rbf ctx_ll 1.3629 tar_ll 0.7674 (8.446 secs)

anp:default-anp step 50200 lr 2.484e-04 [train_loss] loss -1.0872 (2.979 secs)
anp:default-anp step 50400 lr 2.469e-04 [train_loss] loss -1.0539 (3.169 secs)
anp:default-anp step 50600 lr 2.453e-04 [train_loss] loss -1.0832 (2.776 secs)
anp:default-anp step 50800 lr 2.437e-04 [train_loss] loss -1.0486 (3.030 secs)
anp:default-anp step 51000 lr 2.421e-04 [train_loss] loss -1.1016 (3.153 secs)
anp:default-anp step 51200 lr 2.406e-04 [train_loss] loss -1.0308 (3.298 secs)
anp:default-anp step 51400 lr 2.390e-04 [train_loss] loss -1.0596 (2.885 secs)
anp:default-anp step 51600 lr 2.374e-04 [train_loss] loss -1.0719 (2.662 secs)
anp:default-anp step 51800 lr 2.359e-04 [train_loss] loss -1.0988 (2.845 secs)
anp:default-anp step 52000 lr 2.343e-04 [train_loss] loss -1.0193 (2.694 secs)
anp:default-anp step 52200 lr 2.327e-04 [train_loss] loss -1.0939 (3.119 secs)
anp:default-anp step 52400 lr 2.312e-04 [train_loss] loss -1.0582 (2.593 secs)
anp:default-anp step 52600 lr 2.296e-04 [train_loss] loss -1.0476 (2.745 secs)
anp:default-anp step 52800 lr 2.280e-04 [train_loss] loss -1.0401 (3.058 secs)
anp:default-anp step 53000 lr 2.265e-04 [train_loss] loss -1.0201 (2.935 secs)
anp:default-anp step 53200 lr 2.249e-04 [train_loss] loss -1.0628 (2.915 secs)
anp:default-anp step 53400 lr 2.233e-04 [train_loss] loss -1.0303 (2.643 secs)
anp:default-anp step 53600 lr 2.218e-04 [train_loss] loss -1.1034 (3.124 secs)
anp:default-anp step 53800 lr 2.202e-04 [train_loss] loss -1.0913 (3.052 secs)
anp:default-anp step 54000 lr 2.187e-04 [train_loss] loss -1.0189 (3.036 secs)
anp:default-anp step 54200 lr 2.171e-04 [train_loss] loss -1.1064 (3.213 secs)
anp:default-anp step 54400 lr 2.156e-04 [train_loss] loss -1.0734 (3.197 secs)
anp:default-anp step 54600 lr 2.140e-04 [train_loss] loss -1.0393 (3.707 secs)
anp:default-anp step 54800 lr 2.124e-04 [train_loss] loss -1.0705 (3.406 secs)
anp:default-anp step 55000 lr 2.109e-04 [train_loss] loss -1.0734 (3.341 secs)
anp:default-anp rbf ctx_ll 1.3667 tar_ll 0.7744 (8.200 secs)

anp:default-anp step 55200 lr 2.093e-04 [train_loss] loss -1.0618 (3.834 secs)
anp:default-anp step 55400 lr 2.078e-04 [train_loss] loss -1.0968 (3.576 secs)
anp:default-anp step 55600 lr 2.062e-04 [train_loss] loss -1.0532 (3.933 secs)
anp:default-anp step 55800 lr 2.047e-04 [train_loss] loss -1.0993 (3.831 secs)
anp:default-anp step 56000 lr 2.032e-04 [train_loss] loss -1.0476 (2.962 secs)
anp:default-anp step 56200 lr 2.016e-04 [train_loss] loss -1.0679 (2.961 secs)
anp:default-anp step 56400 lr 2.001e-04 [train_loss] loss -1.0667 (2.330 secs)
anp:default-anp step 56600 lr 1.985e-04 [train_loss] loss -1.1006 (2.349 secs)
anp:default-anp step 56800 lr 1.970e-04 [train_loss] loss -1.0722 (2.436 secs)
anp:default-anp step 57000 lr 1.955e-04 [train_loss] loss -1.0975 (2.608 secs)
anp:default-anp step 57200 lr 1.939e-04 [train_loss] loss -1.0971 (2.757 secs)
anp:default-anp step 57400 lr 1.924e-04 [train_loss] loss -1.0566 (2.594 secs)
anp:default-anp step 57600 lr 1.909e-04 [train_loss] loss -1.0535 (3.304 secs)
anp:default-anp step 57800 lr 1.894e-04 [train_loss] loss -1.0299 (2.903 secs)
anp:default-anp step 58000 lr 1.878e-04 [train_loss] loss -1.0912 (2.607 secs)
anp:default-anp step 58200 lr 1.863e-04 [train_loss] loss -1.0619 (2.996 secs)
anp:default-anp step 58400 lr 1.848e-04 [train_loss] loss -1.0681 (4.095 secs)
anp:default-anp step 58600 lr 1.833e-04 [train_loss] loss -1.0765 (3.824 secs)
anp:default-anp step 58800 lr 1.818e-04 [train_loss] loss -1.0747 (3.966 secs)
anp:default-anp step 59000 lr 1.803e-04 [train_loss] loss -1.0282 (4.332 secs)
anp:default-anp step 59200 lr 1.787e-04 [train_loss] loss -1.0271 (4.680 secs)
anp:default-anp step 59400 lr 1.772e-04 [train_loss] loss -1.0460 (4.117 secs)
anp:default-anp step 59600 lr 1.757e-04 [train_loss] loss -1.0813 (4.355 secs)
anp:default-anp step 59800 lr 1.742e-04 [train_loss] loss -1.0637 (3.225 secs)
anp:default-anp step 60000 lr 1.727e-04 [train_loss] loss -1.1013 (3.124 secs)
anp:default-anp rbf ctx_ll 1.3660 tar_ll 0.7809 (8.016 secs)

anp:default-anp step 60200 lr 1.713e-04 [train_loss] loss -1.0816 (3.278 secs)
anp:default-anp step 60400 lr 1.698e-04 [train_loss] loss -1.0605 (3.445 secs)
anp:default-anp step 60600 lr 1.683e-04 [train_loss] loss -1.0653 (3.481 secs)
anp:default-anp step 60800 lr 1.668e-04 [train_loss] loss -1.0837 (3.742 secs)
anp:default-anp step 61000 lr 1.653e-04 [train_loss] loss -1.0500 (3.681 secs)
anp:default-anp step 61200 lr 1.638e-04 [train_loss] loss -1.0773 (3.636 secs)
anp:default-anp step 61400 lr 1.624e-04 [train_loss] loss -1.0796 (3.277 secs)
anp:default-anp step 61600 lr 1.609e-04 [train_loss] loss -1.0875 (2.651 secs)
anp:default-anp step 61800 lr 1.594e-04 [train_loss] loss -1.0639 (3.156 secs)
anp:default-anp step 62000 lr 1.580e-04 [train_loss] loss -1.0710 (3.605 secs)
anp:default-anp step 62200 lr 1.565e-04 [train_loss] loss -1.0599 (3.300 secs)
anp:default-anp step 62400 lr 1.551e-04 [train_loss] loss -1.0899 (3.073 secs)
anp:default-anp step 62600 lr 1.536e-04 [train_loss] loss -1.0881 (3.959 secs)
anp:default-anp step 62800 lr 1.522e-04 [train_loss] loss -1.0637 (3.210 secs)
anp:default-anp step 63000 lr 1.507e-04 [train_loss] loss -1.1182 (3.400 secs)
anp:default-anp step 63200 lr 1.493e-04 [train_loss] loss -1.0801 (3.391 secs)
anp:default-anp step 63400 lr 1.478e-04 [train_loss] loss -1.0570 (3.080 secs)
anp:default-anp step 63600 lr 1.464e-04 [train_loss] loss -1.0606 (2.848 secs)
anp:default-anp step 63800 lr 1.450e-04 [train_loss] loss -1.0996 (2.589 secs)
anp:default-anp step 64000 lr 1.436e-04 [train_loss] loss -1.0648 (3.246 secs)
anp:default-anp step 64200 lr 1.421e-04 [train_loss] loss -1.0602 (3.089 secs)
anp:default-anp step 64400 lr 1.407e-04 [train_loss] loss -1.0390 (3.027 secs)
anp:default-anp step 64600 lr 1.393e-04 [train_loss] loss -1.1096 (2.876 secs)
anp:default-anp step 64800 lr 1.379e-04 [train_loss] loss -1.1072 (2.534 secs)
anp:default-anp step 65000 lr 1.365e-04 [train_loss] loss -1.0703 (2.786 secs)
anp:default-anp rbf ctx_ll 1.3627 tar_ll 0.7834 (7.905 secs)

anp:default-anp step 65200 lr 1.351e-04 [train_loss] loss -1.0928 (3.008 secs)
anp:default-anp step 65400 lr 1.337e-04 [train_loss] loss -1.0914 (3.009 secs)
anp:default-anp step 65600 lr 1.323e-04 [train_loss] loss -1.0859 (2.658 secs)
anp:default-anp step 65800 lr 1.309e-04 [train_loss] loss -1.0772 (2.453 secs)
anp:default-anp step 66000 lr 1.296e-04 [train_loss] loss -1.0924 (2.398 secs)
anp:default-anp step 66200 lr 1.282e-04 [train_loss] loss -1.0831 (2.426 secs)
anp:default-anp step 66400 lr 1.268e-04 [train_loss] loss -1.0986 (2.521 secs)
anp:default-anp step 66600 lr 1.255e-04 [train_loss] loss -1.0547 (2.603 secs)
anp:default-anp step 66800 lr 1.241e-04 [train_loss] loss -1.0625 (2.352 secs)
anp:default-anp step 67000 lr 1.227e-04 [train_loss] loss -1.0720 (2.454 secs)
anp:default-anp step 67200 lr 1.214e-04 [train_loss] loss -1.0445 (2.153 secs)
anp:default-anp step 67400 lr 1.200e-04 [train_loss] loss -1.0483 (2.255 secs)
anp:default-anp step 67600 lr 1.187e-04 [train_loss] loss -1.0699 (2.306 secs)
anp:default-anp step 67800 lr 1.174e-04 [train_loss] loss -1.0364 (2.418 secs)
anp:default-anp step 68000 lr 1.160e-04 [train_loss] loss -1.0470 (2.865 secs)
anp:default-anp step 68200 lr 1.147e-04 [train_loss] loss -1.0900 (3.127 secs)
anp:default-anp step 68400 lr 1.134e-04 [train_loss] loss -1.0498 (2.337 secs)
anp:default-anp step 68600 lr 1.121e-04 [train_loss] loss -1.0761 (2.393 secs)
anp:default-anp step 68800 lr 1.108e-04 [train_loss] loss -1.0830 (2.778 secs)
anp:default-anp step 69000 lr 1.095e-04 [train_loss] loss -1.0799 (3.149 secs)
anp:default-anp step 69200 lr 1.082e-04 [train_loss] loss -1.0676 (2.814 secs)
anp:default-anp step 69400 lr 1.069e-04 [train_loss] loss -1.0969 (2.777 secs)
anp:default-anp step 69600 lr 1.056e-04 [train_loss] loss -1.0740 (2.584 secs)
anp:default-anp step 69800 lr 1.043e-04 [train_loss] loss -1.0943 (3.554 secs)
anp:default-anp step 70000 lr 1.031e-04 [train_loss] loss -1.0957 (2.707 secs)
anp:default-anp rbf ctx_ll 1.3727 tar_ll 0.7974 (7.224 secs)

anp:default-anp step 70200 lr 1.018e-04 [train_loss] loss -1.1037 (3.107 secs)
anp:default-anp step 70400 lr 1.005e-04 [train_loss] loss -1.0977 (2.770 secs)
anp:default-anp step 70600 lr 9.927e-05 [train_loss] loss -1.1322 (2.636 secs)
anp:default-anp step 70800 lr 9.802e-05 [train_loss] loss -1.0841 (2.422 secs)
anp:default-anp step 71000 lr 9.677e-05 [train_loss] loss -1.0805 (2.176 secs)
anp:default-anp step 71200 lr 9.554e-05 [train_loss] loss -1.1040 (2.458 secs)
anp:default-anp step 71400 lr 9.430e-05 [train_loss] loss -1.0909 (3.089 secs)
anp:default-anp step 71600 lr 9.308e-05 [train_loss] loss -1.0682 (2.937 secs)
anp:default-anp step 71800 lr 9.186e-05 [train_loss] loss -1.1152 (2.796 secs)
anp:default-anp step 72000 lr 9.064e-05 [train_loss] loss -1.0399 (2.511 secs)
anp:default-anp step 72200 lr 8.944e-05 [train_loss] loss -1.1148 (2.500 secs)
anp:default-anp step 72400 lr 8.824e-05 [train_loss] loss -1.0879 (2.424 secs)
anp:default-anp step 72600 lr 8.704e-05 [train_loss] loss -1.0572 (2.320 secs)
anp:default-anp step 72800 lr 8.585e-05 [train_loss] loss -1.0946 (2.173 secs)
anp:default-anp step 73000 lr 8.467e-05 [train_loss] loss -1.0943 (2.335 secs)
anp:default-anp step 73200 lr 8.350e-05 [train_loss] loss -1.0913 (2.375 secs)
anp:default-anp step 73400 lr 8.233e-05 [train_loss] loss -1.1051 (2.075 secs)
anp:default-anp step 73600 lr 8.117e-05 [train_loss] loss -1.0524 (2.028 secs)
anp:default-anp step 73800 lr 8.001e-05 [train_loss] loss -1.0675 (2.090 secs)
anp:default-anp step 74000 lr 7.886e-05 [train_loss] loss -1.0604 (2.172 secs)
anp:default-anp step 74200 lr 7.772e-05 [train_loss] loss -1.0890 (3.188 secs)
anp:default-anp step 74400 lr 7.659e-05 [train_loss] loss -1.0657 (3.371 secs)
anp:default-anp step 74600 lr 7.546e-05 [train_loss] loss -1.0647 (3.043 secs)
anp:default-anp step 74800 lr 7.434e-05 [train_loss] loss -1.0183 (3.788 secs)
anp:default-anp step 75000 lr 7.322e-05 [train_loss] loss -1.0516 (3.696 secs)
anp:default-anp rbf ctx_ll 1.3739 tar_ll 0.7998 (7.698 secs)

anp:default-anp step 75200 lr 7.212e-05 [train_loss] loss -1.1200 (3.009 secs)
anp:default-anp step 75400 lr 7.102e-05 [train_loss] loss -1.0723 (2.824 secs)
anp:default-anp step 75600 lr 6.992e-05 [train_loss] loss -1.0641 (3.187 secs)
anp:default-anp step 75800 lr 6.884e-05 [train_loss] loss -1.0638 (2.851 secs)
anp:default-anp step 76000 lr 6.776e-05 [train_loss] loss -1.0136 (2.248 secs)
anp:default-anp step 76200 lr 6.669e-05 [train_loss] loss -1.1107 (2.212 secs)
anp:default-anp step 76400 lr 6.562e-05 [train_loss] loss -1.0582 (2.342 secs)
anp:default-anp step 76600 lr 6.456e-05 [train_loss] loss -1.1002 (2.952 secs)
anp:default-anp step 76800 lr 6.351e-05 [train_loss] loss -1.0998 (2.187 secs)
anp:default-anp step 77000 lr 6.247e-05 [train_loss] loss -1.0554 (2.162 secs)
anp:default-anp step 77200 lr 6.144e-05 [train_loss] loss -1.0386 (2.166 secs)
anp:default-anp step 77400 lr 6.041e-05 [train_loss] loss -1.0654 (1.957 secs)
anp:default-anp step 77600 lr 5.939e-05 [train_loss] loss -1.0805 (2.127 secs)
anp:default-anp step 77800 lr 5.838e-05 [train_loss] loss -1.0875 (2.120 secs)
anp:default-anp step 78000 lr 5.737e-05 [train_loss] loss -1.0753 (2.083 secs)
anp:default-anp step 78200 lr 5.637e-05 [train_loss] loss -1.0928 (2.106 secs)
anp:default-anp step 78400 lr 5.538e-05 [train_loss] loss -1.1415 (2.355 secs)
anp:default-anp step 78600 lr 5.440e-05 [train_loss] loss -1.0949 (2.401 secs)
anp:default-anp step 78800 lr 5.343e-05 [train_loss] loss -1.0678 (2.023 secs)
anp:default-anp step 79000 lr 5.246e-05 [train_loss] loss -1.0974 (2.036 secs)
anp:default-anp step 79200 lr 5.150e-05 [train_loss] loss -1.1087 (2.134 secs)
anp:default-anp step 79400 lr 5.055e-05 [train_loss] loss -1.0813 (2.153 secs)
anp:default-anp step 79600 lr 4.961e-05 [train_loss] loss -1.1071 (2.288 secs)
anp:default-anp step 79800 lr 4.867e-05 [train_loss] loss -1.0924 (2.181 secs)
anp:default-anp step 80000 lr 4.775e-05 [train_loss] loss -1.0613 (3.469 secs)
anp:default-anp rbf ctx_ll 1.3734 tar_ll 0.8002 (7.607 secs)

anp:default-anp step 80200 lr 4.683e-05 [train_loss] loss -1.1355 (3.767 secs)
anp:default-anp step 80400 lr 4.592e-05 [train_loss] loss -1.0681 (3.747 secs)
anp:default-anp step 80600 lr 4.501e-05 [train_loss] loss -1.1067 (3.758 secs)
anp:default-anp step 80800 lr 4.412e-05 [train_loss] loss -1.0935 (2.730 secs)
anp:default-anp step 81000 lr 4.323e-05 [train_loss] loss -1.1207 (2.753 secs)
anp:default-anp step 81200 lr 4.235e-05 [train_loss] loss -1.1280 (2.174 secs)
anp:default-anp step 81400 lr 4.148e-05 [train_loss] loss -1.0142 (2.333 secs)
anp:default-anp step 81600 lr 4.062e-05 [train_loss] loss -1.0735 (2.104 secs)
anp:default-anp step 81800 lr 3.976e-05 [train_loss] loss -1.1142 (2.112 secs)
anp:default-anp step 82000 lr 3.892e-05 [train_loss] loss -1.1033 (2.179 secs)
anp:default-anp step 82200 lr 3.808e-05 [train_loss] loss -1.0843 (2.878 secs)
anp:default-anp step 82400 lr 3.725e-05 [train_loss] loss -1.0750 (2.550 secs)
anp:default-anp step 82600 lr 3.643e-05 [train_loss] loss -1.0918 (2.520 secs)
anp:default-anp step 82800 lr 3.562e-05 [train_loss] loss -1.0349 (2.729 secs)
anp:default-anp step 83000 lr 3.481e-05 [train_loss] loss -1.1341 (2.400 secs)
anp:default-anp step 83200 lr 3.402e-05 [train_loss] loss -1.0746 (3.169 secs)
anp:default-anp step 83400 lr 3.323e-05 [train_loss] loss -1.0987 (3.095 secs)
anp:default-anp step 83600 lr 3.245e-05 [train_loss] loss -1.0866 (2.623 secs)
anp:default-anp step 83800 lr 3.168e-05 [train_loss] loss -1.1096 (2.494 secs)
anp:default-anp step 84000 lr 3.092e-05 [train_loss] loss -1.0788 (2.488 secs)
anp:default-anp step 84200 lr 3.017e-05 [train_loss] loss -1.0796 (3.137 secs)
anp:default-anp step 84400 lr 2.943e-05 [train_loss] loss -1.0285 (3.156 secs)
anp:default-anp step 84600 lr 2.869e-05 [train_loss] loss -1.0265 (3.268 secs)
anp:default-anp step 84800 lr 2.797e-05 [train_loss] loss -1.0478 (4.902 secs)
anp:default-anp step 85000 lr 2.725e-05 [train_loss] loss -1.0740 (3.987 secs)
anp:default-anp rbf ctx_ll 1.3755 tar_ll 0.8067 (7.927 secs)

anp:default-anp step 85200 lr 2.654e-05 [train_loss] loss -1.0874 (2.889 secs)
anp:default-anp step 85400 lr 2.584e-05 [train_loss] loss -1.1090 (3.325 secs)
anp:default-anp step 85600 lr 2.515e-05 [train_loss] loss -1.0631 (2.969 secs)
anp:default-anp step 85800 lr 2.447e-05 [train_loss] loss -1.1485 (2.973 secs)
anp:default-anp step 86000 lr 2.379e-05 [train_loss] loss -1.1094 (3.104 secs)
anp:default-anp step 86200 lr 2.313e-05 [train_loss] loss -0.9913 (3.053 secs)
anp:default-anp step 86400 lr 2.247e-05 [train_loss] loss -1.0715 (2.637 secs)
anp:default-anp step 86600 lr 2.183e-05 [train_loss] loss -1.0764 (2.612 secs)
anp:default-anp step 86800 lr 2.119e-05 [train_loss] loss -1.0847 (3.096 secs)
anp:default-anp step 87000 lr 2.056e-05 [train_loss] loss -1.0730 (2.351 secs)
anp:default-anp step 87200 lr 1.994e-05 [train_loss] loss -1.0820 (2.484 secs)
anp:default-anp step 87400 lr 1.933e-05 [train_loss] loss -1.0903 (3.422 secs)
anp:default-anp step 87600 lr 1.873e-05 [train_loss] loss -1.0542 (4.078 secs)
anp:default-anp step 87800 lr 1.814e-05 [train_loss] loss -1.1056 (2.735 secs)
anp:default-anp step 88000 lr 1.756e-05 [train_loss] loss -1.0439 (2.127 secs)
anp:default-anp step 88200 lr 1.698e-05 [train_loss] loss -1.1320 (2.869 secs)
anp:default-anp step 88400 lr 1.642e-05 [train_loss] loss -1.1008 (3.248 secs)
anp:default-anp step 88600 lr 1.586e-05 [train_loss] loss -1.1039 (3.852 secs)
anp:default-anp step 88800 lr 1.532e-05 [train_loss] loss -1.1455 (3.042 secs)
anp:default-anp step 89000 lr 1.478e-05 [train_loss] loss -1.0251 (2.622 secs)
anp:default-anp step 89200 lr 1.425e-05 [train_loss] loss -1.0574 (2.949 secs)
anp:default-anp step 89400 lr 1.373e-05 [train_loss] loss -1.0889 (2.677 secs)
anp:default-anp step 89600 lr 1.323e-05 [train_loss] loss -1.0882 (2.657 secs)
anp:default-anp step 89800 lr 1.273e-05 [train_loss] loss -1.0806 (3.909 secs)
anp:default-anp step 90000 lr 1.224e-05 [train_loss] loss -1.0921 (3.141 secs)
anp:default-anp rbf ctx_ll 1.3758 tar_ll 0.8077 (8.381 secs)

anp:default-anp step 90200 lr 1.176e-05 [train_loss] loss -1.1355 (2.666 secs)
anp:default-anp step 90400 lr 1.128e-05 [train_loss] loss -1.0648 (2.646 secs)
anp:default-anp step 90600 lr 1.082e-05 [train_loss] loss -1.0695 (3.133 secs)
anp:default-anp step 90800 lr 1.037e-05 [train_loss] loss -1.0883 (2.927 secs)
anp:default-anp step 91000 lr 9.927e-06 [train_loss] loss -1.0748 (3.226 secs)
anp:default-anp step 91200 lr 9.493e-06 [train_loss] loss -1.0716 (2.723 secs)
anp:default-anp step 91400 lr 9.069e-06 [train_loss] loss -1.0707 (3.081 secs)
anp:default-anp step 91600 lr 8.655e-06 [train_loss] loss -1.0931 (3.225 secs)
anp:default-anp step 91800 lr 8.250e-06 [train_loss] loss -1.1002 (2.468 secs)
anp:default-anp step 92000 lr 7.854e-06 [train_loss] loss -1.1129 (3.054 secs)
anp:default-anp step 92200 lr 7.468e-06 [train_loss] loss -1.0866 (3.337 secs)
anp:default-anp step 92400 lr 7.092e-06 [train_loss] loss -1.0983 (2.427 secs)
anp:default-anp step 92600 lr 6.725e-06 [train_loss] loss -1.0322 (2.812 secs)
anp:default-anp step 92800 lr 6.368e-06 [train_loss] loss -1.0892 (3.639 secs)
anp:default-anp step 93000 lr 6.021e-06 [train_loss] loss -1.0923 (3.865 secs)
anp:default-anp step 93200 lr 5.683e-06 [train_loss] loss -1.0928 (3.181 secs)
anp:default-anp step 93400 lr 5.355e-06 [train_loss] loss -1.1018 (3.291 secs)
anp:default-anp step 93600 lr 5.036e-06 [train_loss] loss -1.0896 (2.886 secs)
anp:default-anp step 93800 lr 4.727e-06 [train_loss] loss -1.1238 (2.998 secs)
anp:default-anp step 94000 lr 4.428e-06 [train_loss] loss -1.0519 (2.772 secs)
anp:default-anp step 94200 lr 4.139e-06 [train_loss] loss -1.0791 (3.052 secs)
anp:default-anp step 94400 lr 3.859e-06 [train_loss] loss -1.0888 (2.536 secs)
anp:default-anp step 94600 lr 3.589e-06 [train_loss] loss -1.0712 (2.816 secs)
anp:default-anp step 94800 lr 3.329e-06 [train_loss] loss -1.1144 (2.643 secs)
anp:default-anp step 95000 lr 3.078e-06 [train_loss] loss -1.0968 (2.457 secs)
anp:default-anp rbf ctx_ll 1.3761 tar_ll 0.8093 (7.731 secs)

anp:default-anp step 95200 lr 2.837e-06 [train_loss] loss -1.1184 (3.601 secs)
anp:default-anp step 95400 lr 2.606e-06 [train_loss] loss -1.0391 (3.116 secs)
anp:default-anp step 95600 lr 2.385e-06 [train_loss] loss -1.1110 (3.043 secs)
anp:default-anp step 95800 lr 2.173e-06 [train_loss] loss -1.1112 (3.089 secs)
anp:default-anp step 96000 lr 1.971e-06 [train_loss] loss -1.1201 (3.440 secs)
anp:default-anp step 96200 lr 1.779e-06 [train_loss] loss -1.1121 (3.357 secs)
anp:default-anp step 96400 lr 1.597e-06 [train_loss] loss -1.1057 (2.643 secs)
anp:default-anp step 96600 lr 1.425e-06 [train_loss] loss -1.0876 (3.109 secs)
anp:default-anp step 96800 lr 1.262e-06 [train_loss] loss -1.0832 (2.884 secs)
anp:default-anp step 97000 lr 1.110e-06 [train_loss] loss -1.0228 (3.188 secs)
anp:default-anp step 97200 lr 9.666e-07 [train_loss] loss -1.1191 (3.536 secs)
anp:default-anp step 97400 lr 8.335e-07 [train_loss] loss -1.0706 (3.513 secs)
anp:default-anp step 97600 lr 7.103e-07 [train_loss] loss -1.1191 (2.927 secs)
anp:default-anp step 97800 lr 5.969e-07 [train_loss] loss -1.0576 (2.481 secs)
anp:default-anp step 98000 lr 4.933e-07 [train_loss] loss -1.0795 (2.362 secs)
anp:default-anp step 98200 lr 3.996e-07 [train_loss] loss -1.1110 (3.616 secs)
anp:default-anp step 98400 lr 3.158e-07 [train_loss] loss -1.0911 (2.660 secs)
anp:default-anp step 98600 lr 2.418e-07 [train_loss] loss -1.0899 (2.726 secs)
anp:default-anp step 98800 lr 1.776e-07 [train_loss] loss -1.1452 (3.552 secs)
anp:default-anp step 99000 lr 1.234e-07 [train_loss] loss -1.0857 (2.948 secs)
anp:default-anp step 99200 lr 7.895e-08 [train_loss] loss -1.1053 (2.832 secs)
anp:default-anp step 99400 lr 4.441e-08 [train_loss] loss -1.0512 (4.019 secs)
anp:default-anp step 99600 lr 1.974e-08 [train_loss] loss -1.0944 (2.934 secs)
anp:default-anp step 99800 lr 4.935e-09 [train_loss] loss -1.0863 (3.303 secs)
anp:default-anp step 100000 lr 0.000e+00 [train_loss] loss -1.0649 (3.284 secs)
anp:default-anp rbf ctx_ll 1.3763 tar_ll 0.8092 (8.324 secs)

