Experiment: np-np-batch64
Total number of parameters: 232194

np:np-batch64 step 200 lr 5.000e-04 [train_loss] loss 0.6201 (2.297 secs)
np:np-batch64 step 400 lr 5.000e-04 [train_loss] loss 0.5299 (1.765 secs)
np:np-batch64 step 600 lr 5.000e-04 [train_loss] loss 0.4919 (1.721 secs)
np:np-batch64 step 800 lr 4.999e-04 [train_loss] loss 0.4433 (2.013 secs)
np:np-batch64 step 1000 lr 4.999e-04 [train_loss] loss 0.4298 (1.663 secs)
np:np-batch64 step 1200 lr 4.998e-04 [train_loss] loss 0.4076 (1.578 secs)
np:np-batch64 step 1400 lr 4.998e-04 [train_loss] loss 0.3838 (1.590 secs)
np:np-batch64 step 1600 lr 4.997e-04 [train_loss] loss 0.3627 (1.670 secs)
np:np-batch64 step 1800 lr 4.996e-04 [train_loss] loss 0.3298 (2.083 secs)
np:np-batch64 step 2000 lr 4.995e-04 [train_loss] loss 0.2955 (1.970 secs)
np:np-batch64 step 2200 lr 4.994e-04 [train_loss] loss 0.2558 (2.274 secs)
np:np-batch64 step 2400 lr 4.993e-04 [train_loss] loss 0.2460 (2.092 secs)
np:np-batch64 step 2600 lr 4.992e-04 [train_loss] loss 0.2322 (2.024 secs)
np:np-batch64 step 2800 lr 4.990e-04 [train_loss] loss 0.2227 (1.840 secs)
np:np-batch64 step 3000 lr 4.989e-04 [train_loss] loss 0.1904 (2.171 secs)
np:np-batch64 step 3200 lr 4.987e-04 [train_loss] loss 0.2030 (2.335 secs)
np:np-batch64 step 3400 lr 4.986e-04 [train_loss] loss 0.1776 (1.935 secs)
np:np-batch64 step 3600 lr 4.984e-04 [train_loss] loss 0.1457 (1.611 secs)
np:np-batch64 step 3800 lr 4.982e-04 [train_loss] loss 0.1472 (1.708 secs)
np:np-batch64 step 4000 lr 4.980e-04 [train_loss] loss 0.1414 (1.858 secs)
np:np-batch64 step 4200 lr 4.978e-04 [train_loss] loss 0.1054 (1.683 secs)
np:np-batch64 step 4400 lr 4.976e-04 [train_loss] loss 0.1061 (1.821 secs)
np:np-batch64 step 4600 lr 4.974e-04 [train_loss] loss 0.0824 (1.696 secs)
np:np-batch64 step 4800 lr 4.972e-04 [train_loss] loss 0.0654 (2.553 secs)
np:np-batch64 step 5000 lr 4.969e-04 [train_loss] loss 0.0497 (2.271 secs)
np:np-batch64 rbf ctx_ll 0.1305 tar_ll -0.1976 (5.269 secs)

np:np-batch64 step 5200 lr 4.967e-04 [train_loss] loss 0.0462 (2.453 secs)
np:np-batch64 step 5400 lr 4.964e-04 [train_loss] loss 0.0165 (2.488 secs)
np:np-batch64 step 5600 lr 4.961e-04 [train_loss] loss 0.0137 (2.124 secs)
np:np-batch64 step 5800 lr 4.959e-04 [train_loss] loss 0.0282 (1.698 secs)
np:np-batch64 step 6000 lr 4.956e-04 [train_loss] loss 0.0107 (1.763 secs)
np:np-batch64 step 6200 lr 4.953e-04 [train_loss] loss -0.0055 (1.698 secs)
np:np-batch64 step 6400 lr 4.950e-04 [train_loss] loss -0.0256 (1.741 secs)
np:np-batch64 step 6600 lr 4.946e-04 [train_loss] loss -0.0268 (1.728 secs)
np:np-batch64 step 6800 lr 4.943e-04 [train_loss] loss -0.0510 (1.973 secs)
np:np-batch64 step 7000 lr 4.940e-04 [train_loss] loss -0.0541 (1.999 secs)
np:np-batch64 step 7200 lr 4.936e-04 [train_loss] loss -0.0535 (2.323 secs)
np:np-batch64 step 7400 lr 4.933e-04 [train_loss] loss -0.0506 (1.770 secs)
np:np-batch64 step 7600 lr 4.929e-04 [train_loss] loss -0.0759 (1.682 secs)
np:np-batch64 step 7800 lr 4.925e-04 [train_loss] loss -0.0750 (1.643 secs)
np:np-batch64 step 8000 lr 4.921e-04 [train_loss] loss -0.0667 (1.787 secs)
np:np-batch64 step 8200 lr 4.918e-04 [train_loss] loss -0.0806 (2.105 secs)
np:np-batch64 step 8400 lr 4.913e-04 [train_loss] loss -0.1108 (1.742 secs)
np:np-batch64 step 8600 lr 4.909e-04 [train_loss] loss -0.1147 (1.860 secs)
np:np-batch64 step 8800 lr 4.905e-04 [train_loss] loss -0.0987 (2.138 secs)
np:np-batch64 step 9000 lr 4.901e-04 [train_loss] loss -0.1122 (1.941 secs)
np:np-batch64 step 9200 lr 4.896e-04 [train_loss] loss -0.1138 (1.788 secs)
np:np-batch64 step 9400 lr 4.892e-04 [train_loss] loss -0.1243 (1.842 secs)
np:np-batch64 step 9600 lr 4.887e-04 [train_loss] loss -0.1224 (1.766 secs)
np:np-batch64 step 9800 lr 4.882e-04 [train_loss] loss -0.1207 (1.799 secs)
np:np-batch64 step 10000 lr 4.878e-04 [train_loss] loss -0.1344 (2.490 secs)
np:np-batch64 rbf ctx_ll 0.3158 tar_ll -0.0396 (5.824 secs)

np:np-batch64 step 10200 lr 4.873e-04 [train_loss] loss -0.1379 (2.388 secs)
np:np-batch64 step 10400 lr 4.868e-04 [train_loss] loss -0.1536 (2.114 secs)
np:np-batch64 step 10600 lr 4.863e-04 [train_loss] loss -0.1498 (2.345 secs)
np:np-batch64 step 10800 lr 4.857e-04 [train_loss] loss -0.1506 (2.320 secs)
np:np-batch64 step 11000 lr 4.852e-04 [train_loss] loss -0.1433 (2.214 secs)
np:np-batch64 step 11200 lr 4.847e-04 [train_loss] loss -0.1961 (1.905 secs)
np:np-batch64 step 11400 lr 4.841e-04 [train_loss] loss -0.1934 (2.083 secs)
np:np-batch64 step 11600 lr 4.836e-04 [train_loss] loss -0.1896 (2.751 secs)
np:np-batch64 step 11800 lr 4.830e-04 [train_loss] loss -0.1831 (2.564 secs)
np:np-batch64 step 12000 lr 4.824e-04 [train_loss] loss -0.1844 (2.764 secs)
np:np-batch64 step 12200 lr 4.819e-04 [train_loss] loss -0.2198 (2.945 secs)
np:np-batch64 step 12400 lr 4.813e-04 [train_loss] loss -0.2108 (2.916 secs)
np:np-batch64 step 12600 lr 4.807e-04 [train_loss] loss -0.2236 (2.603 secs)
np:np-batch64 step 12800 lr 4.801e-04 [train_loss] loss -0.2406 (2.441 secs)
np:np-batch64 step 13000 lr 4.794e-04 [train_loss] loss -0.2208 (2.379 secs)
np:np-batch64 step 13200 lr 4.788e-04 [train_loss] loss -0.2396 (2.767 secs)
np:np-batch64 step 13400 lr 4.782e-04 [train_loss] loss -0.2677 (2.954 secs)
np:np-batch64 step 13600 lr 4.775e-04 [train_loss] loss -0.2211 (3.010 secs)
np:np-batch64 step 13800 lr 4.769e-04 [train_loss] loss -0.2801 (2.370 secs)
np:np-batch64 step 14000 lr 4.762e-04 [train_loss] loss -0.2593 (2.858 secs)
np:np-batch64 step 14200 lr 4.755e-04 [train_loss] loss -0.2640 (2.368 secs)
np:np-batch64 step 14400 lr 4.749e-04 [train_loss] loss -0.2383 (2.921 secs)
np:np-batch64 step 14600 lr 4.742e-04 [train_loss] loss -0.2529 (2.438 secs)
np:np-batch64 step 14800 lr 4.735e-04 [train_loss] loss -0.2569 (2.348 secs)
np:np-batch64 step 15000 lr 4.728e-04 [train_loss] loss -0.2585 (1.926 secs)
np:np-batch64 rbf ctx_ll 0.4916 tar_ll 0.0836 (5.659 secs)

np:np-batch64 step 15200 lr 4.720e-04 [train_loss] loss -0.2750 (2.605 secs)
np:np-batch64 step 15400 lr 4.713e-04 [train_loss] loss -0.2740 (2.247 secs)
np:np-batch64 step 15600 lr 4.706e-04 [train_loss] loss -0.3019 (2.725 secs)
np:np-batch64 step 15800 lr 4.698e-04 [train_loss] loss -0.2738 (2.505 secs)
np:np-batch64 step 16000 lr 4.691e-04 [train_loss] loss -0.2863 (2.281 secs)
np:np-batch64 step 16200 lr 4.683e-04 [train_loss] loss -0.3115 (2.309 secs)
np:np-batch64 step 16400 lr 4.675e-04 [train_loss] loss -0.2934 (2.443 secs)
np:np-batch64 step 16600 lr 4.668e-04 [train_loss] loss -0.3189 (2.177 secs)
np:np-batch64 step 16800 lr 4.660e-04 [train_loss] loss -0.3120 (2.440 secs)
np:np-batch64 step 17000 lr 4.652e-04 [train_loss] loss -0.3206 (2.430 secs)
np:np-batch64 step 17200 lr 4.644e-04 [train_loss] loss -0.3117 (2.231 secs)
np:np-batch64 step 17400 lr 4.636e-04 [train_loss] loss -0.3197 (2.857 secs)
np:np-batch64 step 17600 lr 4.627e-04 [train_loss] loss -0.3134 (2.759 secs)
np:np-batch64 step 17800 lr 4.619e-04 [train_loss] loss -0.3187 (2.133 secs)
np:np-batch64 step 18000 lr 4.611e-04 [train_loss] loss -0.3160 (2.452 secs)
np:np-batch64 step 18200 lr 4.602e-04 [train_loss] loss -0.3253 (1.949 secs)
np:np-batch64 step 18400 lr 4.594e-04 [train_loss] loss -0.3250 (2.119 secs)
np:np-batch64 step 18600 lr 4.585e-04 [train_loss] loss -0.3473 (2.250 secs)
np:np-batch64 step 18800 lr 4.576e-04 [train_loss] loss -0.2686 (2.291 secs)
np:np-batch64 step 19000 lr 4.568e-04 [train_loss] loss -0.3058 (2.017 secs)
np:np-batch64 step 19200 lr 4.559e-04 [train_loss] loss -0.3717 (2.149 secs)
np:np-batch64 step 19400 lr 4.550e-04 [train_loss] loss -0.3589 (1.828 secs)
np:np-batch64 step 19600 lr 4.541e-04 [train_loss] loss -0.3531 (2.489 secs)
np:np-batch64 step 19800 lr 4.532e-04 [train_loss] loss -0.3520 (1.806 secs)
np:np-batch64 step 20000 lr 4.523e-04 [train_loss] loss -0.3584 (2.222 secs)
np:np-batch64 rbf ctx_ll 0.5351 tar_ll 0.1602 (5.856 secs)

np:np-batch64 step 20200 lr 4.513e-04 [train_loss] loss -0.3652 (2.163 secs)
np:np-batch64 step 20400 lr 4.504e-04 [train_loss] loss -0.3746 (2.030 secs)
np:np-batch64 step 20600 lr 4.494e-04 [train_loss] loss -0.3809 (2.536 secs)
np:np-batch64 step 20800 lr 4.485e-04 [train_loss] loss -0.3695 (2.604 secs)
np:np-batch64 step 21000 lr 4.475e-04 [train_loss] loss -0.3596 (2.105 secs)
np:np-batch64 step 21200 lr 4.466e-04 [train_loss] loss -0.3914 (2.263 secs)
np:np-batch64 step 21400 lr 4.456e-04 [train_loss] loss -0.3235 (2.388 secs)
np:np-batch64 step 21600 lr 4.446e-04 [train_loss] loss -0.3878 (2.282 secs)
np:np-batch64 step 21800 lr 4.436e-04 [train_loss] loss -0.3623 (2.044 secs)
np:np-batch64 step 22000 lr 4.426e-04 [train_loss] loss -0.3758 (2.627 secs)
np:np-batch64 step 22200 lr 4.416e-04 [train_loss] loss -0.3766 (2.146 secs)
np:np-batch64 step 22400 lr 4.406e-04 [train_loss] loss -0.3667 (2.447 secs)
np:np-batch64 step 22600 lr 4.396e-04 [train_loss] loss -0.3622 (2.215 secs)
np:np-batch64 step 22800 lr 4.386e-04 [train_loss] loss -0.4024 (2.310 secs)
np:np-batch64 step 23000 lr 4.375e-04 [train_loss] loss -0.4115 (2.442 secs)
np:np-batch64 step 23200 lr 4.365e-04 [train_loss] loss -0.4066 (2.277 secs)
np:np-batch64 step 23400 lr 4.354e-04 [train_loss] loss -0.3828 (2.082 secs)
np:np-batch64 step 23600 lr 4.344e-04 [train_loss] loss -0.3842 (2.456 secs)
np:np-batch64 step 23800 lr 4.333e-04 [train_loss] loss -0.3767 (2.871 secs)
np:np-batch64 step 24000 lr 4.322e-04 [train_loss] loss -0.3985 (2.619 secs)
np:np-batch64 step 24200 lr 4.312e-04 [train_loss] loss -0.3686 (2.554 secs)
np:np-batch64 step 24400 lr 4.301e-04 [train_loss] loss -0.3842 (2.463 secs)
np:np-batch64 step 24600 lr 4.290e-04 [train_loss] loss -0.4238 (2.072 secs)
np:np-batch64 step 24800 lr 4.279e-04 [train_loss] loss -0.4271 (2.365 secs)
np:np-batch64 step 25000 lr 4.268e-04 [train_loss] loss -0.3934 (2.358 secs)
np:np-batch64 rbf ctx_ll 0.5868 tar_ll 0.1974 (5.218 secs)

np:np-batch64 step 25200 lr 4.257e-04 [train_loss] loss -0.3886 (3.124 secs)
np:np-batch64 step 25400 lr 4.245e-04 [train_loss] loss -0.3939 (2.307 secs)
np:np-batch64 step 25600 lr 4.234e-04 [train_loss] loss -0.4080 (2.940 secs)
np:np-batch64 step 25800 lr 4.223e-04 [train_loss] loss -0.3649 (3.070 secs)
np:np-batch64 step 26000 lr 4.211e-04 [train_loss] loss -0.4165 (3.432 secs)
np:np-batch64 step 26200 lr 4.200e-04 [train_loss] loss -0.4229 (2.896 secs)
np:np-batch64 step 26400 lr 4.188e-04 [train_loss] loss -0.4384 (3.342 secs)
np:np-batch64 step 26600 lr 4.177e-04 [train_loss] loss -0.4605 (2.738 secs)
np:np-batch64 step 26800 lr 4.165e-04 [train_loss] loss -0.4239 (2.406 secs)
np:np-batch64 step 27000 lr 4.153e-04 [train_loss] loss -0.4358 (2.206 secs)
np:np-batch64 step 27200 lr 4.141e-04 [train_loss] loss -0.4070 (2.536 secs)
np:np-batch64 step 27400 lr 4.130e-04 [train_loss] loss -0.4318 (2.641 secs)
np:np-batch64 step 27600 lr 4.118e-04 [train_loss] loss -0.4462 (2.835 secs)
np:np-batch64 step 27800 lr 4.106e-04 [train_loss] loss -0.4627 (3.086 secs)
np:np-batch64 step 28000 lr 4.094e-04 [train_loss] loss -0.4485 (2.301 secs)
np:np-batch64 step 28200 lr 4.081e-04 [train_loss] loss -0.4552 (2.728 secs)
np:np-batch64 step 28400 lr 4.069e-04 [train_loss] loss -0.4446 (3.025 secs)
np:np-batch64 step 28600 lr 4.057e-04 [train_loss] loss -0.4697 (2.764 secs)
np:np-batch64 step 28800 lr 4.045e-04 [train_loss] loss -0.4356 (3.255 secs)
np:np-batch64 step 29000 lr 4.032e-04 [train_loss] loss -0.4495 (3.444 secs)
np:np-batch64 step 29200 lr 4.020e-04 [train_loss] loss -0.4498 (3.050 secs)
np:np-batch64 step 29400 lr 4.007e-04 [train_loss] loss -0.4349 (2.692 secs)
np:np-batch64 step 29600 lr 3.995e-04 [train_loss] loss -0.4140 (2.744 secs)
np:np-batch64 step 29800 lr 3.982e-04 [train_loss] loss -0.4607 (3.061 secs)
np:np-batch64 step 30000 lr 3.969e-04 [train_loss] loss -0.4443 (3.551 secs)
np:np-batch64 rbf ctx_ll 0.6457 tar_ll 0.2497 (5.813 secs)

np:np-batch64 step 30200 lr 3.957e-04 [train_loss] loss -0.4618 (2.643 secs)
np:np-batch64 step 30400 lr 3.944e-04 [train_loss] loss -0.4585 (2.619 secs)
np:np-batch64 step 30600 lr 3.931e-04 [train_loss] loss -0.4415 (2.637 secs)
np:np-batch64 step 30800 lr 3.918e-04 [train_loss] loss -0.4601 (3.234 secs)
np:np-batch64 step 31000 lr 3.905e-04 [train_loss] loss -0.4646 (2.326 secs)
np:np-batch64 step 31200 lr 3.892e-04 [train_loss] loss -0.4203 (2.377 secs)
np:np-batch64 step 31400 lr 3.879e-04 [train_loss] loss -0.4559 (2.176 secs)
np:np-batch64 step 31600 lr 3.866e-04 [train_loss] loss -0.4712 (2.253 secs)
np:np-batch64 step 31800 lr 3.853e-04 [train_loss] loss -0.4609 (1.750 secs)
np:np-batch64 step 32000 lr 3.840e-04 [train_loss] loss -0.4390 (1.777 secs)
np:np-batch64 step 32200 lr 3.826e-04 [train_loss] loss -0.4512 (1.922 secs)
np:np-batch64 step 32400 lr 3.813e-04 [train_loss] loss -0.4870 (2.006 secs)
np:np-batch64 step 32600 lr 3.800e-04 [train_loss] loss -0.4595 (2.374 secs)
np:np-batch64 step 32800 lr 3.786e-04 [train_loss] loss -0.4881 (3.059 secs)
np:np-batch64 step 33000 lr 3.773e-04 [train_loss] loss -0.4485 (2.776 secs)
np:np-batch64 step 33200 lr 3.759e-04 [train_loss] loss -0.4746 (2.215 secs)
np:np-batch64 step 33400 lr 3.745e-04 [train_loss] loss -0.4788 (2.001 secs)
np:np-batch64 step 33600 lr 3.732e-04 [train_loss] loss -0.4795 (2.405 secs)
np:np-batch64 step 33800 lr 3.718e-04 [train_loss] loss -0.5157 (2.439 secs)
np:np-batch64 step 34000 lr 3.704e-04 [train_loss] loss -0.4906 (2.879 secs)
np:np-batch64 step 34200 lr 3.691e-04 [train_loss] loss -0.5068 (2.797 secs)
np:np-batch64 step 34400 lr 3.677e-04 [train_loss] loss -0.4648 (2.729 secs)
np:np-batch64 step 34600 lr 3.663e-04 [train_loss] loss -0.4843 (2.687 secs)
np:np-batch64 step 34800 lr 3.649e-04 [train_loss] loss -0.4683 (2.152 secs)
np:np-batch64 step 35000 lr 3.635e-04 [train_loss] loss -0.4728 (2.535 secs)
np:np-batch64 rbf ctx_ll 0.6900 tar_ll 0.2553 (5.526 secs)

np:np-batch64 step 35200 lr 3.621e-04 [train_loss] loss -0.4727 (2.232 secs)
np:np-batch64 step 35400 lr 3.607e-04 [train_loss] loss -0.4548 (2.108 secs)
np:np-batch64 step 35600 lr 3.593e-04 [train_loss] loss -0.4877 (2.435 secs)
np:np-batch64 step 35800 lr 3.579e-04 [train_loss] loss -0.4963 (1.830 secs)
np:np-batch64 step 36000 lr 3.564e-04 [train_loss] loss -0.4369 (2.596 secs)
np:np-batch64 step 36200 lr 3.550e-04 [train_loss] loss -0.4584 (2.670 secs)
np:np-batch64 step 36400 lr 3.536e-04 [train_loss] loss -0.4830 (2.304 secs)
np:np-batch64 step 36600 lr 3.522e-04 [train_loss] loss -0.5188 (2.072 secs)
np:np-batch64 step 36800 lr 3.507e-04 [train_loss] loss -0.4524 (2.188 secs)
np:np-batch64 step 37000 lr 3.493e-04 [train_loss] loss -0.4984 (2.215 secs)
np:np-batch64 step 37200 lr 3.478e-04 [train_loss] loss -0.5089 (2.309 secs)
np:np-batch64 step 37400 lr 3.464e-04 [train_loss] loss -0.4971 (2.182 secs)
np:np-batch64 step 37600 lr 3.449e-04 [train_loss] loss -0.5218 (2.006 secs)
np:np-batch64 step 37800 lr 3.435e-04 [train_loss] loss -0.5204 (2.581 secs)
np:np-batch64 step 38000 lr 3.420e-04 [train_loss] loss -0.4807 (2.903 secs)
np:np-batch64 step 38200 lr 3.406e-04 [train_loss] loss -0.5036 (2.145 secs)
np:np-batch64 step 38400 lr 3.391e-04 [train_loss] loss -0.5247 (2.293 secs)
np:np-batch64 step 38600 lr 3.376e-04 [train_loss] loss -0.4726 (2.180 secs)
np:np-batch64 step 38800 lr 3.362e-04 [train_loss] loss -0.5230 (2.058 secs)
np:np-batch64 step 39000 lr 3.347e-04 [train_loss] loss -0.5090 (2.267 secs)
np:np-batch64 step 39200 lr 3.332e-04 [train_loss] loss -0.5317 (2.411 secs)
np:np-batch64 step 39400 lr 3.317e-04 [train_loss] loss -0.5166 (2.418 secs)
np:np-batch64 step 39600 lr 3.302e-04 [train_loss] loss -0.5093 (2.293 secs)
np:np-batch64 step 39800 lr 3.287e-04 [train_loss] loss -0.5128 (2.620 secs)
np:np-batch64 step 40000 lr 3.273e-04 [train_loss] loss -0.5301 (2.121 secs)
np:np-batch64 rbf ctx_ll 0.7502 tar_ll 0.2722 (5.490 secs)

np:np-batch64 step 40200 lr 3.258e-04 [train_loss] loss -0.5423 (2.368 secs)
np:np-batch64 step 40400 lr 3.243e-04 [train_loss] loss -0.5352 (2.231 secs)
np:np-batch64 step 40600 lr 3.228e-04 [train_loss] loss -0.4907 (2.766 secs)
np:np-batch64 step 40800 lr 3.213e-04 [train_loss] loss -0.5180 (2.514 secs)
np:np-batch64 step 41000 lr 3.197e-04 [train_loss] loss -0.5439 (2.569 secs)
np:np-batch64 step 41200 lr 3.182e-04 [train_loss] loss -0.4774 (2.487 secs)
np:np-batch64 step 41400 lr 3.167e-04 [train_loss] loss -0.5065 (2.343 secs)
np:np-batch64 step 41600 lr 3.152e-04 [train_loss] loss -0.5304 (2.480 secs)
np:np-batch64 step 41800 lr 3.137e-04 [train_loss] loss -0.5220 (2.368 secs)
np:np-batch64 step 42000 lr 3.122e-04 [train_loss] loss -0.5091 (2.198 secs)
np:np-batch64 step 42200 lr 3.106e-04 [train_loss] loss -0.4985 (2.405 secs)
np:np-batch64 step 42400 lr 3.091e-04 [train_loss] loss -0.5487 (2.186 secs)
np:np-batch64 step 42600 lr 3.076e-04 [train_loss] loss -0.5231 (1.877 secs)
np:np-batch64 step 42800 lr 3.061e-04 [train_loss] loss -0.4970 (1.675 secs)
np:np-batch64 step 43000 lr 3.045e-04 [train_loss] loss -0.5157 (1.567 secs)
np:np-batch64 step 43200 lr 3.030e-04 [train_loss] loss -0.5454 (2.486 secs)
np:np-batch64 step 43400 lr 3.015e-04 [train_loss] loss -0.5224 (2.315 secs)
np:np-batch64 step 43600 lr 2.999e-04 [train_loss] loss -0.5315 (1.524 secs)
np:np-batch64 step 43800 lr 2.984e-04 [train_loss] loss -0.4972 (1.540 secs)
np:np-batch64 step 44000 lr 2.968e-04 [train_loss] loss -0.5659 (1.570 secs)
np:np-batch64 step 44200 lr 2.953e-04 [train_loss] loss -0.5343 (1.592 secs)
np:np-batch64 step 44400 lr 2.938e-04 [train_loss] loss -0.5536 (1.467 secs)
np:np-batch64 step 44600 lr 2.922e-04 [train_loss] loss -0.5163 (1.763 secs)
np:np-batch64 step 44800 lr 2.907e-04 [train_loss] loss -0.5559 (1.705 secs)
np:np-batch64 step 45000 lr 2.891e-04 [train_loss] loss -0.5306 (1.876 secs)
np:np-batch64 rbf ctx_ll 0.7479 tar_ll 0.3215 (5.722 secs)

np:np-batch64 step 45200 lr 2.876e-04 [train_loss] loss -0.5515 (2.877 secs)
np:np-batch64 step 45400 lr 2.860e-04 [train_loss] loss -0.5359 (2.405 secs)
np:np-batch64 step 45600 lr 2.844e-04 [train_loss] loss -0.5341 (2.231 secs)
np:np-batch64 step 45800 lr 2.829e-04 [train_loss] loss -0.5540 (2.098 secs)
np:np-batch64 step 46000 lr 2.813e-04 [train_loss] loss -0.5214 (2.121 secs)
np:np-batch64 step 46200 lr 2.798e-04 [train_loss] loss -0.5712 (1.988 secs)
np:np-batch64 step 46400 lr 2.782e-04 [train_loss] loss -0.5593 (2.264 secs)
np:np-batch64 step 46600 lr 2.767e-04 [train_loss] loss -0.5227 (2.266 secs)
np:np-batch64 step 46800 lr 2.751e-04 [train_loss] loss -0.5424 (2.222 secs)
np:np-batch64 step 47000 lr 2.735e-04 [train_loss] loss -0.5524 (1.739 secs)
np:np-batch64 step 47200 lr 2.720e-04 [train_loss] loss -0.5400 (2.718 secs)
np:np-batch64 step 47400 lr 2.704e-04 [train_loss] loss -0.5383 (3.406 secs)
np:np-batch64 step 47600 lr 2.688e-04 [train_loss] loss -0.5656 (2.617 secs)
np:np-batch64 step 47800 lr 2.673e-04 [train_loss] loss -0.5526 (3.187 secs)
np:np-batch64 step 48000 lr 2.657e-04 [train_loss] loss -0.5672 (2.708 secs)
np:np-batch64 step 48200 lr 2.641e-04 [train_loss] loss -0.5566 (2.809 secs)
np:np-batch64 step 48400 lr 2.626e-04 [train_loss] loss -0.5478 (3.241 secs)
np:np-batch64 step 48600 lr 2.610e-04 [train_loss] loss -0.5403 (2.851 secs)
np:np-batch64 step 48800 lr 2.594e-04 [train_loss] loss -0.5381 (2.494 secs)
np:np-batch64 step 49000 lr 2.579e-04 [train_loss] loss -0.5773 (2.554 secs)
np:np-batch64 step 49200 lr 2.563e-04 [train_loss] loss -0.6128 (2.357 secs)
np:np-batch64 step 49400 lr 2.547e-04 [train_loss] loss -0.5405 (2.014 secs)
np:np-batch64 step 49600 lr 2.531e-04 [train_loss] loss -0.5654 (2.380 secs)
np:np-batch64 step 49800 lr 2.516e-04 [train_loss] loss -0.5481 (2.515 secs)
np:np-batch64 step 50000 lr 2.500e-04 [train_loss] loss -0.5251 (2.444 secs)
np:np-batch64 rbf ctx_ll 0.7636 tar_ll 0.3367 (5.837 secs)

np:np-batch64 step 50200 lr 2.484e-04 [train_loss] loss -0.5489 (2.289 secs)
np:np-batch64 step 50400 lr 2.469e-04 [train_loss] loss -0.5751 (2.198 secs)
np:np-batch64 step 50600 lr 2.453e-04 [train_loss] loss -0.5595 (2.115 secs)
np:np-batch64 step 50800 lr 2.437e-04 [train_loss] loss -0.5643 (2.701 secs)
np:np-batch64 step 51000 lr 2.421e-04 [train_loss] loss -0.5581 (2.847 secs)
np:np-batch64 step 51200 lr 2.406e-04 [train_loss] loss -0.5550 (2.420 secs)
np:np-batch64 step 51400 lr 2.390e-04 [train_loss] loss -0.5669 (2.243 secs)
np:np-batch64 step 51600 lr 2.374e-04 [train_loss] loss -0.5630 (2.054 secs)
np:np-batch64 step 51800 lr 2.359e-04 [train_loss] loss -0.5710 (2.137 secs)
np:np-batch64 step 52000 lr 2.343e-04 [train_loss] loss -0.5695 (2.301 secs)
np:np-batch64 step 52200 lr 2.327e-04 [train_loss] loss -0.5940 (2.375 secs)
np:np-batch64 step 52400 lr 2.312e-04 [train_loss] loss -0.5709 (2.459 secs)
np:np-batch64 step 52600 lr 2.296e-04 [train_loss] loss -0.5349 (2.299 secs)
np:np-batch64 step 52800 lr 2.280e-04 [train_loss] loss -0.5535 (2.852 secs)
np:np-batch64 step 53000 lr 2.265e-04 [train_loss] loss -0.5594 (2.811 secs)
np:np-batch64 step 53200 lr 2.249e-04 [train_loss] loss -0.5690 (2.796 secs)
np:np-batch64 step 53400 lr 2.233e-04 [train_loss] loss -0.5238 (3.304 secs)
np:np-batch64 step 53600 lr 2.218e-04 [train_loss] loss -0.5262 (2.519 secs)
np:np-batch64 step 53800 lr 2.202e-04 [train_loss] loss -0.5663 (2.702 secs)
np:np-batch64 step 54000 lr 2.187e-04 [train_loss] loss -0.5564 (2.317 secs)
np:np-batch64 step 54200 lr 2.171e-04 [train_loss] loss -0.5619 (2.630 secs)
np:np-batch64 step 54400 lr 2.156e-04 [train_loss] loss -0.6037 (2.486 secs)
np:np-batch64 step 54600 lr 2.140e-04 [train_loss] loss -0.5723 (2.281 secs)
np:np-batch64 step 54800 lr 2.124e-04 [train_loss] loss -0.5514 (2.398 secs)
np:np-batch64 step 55000 lr 2.109e-04 [train_loss] loss -0.5428 (3.142 secs)
np:np-batch64 rbf ctx_ll 0.7879 tar_ll 0.3480 (5.188 secs)

np:np-batch64 step 55200 lr 2.093e-04 [train_loss] loss -0.5743 (2.439 secs)
np:np-batch64 step 55400 lr 2.078e-04 [train_loss] loss -0.5980 (2.452 secs)
np:np-batch64 step 55600 lr 2.062e-04 [train_loss] loss -0.5867 (2.184 secs)
np:np-batch64 step 55800 lr 2.047e-04 [train_loss] loss -0.5671 (2.464 secs)
np:np-batch64 step 56000 lr 2.032e-04 [train_loss] loss -0.5568 (2.782 secs)
np:np-batch64 step 56200 lr 2.016e-04 [train_loss] loss -0.5702 (2.495 secs)
np:np-batch64 step 56400 lr 2.001e-04 [train_loss] loss -0.5413 (2.412 secs)
np:np-batch64 step 56600 lr 1.985e-04 [train_loss] loss -0.5607 (2.369 secs)
np:np-batch64 step 56800 lr 1.970e-04 [train_loss] loss -0.5557 (2.211 secs)
np:np-batch64 step 57000 lr 1.955e-04 [train_loss] loss -0.5957 (2.637 secs)
np:np-batch64 step 57200 lr 1.939e-04 [train_loss] loss -0.5835 (2.121 secs)
np:np-batch64 step 57400 lr 1.924e-04 [train_loss] loss -0.5689 (2.238 secs)
np:np-batch64 step 57600 lr 1.909e-04 [train_loss] loss -0.5633 (2.335 secs)
np:np-batch64 step 57800 lr 1.894e-04 [train_loss] loss -0.5693 (2.299 secs)
np:np-batch64 step 58000 lr 1.878e-04 [train_loss] loss -0.5787 (2.281 secs)
np:np-batch64 step 58200 lr 1.863e-04 [train_loss] loss -0.5734 (2.477 secs)
np:np-batch64 step 58400 lr 1.848e-04 [train_loss] loss -0.5718 (2.388 secs)
np:np-batch64 step 58600 lr 1.833e-04 [train_loss] loss -0.5859 (2.888 secs)
np:np-batch64 step 58800 lr 1.818e-04 [train_loss] loss -0.5835 (3.066 secs)
np:np-batch64 step 59000 lr 1.803e-04 [train_loss] loss -0.5506 (2.391 secs)
np:np-batch64 step 59200 lr 1.787e-04 [train_loss] loss -0.5681 (2.841 secs)
np:np-batch64 step 59400 lr 1.772e-04 [train_loss] loss -0.5957 (2.801 secs)
np:np-batch64 step 59600 lr 1.757e-04 [train_loss] loss -0.6064 (2.385 secs)
np:np-batch64 step 59800 lr 1.742e-04 [train_loss] loss -0.5524 (2.499 secs)
np:np-batch64 step 60000 lr 1.727e-04 [train_loss] loss -0.5779 (2.404 secs)
np:np-batch64 rbf ctx_ll 0.8072 tar_ll 0.3581 (5.205 secs)

np:np-batch64 step 60200 lr 1.713e-04 [train_loss] loss -0.5864 (2.585 secs)
np:np-batch64 step 60400 lr 1.698e-04 [train_loss] loss -0.5715 (2.932 secs)
np:np-batch64 step 60600 lr 1.683e-04 [train_loss] loss -0.6027 (2.924 secs)
np:np-batch64 step 60800 lr 1.668e-04 [train_loss] loss -0.5818 (3.060 secs)
np:np-batch64 step 61000 lr 1.653e-04 [train_loss] loss -0.5909 (2.974 secs)
np:np-batch64 step 61200 lr 1.638e-04 [train_loss] loss -0.5480 (3.062 secs)
np:np-batch64 step 61400 lr 1.624e-04 [train_loss] loss -0.5865 (2.783 secs)
np:np-batch64 step 61600 lr 1.609e-04 [train_loss] loss -0.5830 (2.186 secs)
np:np-batch64 step 61800 lr 1.594e-04 [train_loss] loss -0.5877 (2.279 secs)
np:np-batch64 step 62000 lr 1.580e-04 [train_loss] loss -0.5620 (2.463 secs)
np:np-batch64 step 62200 lr 1.565e-04 [train_loss] loss -0.5873 (2.503 secs)
np:np-batch64 step 62400 lr 1.551e-04 [train_loss] loss -0.5532 (2.948 secs)
np:np-batch64 step 62600 lr 1.536e-04 [train_loss] loss -0.6223 (2.462 secs)
np:np-batch64 step 62800 lr 1.522e-04 [train_loss] loss -0.5443 (2.954 secs)
np:np-batch64 step 63000 lr 1.507e-04 [train_loss] loss -0.6122 (2.818 secs)
np:np-batch64 step 63200 lr 1.493e-04 [train_loss] loss -0.5876 (3.090 secs)
np:np-batch64 step 63400 lr 1.478e-04 [train_loss] loss -0.5858 (2.162 secs)
np:np-batch64 step 63600 lr 1.464e-04 [train_loss] loss -0.5896 (2.862 secs)
np:np-batch64 step 63800 lr 1.450e-04 [train_loss] loss -0.5962 (3.248 secs)
np:np-batch64 step 64000 lr 1.436e-04 [train_loss] loss -0.5862 (2.324 secs)
np:np-batch64 step 64200 lr 1.421e-04 [train_loss] loss -0.5822 (2.400 secs)
np:np-batch64 step 64400 lr 1.407e-04 [train_loss] loss -0.5770 (2.247 secs)
np:np-batch64 step 64600 lr 1.393e-04 [train_loss] loss -0.6282 (1.608 secs)
np:np-batch64 step 64800 lr 1.379e-04 [train_loss] loss -0.6189 (1.696 secs)
np:np-batch64 step 65000 lr 1.365e-04 [train_loss] loss -0.6005 (2.090 secs)
np:np-batch64 rbf ctx_ll 0.8306 tar_ll 0.3636 (4.996 secs)

np:np-batch64 step 65200 lr 1.351e-04 [train_loss] loss -0.5932 (1.836 secs)
np:np-batch64 step 65400 lr 1.337e-04 [train_loss] loss -0.5922 (1.701 secs)
np:np-batch64 step 65600 lr 1.323e-04 [train_loss] loss -0.5783 (1.654 secs)
np:np-batch64 step 65800 lr 1.309e-04 [train_loss] loss -0.5890 (1.742 secs)
np:np-batch64 step 66000 lr 1.296e-04 [train_loss] loss -0.6064 (1.552 secs)
np:np-batch64 step 66200 lr 1.282e-04 [train_loss] loss -0.6151 (1.800 secs)
np:np-batch64 step 66400 lr 1.268e-04 [train_loss] loss -0.5920 (1.833 secs)
np:np-batch64 step 66600 lr 1.255e-04 [train_loss] loss -0.6321 (1.904 secs)
np:np-batch64 step 66800 lr 1.241e-04 [train_loss] loss -0.6076 (1.844 secs)
np:np-batch64 step 67000 lr 1.227e-04 [train_loss] loss -0.5962 (1.598 secs)
np:np-batch64 step 67200 lr 1.214e-04 [train_loss] loss -0.5888 (1.835 secs)
np:np-batch64 step 67400 lr 1.200e-04 [train_loss] loss -0.5622 (1.649 secs)
np:np-batch64 step 67600 lr 1.187e-04 [train_loss] loss -0.5785 (1.651 secs)
np:np-batch64 step 67800 lr 1.174e-04 [train_loss] loss -0.6206 (2.233 secs)
np:np-batch64 step 68000 lr 1.160e-04 [train_loss] loss -0.5911 (2.618 secs)
np:np-batch64 step 68200 lr 1.147e-04 [train_loss] loss -0.6274 (2.328 secs)
np:np-batch64 step 68400 lr 1.134e-04 [train_loss] loss -0.6119 (2.075 secs)
np:np-batch64 step 68600 lr 1.121e-04 [train_loss] loss -0.5993 (2.216 secs)
np:np-batch64 step 68800 lr 1.108e-04 [train_loss] loss -0.6433 (2.096 secs)
np:np-batch64 step 69000 lr 1.095e-04 [train_loss] loss -0.5901 (2.058 secs)
np:np-batch64 step 69200 lr 1.082e-04 [train_loss] loss -0.5755 (1.832 secs)
np:np-batch64 step 69400 lr 1.069e-04 [train_loss] loss -0.6397 (1.506 secs)
np:np-batch64 step 69600 lr 1.056e-04 [train_loss] loss -0.6262 (1.793 secs)
np:np-batch64 step 69800 lr 1.043e-04 [train_loss] loss -0.6179 (1.935 secs)
np:np-batch64 step 70000 lr 1.031e-04 [train_loss] loss -0.5749 (1.584 secs)
np:np-batch64 rbf ctx_ll 0.8301 tar_ll 0.3784 (5.006 secs)

np:np-batch64 step 70200 lr 1.018e-04 [train_loss] loss -0.5734 (1.555 secs)
np:np-batch64 step 70400 lr 1.005e-04 [train_loss] loss -0.6137 (1.621 secs)
np:np-batch64 step 70600 lr 9.927e-05 [train_loss] loss -0.5601 (1.669 secs)
np:np-batch64 step 70800 lr 9.802e-05 [train_loss] loss -0.6083 (1.517 secs)
np:np-batch64 step 71000 lr 9.677e-05 [train_loss] loss -0.5768 (1.694 secs)
np:np-batch64 step 71200 lr 9.554e-05 [train_loss] loss -0.5686 (1.751 secs)
np:np-batch64 step 71400 lr 9.430e-05 [train_loss] loss -0.6236 (1.574 secs)
np:np-batch64 step 71600 lr 9.308e-05 [train_loss] loss -0.6125 (1.621 secs)
np:np-batch64 step 71800 lr 9.186e-05 [train_loss] loss -0.6254 (1.498 secs)
np:np-batch64 step 72000 lr 9.064e-05 [train_loss] loss -0.6015 (1.556 secs)
np:np-batch64 step 72200 lr 8.944e-05 [train_loss] loss -0.6069 (1.524 secs)
np:np-batch64 step 72400 lr 8.824e-05 [train_loss] loss -0.6149 (1.556 secs)
np:np-batch64 step 72600 lr 8.704e-05 [train_loss] loss -0.5999 (1.837 secs)
np:np-batch64 step 72800 lr 8.585e-05 [train_loss] loss -0.6484 (2.606 secs)
np:np-batch64 step 73000 lr 8.467e-05 [train_loss] loss -0.6474 (2.690 secs)
np:np-batch64 step 73200 lr 8.350e-05 [train_loss] loss -0.5782 (2.124 secs)
np:np-batch64 step 73400 lr 8.233e-05 [train_loss] loss -0.5909 (2.513 secs)
np:np-batch64 step 73600 lr 8.117e-05 [train_loss] loss -0.5907 (2.043 secs)
np:np-batch64 step 73800 lr 8.001e-05 [train_loss] loss -0.5784 (2.033 secs)
np:np-batch64 step 74000 lr 7.886e-05 [train_loss] loss -0.6454 (1.886 secs)
np:np-batch64 step 74200 lr 7.772e-05 [train_loss] loss -0.5780 (1.799 secs)
np:np-batch64 step 74400 lr 7.659e-05 [train_loss] loss -0.6120 (1.669 secs)
np:np-batch64 step 74600 lr 7.546e-05 [train_loss] loss -0.6127 (1.533 secs)
np:np-batch64 step 74800 lr 7.434e-05 [train_loss] loss -0.6111 (1.647 secs)
np:np-batch64 step 75000 lr 7.322e-05 [train_loss] loss -0.5792 (1.699 secs)
np:np-batch64 rbf ctx_ll 0.8415 tar_ll 0.3860 (4.959 secs)

np:np-batch64 step 75200 lr 7.212e-05 [train_loss] loss -0.5720 (1.697 secs)
np:np-batch64 step 75400 lr 7.102e-05 [train_loss] loss -0.6210 (1.905 secs)
np:np-batch64 step 75600 lr 6.992e-05 [train_loss] loss -0.6039 (1.618 secs)
np:np-batch64 step 75800 lr 6.884e-05 [train_loss] loss -0.6026 (1.564 secs)
np:np-batch64 step 76000 lr 6.776e-05 [train_loss] loss -0.6317 (1.527 secs)
np:np-batch64 step 76200 lr 6.669e-05 [train_loss] loss -0.6119 (1.652 secs)
np:np-batch64 step 76400 lr 6.562e-05 [train_loss] loss -0.6283 (2.003 secs)
np:np-batch64 step 76600 lr 6.456e-05 [train_loss] loss -0.6064 (1.673 secs)
np:np-batch64 step 76800 lr 6.351e-05 [train_loss] loss -0.6095 (1.476 secs)
np:np-batch64 step 77000 lr 6.247e-05 [train_loss] loss -0.6012 (1.524 secs)
np:np-batch64 step 77200 lr 6.144e-05 [train_loss] loss -0.6218 (1.618 secs)
np:np-batch64 step 77400 lr 6.041e-05 [train_loss] loss -0.6154 (1.522 secs)
np:np-batch64 step 77600 lr 5.939e-05 [train_loss] loss -0.5959 (1.748 secs)
np:np-batch64 step 77800 lr 5.838e-05 [train_loss] loss -0.6536 (1.818 secs)
np:np-batch64 step 78000 lr 5.737e-05 [train_loss] loss -0.5928 (1.650 secs)
np:np-batch64 step 78200 lr 5.637e-05 [train_loss] loss -0.5863 (1.722 secs)
np:np-batch64 step 78400 lr 5.538e-05 [train_loss] loss -0.6115 (1.562 secs)
np:np-batch64 step 78600 lr 5.440e-05 [train_loss] loss -0.6415 (1.726 secs)
np:np-batch64 step 78800 lr 5.343e-05 [train_loss] loss -0.6254 (1.660 secs)
np:np-batch64 step 79000 lr 5.246e-05 [train_loss] loss -0.6451 (2.121 secs)
np:np-batch64 step 79200 lr 5.150e-05 [train_loss] loss -0.6330 (2.469 secs)
np:np-batch64 step 79400 lr 5.055e-05 [train_loss] loss -0.6164 (2.169 secs)
np:np-batch64 step 79600 lr 4.961e-05 [train_loss] loss -0.6202 (1.568 secs)
np:np-batch64 step 79800 lr 4.867e-05 [train_loss] loss -0.6145 (1.585 secs)
np:np-batch64 step 80000 lr 4.775e-05 [train_loss] loss -0.6455 (1.554 secs)
np:np-batch64 rbf ctx_ll 0.8494 tar_ll 0.3884 (5.337 secs)

np:np-batch64 step 80200 lr 4.683e-05 [train_loss] loss -0.6085 (1.723 secs)
np:np-batch64 step 80400 lr 4.592e-05 [train_loss] loss -0.6079 (2.320 secs)
np:np-batch64 step 80600 lr 4.501e-05 [train_loss] loss -0.6211 (2.248 secs)
np:np-batch64 step 80800 lr 4.412e-05 [train_loss] loss -0.6079 (2.266 secs)
np:np-batch64 step 81000 lr 4.323e-05 [train_loss] loss -0.6316 (2.120 secs)
np:np-batch64 step 81200 lr 4.235e-05 [train_loss] loss -0.6145 (2.035 secs)
np:np-batch64 step 81400 lr 4.148e-05 [train_loss] loss -0.6165 (2.405 secs)
np:np-batch64 step 81600 lr 4.062e-05 [train_loss] loss -0.6373 (2.244 secs)
np:np-batch64 step 81800 lr 3.976e-05 [train_loss] loss -0.6228 (2.016 secs)
np:np-batch64 step 82000 lr 3.892e-05 [train_loss] loss -0.6280 (1.901 secs)
np:np-batch64 step 82200 lr 3.808e-05 [train_loss] loss -0.6351 (1.807 secs)
np:np-batch64 step 82400 lr 3.725e-05 [train_loss] loss -0.6322 (1.619 secs)
np:np-batch64 step 82600 lr 3.643e-05 [train_loss] loss -0.6494 (1.721 secs)
np:np-batch64 step 82800 lr 3.562e-05 [train_loss] loss -0.5940 (1.556 secs)
np:np-batch64 step 83000 lr 3.481e-05 [train_loss] loss -0.6556 (1.728 secs)
np:np-batch64 step 83200 lr 3.402e-05 [train_loss] loss -0.6442 (1.506 secs)
np:np-batch64 step 83400 lr 3.323e-05 [train_loss] loss -0.6304 (1.699 secs)
np:np-batch64 step 83600 lr 3.245e-05 [train_loss] loss -0.6215 (2.001 secs)
np:np-batch64 step 83800 lr 3.168e-05 [train_loss] loss -0.6320 (1.681 secs)
np:np-batch64 step 84000 lr 3.092e-05 [train_loss] loss -0.6353 (1.517 secs)
np:np-batch64 step 84200 lr 3.017e-05 [train_loss] loss -0.6363 (1.666 secs)
np:np-batch64 step 84400 lr 2.943e-05 [train_loss] loss -0.6080 (2.191 secs)
np:np-batch64 step 84600 lr 2.869e-05 [train_loss] loss -0.6145 (1.893 secs)
np:np-batch64 step 84800 lr 2.797e-05 [train_loss] loss -0.6244 (1.872 secs)
np:np-batch64 step 85000 lr 2.725e-05 [train_loss] loss -0.6452 (1.880 secs)
np:np-batch64 rbf ctx_ll 0.8595 tar_ll 0.3921 (5.700 secs)

np:np-batch64 step 85200 lr 2.654e-05 [train_loss] loss -0.6373 (2.148 secs)
np:np-batch64 step 85400 lr 2.584e-05 [train_loss] loss -0.6220 (1.712 secs)
np:np-batch64 step 85600 lr 2.515e-05 [train_loss] loss -0.6149 (1.750 secs)
np:np-batch64 step 85800 lr 2.447e-05 [train_loss] loss -0.6091 (1.779 secs)
np:np-batch64 step 86000 lr 2.379e-05 [train_loss] loss -0.6231 (1.678 secs)
np:np-batch64 step 86200 lr 2.313e-05 [train_loss] loss -0.5931 (1.625 secs)
np:np-batch64 step 86400 lr 2.247e-05 [train_loss] loss -0.6141 (1.540 secs)
np:np-batch64 step 86600 lr 2.183e-05 [train_loss] loss -0.6654 (2.017 secs)
np:np-batch64 step 86800 lr 2.119e-05 [train_loss] loss -0.6321 (2.335 secs)
np:np-batch64 step 87000 lr 2.056e-05 [train_loss] loss -0.6323 (2.395 secs)
np:np-batch64 step 87200 lr 1.994e-05 [train_loss] loss -0.6312 (1.789 secs)
np:np-batch64 step 87400 lr 1.933e-05 [train_loss] loss -0.6357 (2.000 secs)
np:np-batch64 step 87600 lr 1.873e-05 [train_loss] loss -0.6551 (1.682 secs)
np:np-batch64 step 87800 lr 1.814e-05 [train_loss] loss -0.6312 (1.645 secs)
np:np-batch64 step 88000 lr 1.756e-05 [train_loss] loss -0.6069 (1.657 secs)
np:np-batch64 step 88200 lr 1.698e-05 [train_loss] loss -0.6002 (1.851 secs)
np:np-batch64 step 88400 lr 1.642e-05 [train_loss] loss -0.6524 (1.756 secs)
np:np-batch64 step 88600 lr 1.586e-05 [train_loss] loss -0.6376 (1.586 secs)
np:np-batch64 step 88800 lr 1.532e-05 [train_loss] loss -0.6329 (1.660 secs)
np:np-batch64 step 89000 lr 1.478e-05 [train_loss] loss -0.6368 (2.235 secs)
np:np-batch64 step 89200 lr 1.425e-05 [train_loss] loss -0.6201 (1.588 secs)
np:np-batch64 step 89400 lr 1.373e-05 [train_loss] loss -0.6249 (1.497 secs)
np:np-batch64 step 89600 lr 1.323e-05 [train_loss] loss -0.6362 (1.675 secs)
np:np-batch64 step 89800 lr 1.273e-05 [train_loss] loss -0.6438 (1.655 secs)
np:np-batch64 step 90000 lr 1.224e-05 [train_loss] loss -0.6261 (1.745 secs)
np:np-batch64 rbf ctx_ll 0.8596 tar_ll 0.3966 (5.346 secs)

np:np-batch64 step 90200 lr 1.176e-05 [train_loss] loss -0.6472 (1.668 secs)
np:np-batch64 step 90400 lr 1.128e-05 [train_loss] loss -0.6192 (1.528 secs)
np:np-batch64 step 90600 lr 1.082e-05 [train_loss] loss -0.6598 (1.600 secs)
np:np-batch64 step 90800 lr 1.037e-05 [train_loss] loss -0.6134 (1.563 secs)
np:np-batch64 step 91000 lr 9.927e-06 [train_loss] loss -0.6279 (2.582 secs)
np:np-batch64 step 91200 lr 9.493e-06 [train_loss] loss -0.6347 (2.404 secs)
np:np-batch64 step 91400 lr 9.069e-06 [train_loss] loss -0.6394 (2.829 secs)
np:np-batch64 step 91600 lr 8.655e-06 [train_loss] loss -0.6492 (2.602 secs)
np:np-batch64 step 91800 lr 8.250e-06 [train_loss] loss -0.6390 (2.278 secs)
np:np-batch64 step 92000 lr 7.854e-06 [train_loss] loss -0.6501 (2.325 secs)
np:np-batch64 step 92200 lr 7.468e-06 [train_loss] loss -0.6398 (2.200 secs)
np:np-batch64 step 92400 lr 7.092e-06 [train_loss] loss -0.5879 (1.830 secs)
np:np-batch64 step 92600 lr 6.725e-06 [train_loss] loss -0.6015 (1.539 secs)
np:np-batch64 step 92800 lr 6.368e-06 [train_loss] loss -0.6246 (1.600 secs)
np:np-batch64 step 93000 lr 6.021e-06 [train_loss] loss -0.6398 (2.122 secs)
np:np-batch64 step 93200 lr 5.683e-06 [train_loss] loss -0.6013 (1.919 secs)
np:np-batch64 step 93400 lr 5.355e-06 [train_loss] loss -0.6435 (1.727 secs)
np:np-batch64 step 93600 lr 5.036e-06 [train_loss] loss -0.6520 (1.732 secs)
np:np-batch64 step 93800 lr 4.727e-06 [train_loss] loss -0.6292 (1.575 secs)
np:np-batch64 step 94000 lr 4.428e-06 [train_loss] loss -0.6393 (1.674 secs)
np:np-batch64 step 94200 lr 4.139e-06 [train_loss] loss -0.6285 (1.912 secs)
np:np-batch64 step 94400 lr 3.859e-06 [train_loss] loss -0.6390 (1.628 secs)
np:np-batch64 step 94600 lr 3.589e-06 [train_loss] loss -0.6397 (1.711 secs)
np:np-batch64 step 94800 lr 3.329e-06 [train_loss] loss -0.6362 (1.757 secs)
np:np-batch64 step 95000 lr 3.078e-06 [train_loss] loss -0.6279 (1.730 secs)
np:np-batch64 rbf ctx_ll 0.8594 tar_ll 0.3990 (5.277 secs)

np:np-batch64 step 95200 lr 2.837e-06 [train_loss] loss -0.6179 (1.636 secs)
np:np-batch64 step 95400 lr 2.606e-06 [train_loss] loss -0.6203 (1.657 secs)
np:np-batch64 step 95600 lr 2.385e-06 [train_loss] loss -0.6169 (1.710 secs)
np:np-batch64 step 95800 lr 2.173e-06 [train_loss] loss -0.6275 (1.676 secs)
np:np-batch64 step 96000 lr 1.971e-06 [train_loss] loss -0.6242 (1.591 secs)
np:np-batch64 step 96200 lr 1.779e-06 [train_loss] loss -0.6473 (1.681 secs)
np:np-batch64 step 96400 lr 1.597e-06 [train_loss] loss -0.6202 (1.752 secs)
np:np-batch64 step 96600 lr 1.425e-06 [train_loss] loss -0.6206 (1.712 secs)
np:np-batch64 step 96800 lr 1.262e-06 [train_loss] loss -0.6556 (1.687 secs)
np:np-batch64 step 97000 lr 1.110e-06 [train_loss] loss -0.5931 (1.702 secs)
np:np-batch64 step 97200 lr 9.666e-07 [train_loss] loss -0.6203 (2.148 secs)
np:np-batch64 step 97400 lr 8.335e-07 [train_loss] loss -0.6718 (2.799 secs)
np:np-batch64 step 97600 lr 7.103e-07 [train_loss] loss -0.6059 (2.577 secs)
np:np-batch64 step 97800 lr 5.969e-07 [train_loss] loss -0.6396 (3.111 secs)
np:np-batch64 step 98000 lr 4.933e-07 [train_loss] loss -0.6329 (2.175 secs)
np:np-batch64 step 98200 lr 3.996e-07 [train_loss] loss -0.6312 (2.594 secs)
np:np-batch64 step 98400 lr 3.158e-07 [train_loss] loss -0.6251 (2.230 secs)
np:np-batch64 step 98600 lr 2.418e-07 [train_loss] loss -0.6270 (2.103 secs)
np:np-batch64 step 98800 lr 1.776e-07 [train_loss] loss -0.6148 (1.896 secs)
np:np-batch64 step 99000 lr 1.234e-07 [train_loss] loss -0.6561 (1.851 secs)
np:np-batch64 step 99200 lr 7.895e-08 [train_loss] loss -0.6127 (2.281 secs)
np:np-batch64 step 99400 lr 4.441e-08 [train_loss] loss -0.6374 (1.830 secs)
np:np-batch64 step 99600 lr 1.974e-08 [train_loss] loss -0.5864 (2.250 secs)
np:np-batch64 step 99800 lr 4.935e-09 [train_loss] loss -0.6135 (2.557 secs)
np:np-batch64 step 100000 lr 0.000e+00 [train_loss] loss -0.6492 (1.789 secs)
np:np-batch64 rbf ctx_ll 0.8616 tar_ll 0.3996 (5.166 secs)

